Running training with line graph partitions
Simulated graph file doesn't exist, generating file...
Generating graphs...
Graphs generated
Generating line graphs...
1/1000 done, time: 9.05929183959961, etr: 9068.351131439209
2/1000 done, time: 9.100452423095703, etr: 9100.452423095703
3/1000 done, time: 9.406347036361694, etr: 9396.940689325333
4/1000 done, time: 9.44168496131897, etr: 9422.801591396332
5/1000 done, time: 9.332298278808594, etr: 9304.301383972168
6/1000 done, time: 9.458764553070068, etr: 9420.929494857788
7/1000 done, time: 9.280997276306152, etr: 9234.592289924622
8/1000 done, time: 9.468157291412354, etr: 9411.34834766388
9/1000 done, time: 9.53480577468872, etr: 9468.0621342659
10/1000 done, time: 9.521696090698242, etr: 9445.522521972656
11/1000 done, time: 9.238744974136353, etr: 9155.596269369125
12/1000 done, time: 9.28721284866333, etr: 9194.340720176697
13/1000 done, time: 9.464798927307129, etr: 9360.68613910675
14/1000 done, time: 9.332868576049805, etr: 9220.874153137207
15/1000 done, time: 9.396914005279541, etr: 9274.754123210907
16/1000 done, time: 9.556020259857178, etr: 9422.235976219177
17/1000 done, time: 9.618936777114868, etr: 9474.652725458145
18/1000 done, time: 9.46622085571289, etr: 9314.761322021484
19/1000 done, time: 9.448142051696777, etr: 9287.523636817932
20/1000 done, time: 9.545361280441284, etr: 9373.544777393341
21/1000 done, time: 9.633001565933228, etr: 9449.974536180496
22/1000 done, time: 9.555689811706543, etr: 9364.576015472412
23/1000 done, time: 9.549874782562256, etr: 9349.327412128448
24/1000 done, time: 9.645097732543945, etr: 9432.905582427979
25/1000 done, time: 9.449487209320068, etr: 9232.149003505707
26/1000 done, time: 9.548540115356445, etr: 9319.37515258789
27/1000 done, time: 9.797881126403809, etr: 9552.934098243713
28/1000 done, time: 9.494549751281738, etr: 9247.691457748413
29/1000 done, time: 9.65536904335022, etr: 9394.674079179764
30/1000 done, time: 9.622899532318115, etr: 9353.458345413208
31/1000 done, time: 9.617300987243652, etr: 9338.399258613586
32/1000 done, time: 9.598805904388428, etr: 9310.841727256775
33/1000 done, time: 9.858927965164185, etr: 9553.301198244095
34/1000 done, time: 9.629500150680542, etr: 9321.356145858765
35/1000 done, time: 9.541348218917847, etr: 9226.483727693558
36/1000 done, time: 9.74388861656189, etr: 9412.596403598785
37/1000 done, time: 9.859870433807373, etr: 9514.774968624115
38/1000 done, time: 9.665855169296265, etr: 9317.8843832016
39/1000 done, time: 9.580819368362427, etr: 9226.329051733017
40/1000 done, time: 9.528656959533691, etr: 9166.567995071411
41/1000 done, time: 9.542815208435059, etr: 9170.645415306091
42/1000 done, time: 9.513268947601318, etr: 9132.738189697266
43/1000 done, time: 9.658894300460815, etr: 9262.879634141922
44/1000 done, time: 9.585789203643799, etr: 9183.18605709076
45/1000 done, time: 9.70687747001648, etr: 9289.48173880577
46/1000 done, time: 9.840512037277222, etr: 9407.529507637024
47/1000 done, time: 9.889360666275024, etr: 9444.339436292648
48/1000 done, time: 9.715846061706543, etr: 9268.917142868042
49/1000 done, time: 10.13837194442749, etr: 9661.868463039398
50/1000 done, time: 9.720192432403564, etr: 9253.623195648193
51/1000 done, time: 9.5917649269104, etr: 9121.76844549179
52/1000 done, time: 9.538836002349854, etr: 9061.89420223236
53/1000 done, time: 9.669931411743164, etr: 9176.764909744263
54/1000 done, time: 9.690210580825806, etr: 9186.319630622864
55/1000 done, time: 9.701234817504883, etr: 9187.069372177124
56/1000 done, time: 9.646644830703735, etr: 9125.726009845734
57/1000 done, time: 9.613012552261353, etr: 9084.296861886978
58/1000 done, time: 9.714232921600342, etr: 9170.235877990723
59/1000 done, time: 9.668383359909058, etr: 9117.285508394241
60/1000 done, time: 9.654793977737427, etr: 9094.815927028656
61/1000 done, time: 9.65597653388977, etr: 9086.273918390274
62/1000 done, time: 9.68404746055603, etr: 9103.004612922668
63/1000 done, time: 9.71028757095337, etr: 9117.960029125214
64/1000 done, time: 9.84038519859314, etr: 9230.281316280365
65/1000 done, time: 9.779723882675171, etr: 9163.601278066635
66/1000 done, time: 9.783135890960693, etr: 9157.015193939209
67/1000 done, time: 9.802367925643921, etr: 9165.214010477066
68/1000 done, time: 9.63197922706604, etr: 8996.268598079681
69/1000 done, time: 9.840233325958252, etr: 9180.937693119049
70/1000 done, time: 9.762500762939453, etr: 9098.65071105957
71/1000 done, time: 9.684412240982056, etr: 9016.187796354294
72/1000 done, time: 9.574818134307861, etr: 8904.580864906311
73/1000 done, time: 9.755371570587158, etr: 9062.74018907547
74/1000 done, time: 9.65154504776001, etr: 8956.633804321289
75/1000 done, time: 9.55643916130066, etr: 8858.819102525711
76/1000 done, time: 9.822441816329956, etr: 9095.58112192154
77/1000 done, time: 9.679379224777222, etr: 8953.42578291893
78/1000 done, time: 9.748446702957153, etr: 9007.56475353241
79/1000 done, time: 9.69047999382019, etr: 8944.313034296036
80/1000 done, time: 9.684603929519653, etr: 8929.20482301712
81/1000 done, time: 9.648551940917969, etr: 8886.31633758545
82/1000 done, time: 9.795239686965942, etr: 9011.620512008667
83/1000 done, time: 9.811527967453003, etr: 9016.79420208931
84/1000 done, time: 9.792717218399048, etr: 8989.714406490326
85/1000 done, time: 9.776809453964233, etr: 8965.334269285202
86/1000 done, time: 9.750519514083862, etr: 8931.475874900818
87/1000 done, time: 9.945328950881958, etr: 9099.975990056992
88/1000 done, time: 9.677202939987183, etr: 8844.963487148285
89/1000 done, time: 9.761544704437256, etr: 8912.290315151215
90/1000 done, time: 9.84012222290039, etr: 8974.191467285156
91/1000 done, time: 9.694716215133667, etr: 8831.88647198677
92/1000 done, time: 9.627450942993164, etr: 8760.98035812378
93/1000 done, time: 9.680567502975464, etr: 8799.635860204697
94/1000 done, time: 9.678917169570923, etr: 8788.456789970398
95/1000 done, time: 9.812648296356201, etr: 8900.072004795074
96/1000 done, time: 9.615338563919067, etr: 8711.496738910675
97/1000 done, time: 9.73039698600769, etr: 8806.00927233696
98/1000 done, time: 9.678566932678223, etr: 8749.424507141113
99/1000 done, time: 9.63871431350708, etr: 8703.759025096893
100/1000 done, time: 9.770009517669678, etr: 8812.54858493805
101/1000 done, time: 9.629282236099243, etr: 8675.983294725418
102/1000 done, time: 9.827271938323975, etr: 8844.544744491577
103/1000 done, time: 9.755810499191284, etr: 8770.473638772964
104/1000 done, time: 9.617004156112671, etr: 8636.069732189178
105/1000 done, time: 9.671210050582886, etr: 8675.075415372849
106/1000 done, time: 9.859120607376099, etr: 8833.772064208984
107/1000 done, time: 9.840606689453125, etr: 8807.342987060547
108/1000 done, time: 9.714949131011963, etr: 8685.164523124695
109/1000 done, time: 9.72721815109253, etr: 8686.405808925629
110/1000 done, time: 9.707101106643677, etr: 8658.73418712616
111/1000 done, time: 9.65921688079834, etr: 8606.36224079132
112/1000 done, time: 9.643630266189575, etr: 8582.830936908722
113/1000 done, time: 9.618977785110474, etr: 8551.271250963211
114/1000 done, time: 9.651243209838867, etr: 8570.303970336914
115/1000 done, time: 9.674805879592896, etr: 8581.552815198898
116/1000 done, time: 9.7002112865448, etr: 8594.387199878693
117/1000 done, time: 9.774382591247559, etr: 8650.32859325409
118/1000 done, time: 9.716355800628662, etr: 8589.258527755737
119/1000 done, time: 9.65051555633545, etr: 8521.405236244202
120/1000 done, time: 9.670681476593018, etr: 8529.541062355042
121/1000 done, time: 9.752875328063965, etr: 8592.283164024353
122/1000 done, time: 9.575551509857178, etr: 8426.485328674316
123/1000 done, time: 9.584993124008179, etr: 8425.208956003189
124/1000 done, time: 9.776897192001343, etr: 8584.115734577179
125/1000 done, time: 9.652195453643799, etr: 8464.975412845612
126/1000 done, time: 9.695667266845703, etr: 8493.404525756836
127/1000 done, time: 9.877641201019287, etr: 8642.936050891876
128/1000 done, time: 9.713220834732056, etr: 8489.355009555817
129/1000 done, time: 9.75039005279541, etr: 8512.090516090393
130/1000 done, time: 9.753738641738892, etr: 8505.260095596313
131/1000 done, time: 9.742204427719116, etr: 8485.46005654335
132/1000 done, time: 9.696221351623535, etr: 8435.712575912476
133/1000 done, time: 9.795400619506836, etr: 8512.20313835144
134/1000 done, time: 9.54192066192627, etr: 8282.387134552002
135/1000 done, time: 9.521999597549438, etr: 8255.573651075363
136/1000 done, time: 9.756056785583496, etr: 8448.745176315308
137/1000 done, time: 9.717573165893555, etr: 8405.700788497925
138/1000 done, time: 9.621598958969116, etr: 8313.061500549316
139/1000 done, time: 9.705963850021362, etr: 8376.246802568436
140/1000 done, time: 9.626224994659424, etr: 8297.805945396423
141/1000 done, time: 9.640331506729126, etr: 8300.325427293777
142/1000 done, time: 9.75252890586853, etr: 8387.174859046936
143/1000 done, time: 9.598312139511108, etr: 8244.950127840042
144/1000 done, time: 9.708959102630615, etr: 8330.286910057068
145/1000 done, time: 9.658241748809814, etr: 8277.113178730011
146/1000 done, time: 9.691169738769531, etr: 8295.641296386719
147/1000 done, time: 9.581627130508423, etr: 8192.291196584702
148/1000 done, time: 9.613454818725586, etr: 8209.89041519165
149/1000 done, time: 9.57265853881836, etr: 8165.477733612061
150/1000 done, time: 9.748142719268799, etr: 8305.417596817017
151/1000 done, time: 9.686067342758179, etr: 8242.84330868721
152/1000 done, time: 9.699675559997559, etr: 8244.724225997925
153/1000 done, time: 9.67612910270691, etr: 8215.033608198166
154/1000 done, time: 9.65667986869812, etr: 8188.864528656006
155/1000 done, time: 9.691733598709106, etr: 8208.898358106613
156/1000 done, time: 9.647994756698608, etr: 8162.203564167023
157/1000 done, time: 9.73161005973816, etr: 8223.210500478745
158/1000 done, time: 9.613401889801025, etr: 8113.711194992065
159/1000 done, time: 9.64019227027893, etr: 8126.682083845139
160/1000 done, time: 9.691344261169434, etr: 8160.111867904663
161/1000 done, time: 9.559678077697754, etr: 8039.689263343811
162/1000 done, time: 9.66410779953003, etr: 8117.850551605225
163/1000 done, time: 9.748615026473999, etr: 8179.088007211685
164/1000 done, time: 9.701247930526733, etr: 8129.645765781403
165/1000 done, time: 9.58636212348938, etr: 8023.785097360611
166/1000 done, time: 9.651039600372314, etr: 8068.269105911255
167/1000 done, time: 9.739064693450928, etr: 8132.119019031525
168/1000 done, time: 9.654675960540771, etr: 8051.999751091003
169/1000 done, time: 9.94211220741272, etr: 8281.779468774796
170/1000 done, time: 9.822606086730957, etr: 8172.408264160156
171/1000 done, time: 9.733871221542358, etr: 8088.8469851017
172/1000 done, time: 9.610833406448364, etr: 7976.991727352142
173/1000 done, time: 9.515416622161865, etr: 7888.280379772186
174/1000 done, time: 9.60003137588501, etr: 7948.825979232788
175/1000 done, time: 9.704230308532715, etr: 8025.398465156555
176/1000 done, time: 9.568897247314453, etr: 7903.909126281738
177/1000 done, time: 9.630699396133423, etr: 7945.327001810074
178/1000 done, time: 9.802117347717285, etr: 8076.944694519043
179/1000 done, time: 10.360467433929443, etr: 8526.664698123932
180/1000 done, time: 9.9771888256073, etr: 8201.2492146492
181/1000 done, time: 9.703123569488525, etr: 7966.264450550079
182/1000 done, time: 9.647201299667358, etr: 7910.705065727234
183/1000 done, time: 9.711845397949219, etr: 7954.00138092041
184/1000 done, time: 9.65420389175415, etr: 7897.138783454895
185/1000 done, time: 9.581106901168823, etr: 7827.764338254929
186/1000 done, time: 9.650216102600098, etr: 7874.57633972168
187/1000 done, time: 9.929216861724854, etr: 8092.311742305756
188/1000 done, time: 9.777420997619629, etr: 7958.820692062378
189/1000 done, time: 9.787439346313477, etr: 7957.188188552856
190/1000 done, time: 9.746572732925415, etr: 7914.217059135437
191/1000 done, time: 9.64737844467163, etr: 7824.023918628693
192/1000 done, time: 9.59171724319458, etr: 7769.29096698761
193/1000 done, time: 9.6808443069458, etr: 7831.803044319153
194/1000 done, time: 9.814852476119995, etr: 7930.400800704956
195/1000 done, time: 9.636302471160889, etr: 7776.496094226837
196/1000 done, time: 9.55367398262024, etr: 7700.261229991913
197/1000 done, time: 9.625091314315796, etr: 7748.198508024216
198/1000 done, time: 9.629369497299194, etr: 7742.013075828552
199/1000 done, time: 9.695975303649902, etr: 7785.868168830872
200/1000 done, time: 9.631986379623413, etr: 7724.853076457977
201/1000 done, time: 9.723770141601562, etr: 7788.739883422852
202/1000 done, time: 9.535009384155273, etr: 7628.007507324219
203/1000 done, time: 9.581006288528442, etr: 7655.2240245342255
204/1000 done, time: 9.656991720199585, etr: 7706.279392719269
205/1000 done, time: 9.684237718582153, etr: 7718.337461709976
206/1000 done, time: 9.662630081176758, etr: 7691.453544616699
207/1000 done, time: 9.724457502365112, etr: 7730.943714380264
208/1000 done, time: 9.654322862625122, etr: 7665.532352924347
209/1000 done, time: 9.580614805221558, etr: 7597.427540540695
210/1000 done, time: 9.487497329711914, etr: 7514.097885131836
211/1000 done, time: 9.695706844329834, etr: 7669.304113864899
212/1000 done, time: 9.533570289611816, etr: 7531.520528793335
213/1000 done, time: 9.612446069717407, etr: 7584.219949007034
214/1000 done, time: 9.561662912368774, etr: 7534.590374946594
215/1000 done, time: 9.621562480926514, etr: 7572.169672489166
216/1000 done, time: 9.5947904586792, etr: 7541.505300521851
217/1000 done, time: 9.731208086013794, etr: 7638.998347520828
218/1000 done, time: 9.710232973098755, etr: 7612.822650909424
219/1000 done, time: 9.633450508117676, etr: 7542.99174785614
220/1000 done, time: 9.8593111038208, etr: 7709.981283187866
221/1000 done, time: 9.672451496124268, etr: 7554.184618473053
222/1000 done, time: 9.596790313720703, etr: 7485.496444702148
223/1000 done, time: 9.582950353622437, etr: 7465.118325471878
224/1000 done, time: 9.746094703674316, etr: 7582.461679458618
225/1000 done, time: 9.648452520370483, etr: 7496.847608327866
226/1000 done, time: 9.68367600440979, etr: 7514.532579421997
227/1000 done, time: 9.887673377990723, etr: 7662.94686794281
228/1000 done, time: 9.903878927230835, etr: 7665.602289676666
229/1000 done, time: 9.718180894851685, etr: 7512.153831720352
230/1000 done, time: 9.793533563613892, etr: 7560.607911109924
231/1000 done, time: 9.634326696395874, etr: 7428.065882921219
232/1000 done, time: 9.792314052581787, etr: 7540.081820487976
233/1000 done, time: 9.771622896194458, etr: 7514.378007173538
234/1000 done, time: 9.623483896255493, etr: 7390.835632324219
235/1000 done, time: 9.672590017318726, etr: 7418.8765432834625
236/1000 done, time: 9.765894889831543, etr: 7480.675485610962
237/1000 done, time: 9.801963090896606, etr: 7498.501764535904
238/1000 done, time: 9.607944011688232, etr: 7340.46922492981
239/1000 done, time: 9.62312626838684, etr: 7342.44534277916
240/1000 done, time: 9.684216260910034, etr: 7379.372790813446
241/1000 done, time: 9.6425461769104, etr: 7337.977640628815
242/1000 done, time: 9.736313104629517, etr: 7399.597959518433
243/1000 done, time: 9.70591115951538, etr: 7366.786570072174
244/1000 done, time: 9.705291271209717, etr: 7356.610783576965
245/1000 done, time: 9.749110698699951, etr: 7380.076798915863
246/1000 done, time: 9.701822757720947, etr: 7334.578004837036
247/1000 done, time: 9.640078783035278, etr: 7278.259481191635
248/1000 done, time: 9.747838497161865, etr: 7349.870226860046
249/1000 done, time: 9.537238121032715, etr: 7181.540305137634
250/1000 done, time: 9.63819932937622, etr: 7247.925895690918
251/1000 done, time: 9.778251886367798, etr: 7343.467166662216
252/1000 done, time: 9.6364164352417, etr: 7227.312326431274
253/1000 done, time: 9.570090532302856, etr: 7167.9978086948395
254/1000 done, time: 9.67380952835083, etr: 7236.009527206421
255/1000 done, time: 9.625776052474976, etr: 7190.454711198807
256/1000 done, time: 9.637125253677368, etr: 7189.295439243317
257/1000 done, time: 9.675374269485474, etr: 7208.153830766678
258/1000 done, time: 9.757824182510376, etr: 7259.82119178772
259/1000 done, time: 9.641580820083618, etr: 7163.694549322128
260/1000 done, time: 9.770631074905396, etr: 7249.8082575798035
261/1000 done, time: 9.8052339553833, etr: 7265.678360939026
262/1000 done, time: 9.616996765136719, etr: 7116.577606201172
263/1000 done, time: 9.699460744857788, etr: 7167.901490449905
264/1000 done, time: 9.644516468048096, etr: 7117.653153419495
265/1000 done, time: 9.60734510421753, etr: 7080.613341808319
266/1000 done, time: 9.700108766555786, etr: 7139.280052185059
267/1000 done, time: 9.644320726394653, etr: 7088.57573390007
268/1000 done, time: 9.602896928787231, etr: 7048.526345729828
269/1000 done, time: 9.724065780639648, etr: 7127.740217208862
270/1000 done, time: 9.670530796051025, etr: 7078.828542709351
271/1000 done, time: 9.663663148880005, etr: 7064.137761831284
272/1000 done, time: 9.715044498443604, etr: 7091.982483863831
273/1000 done, time: 9.720787048339844, etr: 7086.453758239746
274/1000 done, time: 9.756866693496704, etr: 7102.998952865601
275/1000 done, time: 9.77287220954895, etr: 7104.878096342087
276/1000 done, time: 9.747590065002441, etr: 7076.7503871917725
277/1000 done, time: 9.586756229400635, etr: 6950.39826631546
278/1000 done, time: 9.77890419960022, etr: 7079.926640510559
279/1000 done, time: 9.707025289535522, etr: 7018.179284334183
280/1000 done, time: 9.759917259216309, etr: 7046.660261154175
281/1000 done, time: 9.650629997253418, etr: 6958.104228019714
282/1000 done, time: 9.673496007919312, etr: 6964.917125701904
283/1000 done, time: 9.719054698944092, etr: 6988.000328540802
284/1000 done, time: 9.720204591751099, etr: 6979.106896877289
285/1000 done, time: 9.647958040237427, etr: 6917.585914850235
286/1000 done, time: 9.766473531723022, etr: 6992.795048713684
287/1000 done, time: 9.78397250175476, etr: 6995.540338754654
288/1000 done, time: 9.721105098724365, etr: 6940.869040489197
289/1000 done, time: 9.629502534866333, etr: 6865.835307359695
290/1000 done, time: 9.594270467758179, etr: 6831.120573043823
291/1000 done, time: 9.584453105926514, etr: 6814.546158313751
292/1000 done, time: 9.594801664352417, etr: 6812.309181690216
293/1000 done, time: 9.711583614349365, etr: 6885.5127825737
294/1000 done, time: 9.695439338684082, etr: 6864.37105178833
295/1000 done, time: 9.600536584854126, etr: 6787.579365491867
296/1000 done, time: 9.779305696487427, etr: 6904.189821720123
297/1000 done, time: 9.640252828598022, etr: 6796.378244161606
298/1000 done, time: 9.680492877960205, etr: 6815.066986083984
299/1000 done, time: 9.582085847854614, etr: 6736.206351041794
300/1000 done, time: 9.571783542633057, etr: 6719.392046928406
301/1000 done, time: 9.824692249298096, etr: 6887.109266757965
302/1000 done, time: 9.862615823745728, etr: 6903.831076622009
303/1000 done, time: 9.650703191757202, etr: 6745.841531038284
304/1000 done, time: 9.721095561981201, etr: 6785.324702262878
305/1000 done, time: 9.584920883178711, etr: 6680.6898555755615
306/1000 done, time: 9.84114408493042, etr: 6849.436283111572
307/1000 done, time: 9.79066777229309, etr: 6804.514101743698
308/1000 done, time: 9.586950063705444, etr: 6653.343344211578
309/1000 done, time: 9.682801485061646, etr: 6710.18142914772
310/1000 done, time: 9.596873760223389, etr: 6641.036642074585
311/1000 done, time: 9.652729034423828, etr: 6670.035762786865
312/1000 done, time: 9.656776189804077, etr: 6663.175570964813
313/1000 done, time: 9.684309720993042, etr: 6672.489397764206
314/1000 done, time: 9.626404762268066, etr: 6622.96647644043
315/1000 done, time: 9.613318681716919, etr: 6604.349934339523
316/1000 done, time: 9.702814102172852, etr: 6656.130474090576
317/1000 done, time: 9.613648414611816, etr: 6585.349164009094
318/1000 done, time: 9.752946853637695, etr: 6671.015647888184
319/1000 done, time: 9.612577438354492, etr: 6565.390390396118
320/1000 done, time: 9.852538585662842, etr: 6719.431315422058
321/1000 done, time: 9.627176761627197, etr: 6556.107374668121
322/1000 done, time: 9.60604214668274, etr: 6532.108659744263
323/1000 done, time: 9.553021430969238, etr: 6486.501551628113
324/1000 done, time: 9.574389219284058, etr: 6491.435890674591
325/1000 done, time: 9.706583976745605, etr: 6571.357352256775
326/1000 done, time: 9.757808208465576, etr: 6596.2783489227295
327/1000 done, time: 9.70638394355774, etr: 6551.809161901474
328/1000 done, time: 9.565292119979858, etr: 6447.006888866425
329/1000 done, time: 9.640013694763184, etr: 6487.729216575623
330/1000 done, time: 9.686406373977661, etr: 6509.265083312988
331/1000 done, time: 9.71118974685669, etr: 6516.208320140839
332/1000 done, time: 9.664401769638062, etr: 6475.149185657501
333/1000 done, time: 9.835449695587158, etr: 6579.915846347809
334/1000 done, time: 9.686427593231201, etr: 6470.533632278442
335/1000 done, time: 9.732906341552734, etr: 6491.848529815674
336/1000 done, time: 9.724444389343262, etr: 6476.479963302612
337/1000 done, time: 9.95025110244751, etr: 6616.916983127594
338/1000 done, time: 9.710091352462769, etr: 6447.500658035278
339/1000 done, time: 9.709368228912354, etr: 6437.31113576889
340/1000 done, time: 9.75071096420288, etr: 6454.970658302307
341/1000 done, time: 9.811471700668335, etr: 6485.382794141769
342/1000 done, time: 9.858999967575073, etr: 6506.939978599548
343/1000 done, time: 9.73919415473938, etr: 6418.128947973251
344/1000 done, time: 9.67414903640747, etr: 6365.590065956116
345/1000 done, time: 9.744927406311035, etr: 6402.41730594635
346/1000 done, time: 9.692127704620361, etr: 6358.035774230957
347/1000 done, time: 9.572517156600952, etr: 6269.998737573624
348/1000 done, time: 9.670392751693726, etr: 6324.4368596076965
349/1000 done, time: 9.675573825836182, etr: 6318.149708271027
350/1000 done, time: 9.813694477081299, etr: 6398.528799057007
351/1000 done, time: 9.567384719848633, etr: 6228.36745262146
352/1000 done, time: 9.718652963638306, etr: 6317.124426364899
353/1000 done, time: 9.548459529876709, etr: 6196.950234889984
354/1000 done, time: 9.769960641860962, etr: 6330.934495925903
355/1000 done, time: 9.870235204696655, etr: 6386.042177438736
356/1000 done, time: 9.797080278396606, etr: 6328.913859844208
357/1000 done, time: 9.921799421310425, etr: 6399.560626745224
358/1000 done, time: 9.723972082138062, etr: 6262.238020896912
359/1000 done, time: 9.670048713684082, etr: 6217.841322898865
360/1000 done, time: 9.940065383911133, etr: 6381.521976470947
361/1000 done, time: 9.615606784820557, etr: 6163.603949069977
362/1000 done, time: 9.689095258712769, etr: 6201.020965576172
363/1000 done, time: 9.572477340698242, etr: 6116.813020706177
364/1000 done, time: 9.63706350326538, etr: 6148.446515083313
365/1000 done, time: 9.602990865707397, etr: 6117.105181455612
366/1000 done, time: 9.684207201004028, etr: 6159.155779838562
367/1000 done, time: 9.870424509048462, etr: 6267.719563245773
368/1000 done, time: 9.628475427627563, etr: 6104.453421115875
369/1000 done, time: 9.770499467849731, etr: 6184.72616314888
370/1000 done, time: 9.92140007019043, etr: 6270.324844360352
371/1000 done, time: 9.776372194290161, etr: 6168.890854597092
372/1000 done, time: 9.729407787322998, etr: 6129.526906013489
373/1000 done, time: 9.666377782821655, etr: 6080.151625394821
374/1000 done, time: 9.667317628860474, etr: 6071.075470924377
375/1000 done, time: 9.696593999862671, etr: 6079.764437913895
376/1000 done, time: 9.599143981933594, etr: 6009.06413269043
377/1000 done, time: 9.67984127998352, etr: 6049.9007999897
378/1000 done, time: 9.724719047546387, etr: 6068.224685668945
379/1000 done, time: 9.799224615097046, etr: 6104.91693520546
380/1000 done, time: 9.770796298980713, etr: 6077.435297966003
381/1000 done, time: 9.712388277053833, etr: 6031.39312005043
382/1000 done, time: 9.757104635238647, etr: 6049.404873847961
383/1000 done, time: 9.703715562820435, etr: 6006.599933385849
384/1000 done, time: 9.691553592681885, etr: 5989.380120277405
385/1000 done, time: 9.673847675323486, etr: 5968.764015674591
386/1000 done, time: 9.815664768218994, etr: 6046.4494972229
387/1000 done, time: 9.890424966812134, etr: 6082.611354589462
388/1000 done, time: 9.654664039611816, etr: 5927.963720321655
389/1000 done, time: 9.558127641677856, etr: 5859.132244348526
390/1000 done, time: 9.597851276397705, etr: 5873.8849811553955
391/1000 done, time: 9.581658363342285, etr: 5854.393260002136
392/1000 done, time: 9.716855764389038, etr: 5927.282016277313
393/1000 done, time: 9.865329265594482, etr: 6007.98552274704
394/1000 done, time: 9.668835401535034, etr: 5878.651924133301
395/1000 done, time: 9.657464981079102, etr: 5862.081243515015
396/1000 done, time: 9.538724899291992, etr: 5780.467288970947
397/1000 done, time: 9.585166931152344, etr: 5799.025993347168
398/1000 done, time: 9.68194580078125, etr: 5847.895263671875
399/1000 done, time: 9.764041423797607, etr: 5887.716978549957
400/1000 done, time: 9.6200532913208, etr: 5791.272081375122
401/1000 done, time: 9.6535964012146, etr: 5801.811437129974
402/1000 done, time: 9.593628168106079, etr: 5756.1769008636475
403/1000 done, time: 9.611637353897095, etr: 5757.37077498436
404/1000 done, time: 9.549800157546997, etr: 5710.780494213104
405/1000 done, time: 9.578257083892822, etr: 5718.219479084015
406/1000 done, time: 9.625974655151367, etr: 5737.080894470215
407/1000 done, time: 9.665087461471558, etr: 5750.727039575577
408/1000 done, time: 9.62038516998291, etr: 5714.508790969849
409/1000 done, time: 9.67543911933899, etr: 5737.535397768021
410/1000 done, time: 9.621050357818604, etr: 5695.661811828613
411/1000 done, time: 9.676496505737305, etr: 5718.809434890747
412/1000 done, time: 9.574835300445557, etr: 5649.152827262878
413/1000 done, time: 9.686282396316528, etr: 5705.220331430435
414/1000 done, time: 9.69952940940857, etr: 5703.323292732239
415/1000 done, time: 9.96480917930603, etr: 5849.34298825264
416/1000 done, time: 9.713497400283813, etr: 5692.109476566315
417/1000 done, time: 9.719498872756958, etr: 5685.90684056282
418/1000 done, time: 9.83997631072998, etr: 5746.546165466309
419/1000 done, time: 9.777104377746582, etr: 5700.051852226257
420/1000 done, time: 9.67779541015625, etr: 5632.4769287109375
421/1000 done, time: 9.652122497558594, etr: 5607.883171081543
422/1000 done, time: 9.639543771743774, etr: 5590.935387611389
423/1000 done, time: 9.752815961837769, etr: 5646.880441904068
424/1000 done, time: 9.721017122268677, etr: 5618.747896671295
425/1000 done, time: 9.679671049118042, etr: 5585.17019534111
426/1000 done, time: 9.690691947937012, etr: 5581.838562011719
427/1000 done, time: 9.703295469284058, etr: 5579.394894838333
428/1000 done, time: 9.736060619354248, etr: 5588.498795509338
429/1000 done, time: 9.65609622001648, etr: 5532.943134069443
430/1000 done, time: 9.871111392974854, etr: 5646.275716781616
431/1000 done, time: 9.798537254333496, etr: 5594.964772224426
432/1000 done, time: 9.702560424804688, etr: 5530.459442138672
433/1000 done, time: 9.82221794128418, etr: 5588.842008590698
434/1000 done, time: 9.662758350372314, etr: 5488.446743011475
435/1000 done, time: 9.813177585601807, etr: 5564.071691036224
436/1000 done, time: 9.814162254333496, etr: 5554.815835952759
437/1000 done, time: 9.946375370025635, etr: 5619.702084064484
438/1000 done, time: 9.714768648147583, etr: 5479.129517555237
439/1000 done, time: 9.893506288528442, etr: 5570.044040441513
440/1000 done, time: 9.742947340011597, etr: 5475.536405086517
441/1000 done, time: 9.852046966552734, etr: 5526.998348236084
442/1000 done, time: 9.651901721954346, etr: 5405.064964294434
443/1000 done, time: 9.74990701675415, etr: 5450.19802236557
444/1000 done, time: 9.686513423919678, etr: 5405.07449054718
445/1000 done, time: 9.75394606590271, etr: 5432.947958707809
446/1000 done, time: 9.69136118888855, etr: 5388.396821022034
447/1000 done, time: 9.632494926452637, etr: 5346.034684181213
448/1000 done, time: 9.759774684906006, etr: 5406.915175437927
449/1000 done, time: 9.805474996566772, etr: 5422.427673101425
450/1000 done, time: 9.698354959487915, etr: 5353.491937637329
451/1000 done, time: 9.78908085823059, etr: 5393.7835528850555
452/1000 done, time: 9.614498615264893, etr: 5287.974238395691
453/1000 done, time: 9.621987342834473, etr: 5282.4710512161255
454/1000 done, time: 9.70971155166626, etr: 5320.92193031311
455/1000 done, time: 9.742358207702637, etr: 5329.069939613342
456/1000 done, time: 9.817710638046265, etr: 5360.4700083732605
457/1000 done, time: 9.810957908630371, etr: 5346.972060203552
458/1000 done, time: 9.839641332626343, etr: 5352.7648849487305
459/1000 done, time: 9.747225522994995, etr: 5292.743458986282
460/1000 done, time: 9.615413427352905, etr: 5211.554077625275
461/1000 done, time: 9.802131175994873, etr: 5302.952966213226
462/1000 done, time: 9.551153421401978, etr: 5157.622847557068
463/1000 done, time: 9.633426427841187, etr: 5192.4168446063995
464/1000 done, time: 9.618091344833374, etr: 5174.533143520355
465/1000 done, time: 9.665808200836182, etr: 5190.5390038490295
466/1000 done, time: 9.69714641571045, etr: 5197.670478820801
467/1000 done, time: 9.666741609573364, etr: 5171.70676112175
468/1000 done, time: 9.7397301197052, etr: 5201.015883922577
469/1000 done, time: 9.67883849143982, etr: 5158.820915937424
470/1000 done, time: 9.682166814804077, etr: 5150.912745475769
471/1000 done, time: 9.726041555404663, etr: 5164.528065919876
472/1000 done, time: 9.747874975204468, etr: 5166.373736858368
473/1000 done, time: 9.719784021377563, etr: 5141.765747308731
474/1000 done, time: 9.723626613616943, etr: 5134.074851989746
475/1000 done, time: 9.749340534210205, etr: 5137.902461528778
476/1000 done, time: 9.715003252029419, etr: 5110.091710567474
477/1000 done, time: 9.779139757156372, etr: 5134.048372507095
478/1000 done, time: 9.933234930038452, etr: 5205.015103340149
479/1000 done, time: 9.896218538284302, etr: 5175.72229552269
480/1000 done, time: 9.835716724395752, etr: 5134.2441301345825
481/1000 done, time: 9.649065017700195, etr: 5027.162874221802
482/1000 done, time: 9.612100601196289, etr: 4998.29231262207
483/1000 done, time: 9.62434720993042, etr: 4995.036201953888
484/1000 done, time: 9.550443649291992, etr: 4947.129810333252
485/1000 done, time: 9.575339078903198, etr: 4950.4503037929535
486/1000 done, time: 9.702606916427612, etr: 5006.545168876648
487/1000 done, time: 9.705249071121216, etr: 4998.203271627426
488/1000 done, time: 9.58565092086792, etr: 4927.024573326111
489/1000 done, time: 9.667260646820068, etr: 4959.304711818695
490/1000 done, time: 9.77725076675415, etr: 5005.952392578125
491/1000 done, time: 9.736675262451172, etr: 4975.441059112549
492/1000 done, time: 9.747066259384155, etr: 4971.003792285919
493/1000 done, time: 9.710306882858276, etr: 4942.546203374863
494/1000 done, time: 9.660008430480957, etr: 4907.284282684326
495/1000 done, time: 9.655565023422241, etr: 4895.371466875076
496/1000 done, time: 9.567749738693237, etr: 4841.281367778778
497/1000 done, time: 9.68192434310913, etr: 4889.371793270111
498/1000 done, time: 9.715654850006104, etr: 4896.690044403076
499/1000 done, time: 9.62719202041626, etr: 4842.477586269379
500/1000 done, time: 9.577431440353394, etr: 4807.870583057404
501/1000 done, time: 9.693790435791016, etr: 4856.589008331299
502/1000 done, time: 9.641624450683594, etr: 4820.812225341797
503/1000 done, time: 9.700206756591797, etr: 4840.403171539307
504/1000 done, time: 9.523091316223145, etr: 4742.499475479126
505/1000 done, time: 9.693203926086426, etr: 4817.522351264954
506/1000 done, time: 9.639425277709961, etr: 4781.154937744141
507/1000 done, time: 9.609370708465576, etr: 4756.63850069046
508/1000 done, time: 9.676155805587769, etr: 4780.020967960358
509/1000 done, time: 9.593413352966309, etr: 4729.55278301239
510/1000 done, time: 9.717679262161255, etr: 4781.098196983337
511/1000 done, time: 9.722092390060425, etr: 4773.547363519669
512/1000 done, time: 9.861245393753052, etr: 4832.010242938995
513/1000 done, time: 9.731552600860596, etr: 4758.729221820831
514/1000 done, time: 9.641975164413452, etr: 4705.283880233765
515/1000 done, time: 9.679772853851318, etr: 4714.049379825592
516/1000 done, time: 9.810557842254639, etr: 4767.931111335754
517/1000 done, time: 9.91594648361206, etr: 4809.234044551849
518/1000 done, time: 9.872856378555298, etr: 4778.462487220764
519/1000 done, time: 9.667168855667114, etr: 4669.242557287216
520/1000 done, time: 9.654942750930786, etr: 4653.682405948639
521/1000 done, time: 9.708635330200195, etr: 4669.853593826294
522/1000 done, time: 9.617032289505005, etr: 4616.175498962402
523/1000 done, time: 9.788279294967651, etr: 4688.585782289505
524/1000 done, time: 9.786070346832275, etr: 4677.741625785828
525/1000 done, time: 9.65982985496521, etr: 4607.738840818405
526/1000 done, time: 9.603769063949585, etr: 4571.394074440002
527/1000 done, time: 9.726475477218628, etr: 4620.075851678848
528/1000 done, time: 9.640402793884277, etr: 4569.5509243011475
529/1000 done, time: 9.785847902297974, etr: 4628.7060577869415
530/1000 done, time: 9.770982027053833, etr: 4611.903516769409
531/1000 done, time: 9.635775566101074, etr: 4538.450291633606
532/1000 done, time: 9.723011255264282, etr: 4569.815289974213
533/1000 done, time: 9.702296733856201, etr: 4550.377168178558
534/1000 done, time: 9.870233535766602, etr: 4619.2692947387695
535/1000 done, time: 9.93294882774353, etr: 4638.687102556229
536/1000 done, time: 10.111279010772705, etr: 4711.856019020081
537/1000 done, time: 10.086703777313232, etr: 4690.317256450653
538/1000 done, time: 9.671385765075684, etr: 4487.522994995117
539/1000 done, time: 9.951778173446655, etr: 4607.673294305801
540/1000 done, time: 10.003150463104248, etr: 4621.455513954163
541/1000 done, time: 9.997774362564087, etr: 4608.973981142044
542/1000 done, time: 10.408515691757202, etr: 4787.917218208313
543/1000 done, time: 9.920047044754028, etr: 4553.301593542099
544/1000 done, time: 9.77314567565918, etr: 4476.100719451904
545/1000 done, time: 9.957894563674927, etr: 4550.7578155994415
546/1000 done, time: 9.741288185119629, etr: 4442.027412414551
547/1000 done, time: 9.911067247390747, etr: 4509.53559756279
548/1000 done, time: 9.890836715698242, etr: 4490.439868927002
549/1000 done, time: 9.963106155395508, etr: 4513.287088394165
550/1000 done, time: 9.795430183410645, etr: 4427.534442901611
551/1000 done, time: 10.002380847930908, etr: 4511.07376241684
552/1000 done, time: 10.037148714065552, etr: 4516.716921329498
553/1000 done, time: 10.127694845199585, etr: 4547.334985494614
554/1000 done, time: 10.063349962234497, etr: 4508.380783081055
555/1000 done, time: 9.99433970451355, etr: 4467.469847917557
556/1000 done, time: 9.837502479553223, etr: 4387.526105880737
557/1000 done, time: 9.835676908493042, etr: 4376.876224279404
558/1000 done, time: 9.830671310424805, etr: 4364.818061828613
559/1000 done, time: 9.804325819015503, etr: 4343.316337823868
560/1000 done, time: 9.881049871444702, etr: 4367.424043178558
561/1000 done, time: 9.832505464553833, etr: 4336.13490986824
562/1000 done, time: 9.8008394241333, etr: 4312.369346618652
563/1000 done, time: 9.79797101020813, etr: 4301.309273481369
564/1000 done, time: 9.772542715072632, etr: 4280.373709201813
565/1000 done, time: 9.859659433364868, etr: 4308.671172380447
566/1000 done, time: 9.94627833366394, etr: 4336.577353477478
567/1000 done, time: 9.732131004333496, etr: 4233.476986885071
568/1000 done, time: 9.783347368240356, etr: 4245.972757816315
569/1000 done, time: 9.785837650299072, etr: 4237.267702579498
570/1000 done, time: 9.978313446044922, etr: 4310.631408691406
571/1000 done, time: 10.045777797698975, etr: 4329.730230808258
572/1000 done, time: 10.090832233428955, etr: 4339.057860374451
573/1000 done, time: 9.887187004089355, etr: 4241.6032247543335
574/1000 done, time: 9.91390085220337, etr: 4243.149564743042
575/1000 done, time: 9.878439903259277, etr: 4218.093838691711
576/1000 done, time: 9.765279054641724, etr: 4160.008877277374
577/1000 done, time: 9.934410095214844, etr: 4222.124290466309
578/1000 done, time: 10.012909412384033, etr: 4245.47359085083
579/1000 done, time: 9.759991645812988, etr: 4128.476466178894
580/1000 done, time: 9.77853512763977, etr: 4126.541823863983
581/1000 done, time: 9.723301410675049, etr: 4093.5098938941956
582/1000 done, time: 9.605834722518921, etr: 4034.450583457947
583/1000 done, time: 9.697876691818237, etr: 4063.4103338718414
584/1000 done, time: 9.598974227905273, etr: 4012.3712272644043
585/1000 done, time: 9.688337087631226, etr: 4040.036565542221
586/1000 done, time: 9.752461910247803, etr: 4057.024154663086
587/1000 done, time: 9.822306871414185, etr: 4076.2573516368866
588/1000 done, time: 9.758353471755981, etr: 4039.9583373069763
589/1000 done, time: 9.618274688720703, etr: 3972.3474464416504
590/1000 done, time: 9.831389665603638, etr: 4050.5325422286987
591/1000 done, time: 9.774231672286987, etr: 4017.209217309952
592/1000 done, time: 9.818601846694946, etr: 4025.626757144928
593/1000 done, time: 9.934339046478271, etr: 4063.144670009613
594/1000 done, time: 9.68068790435791, etr: 3949.7206649780273
595/1000 done, time: 9.75147294998169, etr: 3968.8494906425476
596/1000 done, time: 9.715699434280396, etr: 3944.5739703178406
597/1000 done, time: 9.6461923122406, etr: 3906.7078864574432
598/1000 done, time: 9.772227764129639, etr: 3947.980016708374
599/1000 done, time: 9.652213096618652, etr: 3889.841877937317
600/1000 done, time: 9.703795671463013, etr: 3900.925859928131
601/1000 done, time: 9.955402612686157, etr: 3992.116447687149
602/1000 done, time: 9.75312328338623, etr: 3901.249313354492
603/1000 done, time: 9.67628002166748, etr: 3860.8357286453247
604/1000 done, time: 9.722914457321167, etr: 3869.7199540138245
605/1000 done, time: 9.63661003112793, etr: 3825.734182357788
606/1000 done, time: 9.685797929763794, etr: 3835.5759801864624
607/1000 done, time: 9.664763927459717, etr: 3817.581751346588
608/1000 done, time: 9.605132818222046, etr: 3784.422330379486
609/1000 done, time: 9.77980661392212, etr: 3843.463999271393
610/1000 done, time: 9.6871497631073, etr: 3797.3627071380615
611/1000 done, time: 9.739014625549316, etr: 3807.9547185897827
612/1000 done, time: 9.748359680175781, etr: 3801.8602752685547
613/1000 done, time: 9.676921367645264, etr: 3764.3224120140076
614/1000 done, time: 9.65997314453125, etr: 3748.069580078125
615/1000 done, time: 9.70452070236206, etr: 3755.6495118141174
616/1000 done, time: 9.590324640274048, etr: 3701.8653111457825
617/1000 done, time: 9.52568531036377, etr: 3667.3888444900513
618/1000 done, time: 9.594810485839844, etr: 3684.4072265625
619/1000 done, time: 9.581769466400146, etr: 3669.817705631256
620/1000 done, time: 9.6779043674469, etr: 3696.9594683647156
621/1000 done, time: 9.712830781936646, etr: 3700.588527917862
622/1000 done, time: 9.637872219085693, etr: 3662.3914432525635
623/1000 done, time: 9.67378544807434, etr: 3666.364684820175
624/1000 done, time: 9.729693412780762, etr: 3677.824110031128
625/1000 done, time: 9.608778238296509, etr: 3622.509395837784
626/1000 done, time: 9.779731750488281, etr: 3677.1791381835938
627/1000 done, time: 9.886083841323853, etr: 3707.2814404964447
628/1000 done, time: 9.63220477104187, etr: 3602.4445843696594
629/1000 done, time: 9.679850816726685, etr: 3610.5843546390533
630/1000 done, time: 9.622535228729248, etr: 3579.5831050872803
631/1000 done, time: 9.608272075653076, etr: 3564.6689400672913
632/1000 done, time: 9.969318628311157, etr: 3688.647892475128
633/1000 done, time: 9.75885534286499, etr: 3601.0176215171814
634/1000 done, time: 9.596651315689087, etr: 3531.567684173584
635/1000 done, time: 9.704076766967773, etr: 3561.396173477173
636/1000 done, time: 9.617358207702637, etr: 3519.953104019165
637/1000 done, time: 9.635878086090088, etr: 3517.095501422882
638/1000 done, time: 9.669529676437378, etr: 3519.7088022232056
639/1000 done, time: 9.756815910339355, etr: 3541.724175453186
640/1000 done, time: 9.560522556304932, etr: 3460.9091653823853
641/1000 done, time: 9.64418888092041, etr: 3481.552186012268
642/1000 done, time: 9.669013738632202, etr: 3480.844945907593
643/1000 done, time: 9.7027108669281, etr: 3483.273201227188
644/1000 done, time: 9.55656361579895, etr: 3421.249774456024
645/1000 done, time: 9.736960649490356, etr: 3476.0949518680573
646/1000 done, time: 9.81451964378357, etr: 3493.9689931869507
647/1000 done, time: 9.641994953155518, etr: 3422.9082083702087
648/1000 done, time: 9.806012392044067, etr: 3471.3283867836
649/1000 done, time: 9.665647029876709, etr: 3411.9734015464783
650/1000 done, time: 9.84260106086731, etr: 3464.595573425293
651/1000 done, time: 9.913079500198364, etr: 3479.490904569626
652/1000 done, time: 9.708747148513794, etr: 3398.061501979828
653/1000 done, time: 9.563722610473633, etr: 3337.739191055298
654/1000 done, time: 9.544376134872437, etr: 3321.442894935608
655/1000 done, time: 9.51678991317749, etr: 3302.326099872589
656/1000 done, time: 9.68401575088501, etr: 3350.6694498062134
657/1000 done, time: 9.652190446853638, etr: 3330.005704164505
658/1000 done, time: 9.76773738861084, etr: 3360.101661682129
659/1000 done, time: 9.656563758850098, etr: 3312.2013692855835
660/1000 done, time: 9.625106573104858, etr: 3291.7864480018616
661/1000 done, time: 9.627014875411987, etr: 3282.8120725154877
662/1000 done, time: 9.63038969039917, etr: 3274.332494735718
663/1000 done, time: 9.695630550384521, etr: 3286.818756580353
664/1000 done, time: 9.80318307876587, etr: 3313.4758806228638
665/1000 done, time: 9.762509107589722, etr: 3289.965569257736
666/1000 done, time: 9.7206711769104, etr: 3266.1455154418945
667/1000 done, time: 9.715032815933228, etr: 3254.535993337631
668/1000 done, time: 9.679666519165039, etr: 3233.008617401123
669/1000 done, time: 9.687497854232788, etr: 3225.9367854595184
670/1000 done, time: 9.86101770401001, etr: 3273.8578777313232
671/1000 done, time: 9.72242546081543, etr: 3218.122827529907
672/1000 done, time: 9.849406242370605, etr: 3250.3040599823
673/1000 done, time: 9.620855331420898, etr: 3165.2614040374756
674/1000 done, time: 9.642160177230835, etr: 3162.628538131714
675/1000 done, time: 9.661778688430786, etr: 3159.401631116867
676/1000 done, time: 9.761615753173828, etr: 3182.286735534668
677/1000 done, time: 9.754833221435547, etr: 3170.3207969665527
678/1000 done, time: 9.47728967666626, etr: 3070.641855239868
679/1000 done, time: 9.616166114807129, etr: 3106.0216550827026
680/1000 done, time: 9.611017942428589, etr: 3094.7477774620056
681/1000 done, time: 9.618346691131592, etr: 3087.489287853241
682/1000 done, time: 9.720267534255981, etr: 3110.485610961914
683/1000 done, time: 9.794615983963013, etr: 3124.482498884201
684/1000 done, time: 9.842602968215942, etr: 3129.9477438926697
685/1000 done, time: 10.029994249343872, etr: 3179.5081770420074
686/1000 done, time: 10.035587310791016, etr: 3171.245590209961
687/1000 done, time: 10.114733457565308, etr: 3186.141039133072
688/1000 done, time: 9.89959716796875, etr: 3108.4735107421875
689/1000 done, time: 9.760772705078125, etr: 3055.121856689453
690/1000 done, time: 9.657597541809082, etr: 3013.1704330444336
691/1000 done, time: 9.747772455215454, etr: 3031.557233572006
692/1000 done, time: 9.710736989974976, etr: 3010.3284668922424
693/1000 done, time: 9.771445989608765, etr: 3019.3768107891083
694/1000 done, time: 9.789003610610962, etr: 3015.0131120681763
695/1000 done, time: 9.794687032699585, etr: 3006.9689190387726
696/1000 done, time: 9.7760910987854, etr: 2991.4838762283325
697/1000 done, time: 9.677873611450195, etr: 2951.7514514923096
698/1000 done, time: 9.656055212020874, etr: 2935.4407844543457
699/1000 done, time: 9.724322080612183, etr: 2946.4695904254913
700/1000 done, time: 9.71026611328125, etr: 2932.5003662109375
701/1000 done, time: 9.776489973068237, etr: 2942.7234818935394
702/1000 done, time: 9.599506378173828, etr: 2879.8519134521484
703/1000 done, time: 9.54112434387207, etr: 2852.796178817749
704/1000 done, time: 9.616165161132812, etr: 2865.617218017578
705/1000 done, time: 9.590271472930908, etr: 2848.3106274604797
706/1000 done, time: 9.713729619979858, etr: 2875.263967514038
707/1000 done, time: 9.695708513259888, etr: 2860.234011411667
708/1000 done, time: 9.636399030685425, etr: 2833.101315021515
709/1000 done, time: 9.649479389190674, etr: 2827.2974610328674
710/1000 done, time: 9.712810039520264, etr: 2836.140531539917
711/1000 done, time: 9.653923511505127, etr: 2809.291741847992
712/1000 done, time: 9.796636819839478, etr: 2841.0246777534485
713/1000 done, time: 9.607423305511475, etr: 2776.545335292816
714/1000 done, time: 9.693427562713623, etr: 2791.7071380615234
715/1000 done, time: 9.834870100021362, etr: 2822.607718706131
716/1000 done, time: 9.776723146438599, etr: 2796.142819881439
717/1000 done, time: 9.649343252182007, etr: 2750.062826871872
718/1000 done, time: 9.963799715042114, etr: 2829.7191190719604
719/1000 done, time: 9.743876218795776, etr: 2757.5169699192047
720/1000 done, time: 9.844085693359375, etr: 2776.0321655273438
721/1000 done, time: 9.98866891860962, etr: 2806.815966129303
722/1000 done, time: 9.787217378616333, etr: 2740.4208660125732
723/1000 done, time: 9.898691415786743, etr: 2761.7349050045013
724/1000 done, time: 10.095610618591309, etr: 2806.579751968384
725/1000 done, time: 9.902287006378174, etr: 2742.933500766754
726/1000 done, time: 9.979806184768677, etr: 2754.426506996155
727/1000 done, time: 10.243592500686646, etr: 2816.9879376888275
728/1000 done, time: 10.031735181808472, etr: 2748.6954398155212
729/1000 done, time: 9.810522079467773, etr: 2678.272527694702
730/1000 done, time: 9.756729125976562, etr: 2653.830322265625
731/1000 done, time: 9.825058937072754, etr: 2662.5909719467163
732/1000 done, time: 9.676868438720703, etr: 2612.75447845459
733/1000 done, time: 9.675416946411133, etr: 2602.6871585845947
734/1000 done, time: 9.71533751487732, etr: 2603.7104539871216
735/1000 done, time: 9.784557819366455, etr: 2612.4769377708435
736/1000 done, time: 9.815357208251953, etr: 2610.8850173950195
737/1000 done, time: 9.857748031616211, etr: 2612.303228378296
738/1000 done, time: 9.833249568939209, etr: 2595.977886199951
739/1000 done, time: 9.72908639907837, etr: 2558.749722957611
740/1000 done, time: 9.639095783233643, etr: 2525.4430952072144
741/1000 done, time: 9.736639499664307, etr: 2541.262909412384
742/1000 done, time: 9.663959980010986, etr: 2512.6295948028564
743/1000 done, time: 9.70189118385315, etr: 2512.7898166179657
744/1000 done, time: 9.71506118774414, etr: 2506.4857864379883
745/1000 done, time: 9.713016271591187, etr: 2496.245181798935
746/1000 done, time: 9.629790782928467, etr: 2465.2264404296875
747/1000 done, time: 9.682071447372437, etr: 2468.9282190799713
748/1000 done, time: 9.720538139343262, etr: 2469.0166873931885
749/1000 done, time: 9.776123762130737, etr: 2473.3593118190765
750/1000 done, time: 9.659643173217773, etr: 2434.230079650879
751/1000 done, time: 9.65497088432312, etr: 2423.397691965103
752/1000 done, time: 9.740942239761353, etr: 2435.235559940338
753/1000 done, time: 9.880774974822998, etr: 2460.3129687309265
754/1000 done, time: 9.762972354888916, etr: 2421.217144012451
755/1000 done, time: 9.781784534454346, etr: 2416.1007800102234
756/1000 done, time: 9.763840913772583, etr: 2401.9048647880554
757/1000 done, time: 9.898330688476562, etr: 2425.091018676758
758/1000 done, time: 9.677605390548706, etr: 2361.3357152938843
759/1000 done, time: 9.595250368118286, etr: 2331.6458394527435
760/1000 done, time: 9.69795846939087, etr: 2346.9059495925903
761/1000 done, time: 9.754524230957031, etr: 2350.8403396606445
762/1000 done, time: 9.728495121002197, etr: 2334.8388290405273
763/1000 done, time: 9.761177778244019, etr: 2332.9214890003204
764/1000 done, time: 9.870503187179565, etr: 2349.1797585487366
765/1000 done, time: 9.7046639919281, etr: 2300.00536608696
766/1000 done, time: 9.756444931030273, etr: 2302.5210037231445
767/1000 done, time: 9.802736520767212, etr: 2303.643082380295
768/1000 done, time: 9.706173419952393, etr: 2271.24458026886
769/1000 done, time: 9.676277875900269, etr: 2254.5727450847626
770/1000 done, time: 9.756158590316772, etr: 2263.428792953491
771/1000 done, time: 9.715881824493408, etr: 2244.3687014579773
772/1000 done, time: 9.677212238311768, etr: 2225.7588148117065
773/1000 done, time: 9.716791152954102, etr: 2225.1451740264893
774/1000 done, time: 9.75864315032959, etr: 2224.9706382751465
775/1000 done, time: 9.814192295074463, etr: 2227.821650981903
776/1000 done, time: 9.58755612373352, etr: 2166.7876839637756
777/1000 done, time: 9.592534065246582, etr: 2158.320164680481
778/1000 done, time: 9.733929634094238, etr: 2180.4002380371094
779/1000 done, time: 9.658979415893555, etr: 2153.9524097442627
780/1000 done, time: 9.731758832931519, etr: 2160.450460910797
781/1000 done, time: 9.727951049804688, etr: 2149.877182006836
782/1000 done, time: 9.939358949661255, etr: 2186.658968925476
783/1000 done, time: 9.778672218322754, etr: 2141.529215812683
784/1000 done, time: 9.738723754882812, etr: 2123.041778564453
785/1000 done, time: 9.746793985366821, etr: 2115.0542948246
786/1000 done, time: 9.791668891906738, etr: 2115.0004806518555
787/1000 done, time: 9.96265959739685, etr: 2141.971813440323
788/1000 done, time: 9.64694881439209, etr: 2064.447046279907
789/1000 done, time: 9.70593810081482, etr: 2067.3648154735565
790/1000 done, time: 9.633224725723267, etr: 2042.2436418533325
791/1000 done, time: 9.692249298095703, etr: 2045.0646018981934
792/1000 done, time: 9.767611503601074, etr: 2051.1984157562256
793/1000 done, time: 9.619318962097168, etr: 2010.437663078308
794/1000 done, time: 9.698732852935791, etr: 2017.3364334106445
795/1000 done, time: 9.741632461547852, etr: 2016.5179195404053
796/1000 done, time: 9.720685720443726, etr: 2002.4612584114075
797/1000 done, time: 9.695055961608887, etr: 1987.4864721298218
798/1000 done, time: 9.660288095474243, etr: 1970.6987714767456
799/1000 done, time: 9.756450891494751, etr: 1980.5595309734344
800/1000 done, time: 9.707080841064453, etr: 1960.8303298950195
801/1000 done, time: 9.570798873901367, etr: 1923.7305736541748
802/1000 done, time: 9.669746398925781, etr: 1933.9492797851562
803/1000 done, time: 9.639491319656372, etr: 1918.258772611618
804/1000 done, time: 9.636779546737671, etr: 1908.0823502540588
805/1000 done, time: 9.841598749160767, etr: 1938.794953584671
806/1000 done, time: 10.05082631111145, etr: 1969.9619569778442
807/1000 done, time: 9.602468967437744, etr: 1872.48144865036
808/1000 done, time: 9.666603565216064, etr: 1875.3210916519165
809/1000 done, time: 9.7097909450531, etr: 1873.9896523952484
810/1000 done, time: 9.802423000335693, etr: 1882.0652160644531
811/1000 done, time: 9.736788988113403, etr: 1859.72669672966
812/1000 done, time: 9.665795087814331, etr: 1836.501066684723
813/1000 done, time: 9.549588203430176, etr: 1804.8721704483032
814/1000 done, time: 9.619860887527466, etr: 1808.5338468551636
815/1000 done, time: 9.778250694274902, etr: 1828.5328798294067
816/1000 done, time: 9.57641863822937, etr: 1781.2138667106628
817/1000 done, time: 9.696179389953613, etr: 1793.7931871414185
818/1000 done, time: 9.704968452453613, etr: 1785.7141952514648
819/1000 done, time: 9.662970542907715, etr: 1768.3236093521118
820/1000 done, time: 9.669076204299927, etr: 1759.7718691825867
821/1000 done, time: 9.651910543441772, etr: 1746.9958083629608
822/1000 done, time: 9.642165422439575, etr: 1735.5897760391235
823/1000 done, time: 9.566180944442749, etr: 1712.346389055252
824/1000 done, time: 9.731321573257446, etr: 1732.1752400398254
825/1000 done, time: 9.690435886383057, etr: 1715.207151889801
826/1000 done, time: 9.65041208267212, etr: 1698.472526550293
827/1000 done, time: 9.632853984832764, etr: 1685.7494473457336
828/1000 done, time: 9.670910596847534, etr: 1682.738443851471
829/1000 done, time: 9.667666673660278, etr: 1672.5063345432281
830/1000 done, time: 9.79873013496399, etr: 1685.3815832138062
831/1000 done, time: 9.67880654335022, etr: 1655.0759189128876
832/1000 done, time: 9.690056085586548, etr: 1647.3095345497131
833/1000 done, time: 9.76679801940918, etr: 1650.5888652801514
834/1000 done, time: 9.732122659683228, etr: 1634.9966068267822
835/1000 done, time: 9.706712007522583, etr: 1621.0209052562714
836/1000 done, time: 9.700920581817627, etr: 1610.352816581726
837/1000 done, time: 10.044284582138062, etr: 1657.3069560527802
838/1000 done, time: 9.780574321746826, etr: 1604.0141887664795
839/1000 done, time: 9.751338243484497, etr: 1589.468133687973
840/1000 done, time: 9.649527072906494, etr: 1563.223385810852
841/1000 done, time: 9.749317407608032, etr: 1569.6401026248932
842/1000 done, time: 9.660827875137329, etr: 1545.7324600219727
843/1000 done, time: 9.68557071685791, etr: 1540.0057439804077
844/1000 done, time: 9.604748964309692, etr: 1517.5503363609314
845/1000 done, time: 9.578065395355225, etr: 1503.7562670707703
846/1000 done, time: 9.66505765914917, etr: 1507.7489948272705
847/1000 done, time: 9.712308645248413, etr: 1505.407840013504
848/1000 done, time: 9.690789699554443, etr: 1492.3816137313843
849/1000 done, time: 9.835083961486816, etr: 1504.767846107483
850/1000 done, time: 9.567476749420166, etr: 1454.2564659118652
851/1000 done, time: 9.64363145828247, etr: 1456.188350200653
852/1000 done, time: 9.617669582366943, etr: 1442.6504373550415
853/1000 done, time: 9.76185655593872, etr: 1454.5166268348694
854/1000 done, time: 9.695492029190063, etr: 1434.9328203201294
855/1000 done, time: 9.713577032089233, etr: 1427.8958237171173
856/1000 done, time: 9.547337055206299, etr: 1393.9112100601196
857/1000 done, time: 9.659135818481445, etr: 1400.5746936798096
858/1000 done, time: 9.631471633911133, etr: 1386.9319152832031
859/1000 done, time: 9.7055983543396, etr: 1387.9005646705627
860/1000 done, time: 9.681553363800049, etr: 1374.780577659607
861/1000 done, time: 9.652208805084229, etr: 1360.9614415168762
862/1000 done, time: 9.648552417755127, etr: 1350.7973384857178
863/1000 done, time: 9.711938381195068, etr: 1349.9594349861145
864/1000 done, time: 9.681318759918213, etr: 1336.0219888687134
865/1000 done, time: 9.714051723480225, etr: 1330.8250861167908
866/1000 done, time: 9.618224382400513, etr: 1308.0785160064697
867/1000 done, time: 9.704834461212158, etr: 1310.1526522636414
868/1000 done, time: 9.729209899902344, etr: 1303.714126586914
869/1000 done, time: 9.632649898529053, etr: 1281.142436504364
870/1000 done, time: 9.767420053482056, etr: 1289.2994470596313
871/1000 done, time: 9.646644592285156, etr: 1263.7104415893555
872/1000 done, time: 9.700724124908447, etr: 1261.0941362380981
873/1000 done, time: 9.77129077911377, etr: 1260.4965105056763
874/1000 done, time: 9.684123039245605, etr: 1239.5677490234375
875/1000 done, time: 9.678372621536255, etr: 1229.1533229351044
876/1000 done, time: 9.786266326904297, etr: 1233.0695571899414
877/1000 done, time: 9.57637619972229, etr: 1197.0470249652863
878/1000 done, time: 9.860443830490112, etr: 1222.695034980774
879/1000 done, time: 9.836762428283691, etr: 1209.921778678894
880/1000 done, time: 9.750799894332886, etr: 1189.597587108612
881/1000 done, time: 9.817076921463013, etr: 1187.8663074970245
882/1000 done, time: 9.8470618724823, etr: 1181.647424697876
883/1000 done, time: 9.713957071304321, etr: 1155.9608914852142
884/1000 done, time: 9.857251167297363, etr: 1163.1556377410889
885/1000 done, time: 9.75322937965393, etr: 1141.12783741951
886/1000 done, time: 9.801812887191772, etr: 1137.0102949142456
887/1000 done, time: 9.98017692565918, etr: 1147.7203464508057
888/1000 done, time: 9.753409624099731, etr: 1111.8886971473694
889/1000 done, time: 9.680605411529541, etr: 1093.9084115028381
890/1000 done, time: 9.718275785446167, etr: 1088.4468879699707
891/1000 done, time: 9.627695322036743, etr: 1068.6741807460785
892/1000 done, time: 9.635619163513184, etr: 1059.9181079864502
893/1000 done, time: 9.651310920715332, etr: 1051.9928903579712
894/1000 done, time: 9.619757652282715, etr: 1038.9338264465332
895/1000 done, time: 9.72275424003601, etr: 1040.3347036838531
896/1000 done, time: 9.73514723777771, etr: 1031.9256072044373
897/1000 done, time: 9.675028562545776, etr: 1015.8779990673065
898/1000 done, time: 9.652549743652344, etr: 1003.8651733398438
899/1000 done, time: 9.632983922958374, etr: 992.1973440647125
900/1000 done, time: 9.640525341033936, etr: 983.3335847854614
901/1000 done, time: 9.62643814086914, etr: 972.2702522277832
902/1000 done, time: 9.700884580612183, etr: 970.0884580612183
903/1000 done, time: 9.691481590270996, etr: 959.4566774368286
904/1000 done, time: 9.704445600509644, etr: 951.0356688499451
905/1000 done, time: 9.73094892501831, etr: 943.9020457267761
906/1000 done, time: 9.748201847076416, etr: 935.8273773193359
907/1000 done, time: 9.751770734786987, etr: 926.4182198047638
908/1000 done, time: 9.703541278839111, etr: 912.1328802108765
909/1000 done, time: 9.628567934036255, etr: 895.4568178653717
910/1000 done, time: 9.778383731842041, etr: 899.6113033294678
911/1000 done, time: 9.817288637161255, etr: 893.3732659816742
912/1000 done, time: 9.743644952774048, etr: 876.9280457496643
913/1000 done, time: 9.723506927490234, etr: 865.3921165466309
914/1000 done, time: 10.423451662063599, etr: 917.2637462615967
915/1000 done, time: 9.917716979980469, etr: 862.8413772583008
916/1000 done, time: 9.67349362373352, etr: 831.9204516410828
917/1000 done, time: 9.747974872589111, etr: 828.5778641700745
918/1000 done, time: 9.68699312210083, etr: 813.7074222564697
919/1000 done, time: 9.65306806564331, etr: 801.2046494483948
920/1000 done, time: 9.658461570739746, etr: 791.9938488006592
921/1000 done, time: 9.705432415008545, etr: 786.1400256156921
922/1000 done, time: 9.723094701766968, etr: 777.8475761413574
923/1000 done, time: 9.822579622268677, etr: 775.9837901592255
924/1000 done, time: 9.709869384765625, etr: 757.3698120117188
925/1000 done, time: 9.666056156158447, etr: 744.2863240242004
926/1000 done, time: 9.710332870483398, etr: 737.9852981567383
927/1000 done, time: 9.636550188064575, etr: 722.7412641048431
928/1000 done, time: 9.61912989616394, etr: 711.8156123161316
929/1000 done, time: 9.676363468170166, etr: 706.3745331764221
930/1000 done, time: 9.724754333496094, etr: 700.1823120117188
931/1000 done, time: 9.743452072143555, etr: 691.7850971221924
932/1000 done, time: 9.724411010742188, etr: 680.7087707519531
933/1000 done, time: 9.660176992416382, etr: 666.5522124767303
934/1000 done, time: 9.772176504135132, etr: 664.508002281189
935/1000 done, time: 9.74941897392273, etr: 653.2110712528229
936/1000 done, time: 9.7637357711792, etr: 644.4065608978271
937/1000 done, time: 9.958910465240479, etr: 647.3291802406311
938/1000 done, time: 9.739161491394043, etr: 623.3063354492188
939/1000 done, time: 9.640295505523682, etr: 607.338616847992
940/1000 done, time: 9.518436431884766, etr: 590.1430587768555
941/1000 done, time: 9.594661712646484, etr: 585.2743644714355
942/1000 done, time: 9.663163900375366, etr: 579.789834022522
943/1000 done, time: 9.646992921829224, etr: 569.1725823879242
944/1000 done, time: 9.654170989990234, etr: 559.9419174194336
945/1000 done, time: 9.607987880706787, etr: 547.6553092002869
946/1000 done, time: 9.592893362045288, etr: 537.2020282745361
947/1000 done, time: 9.664811134338379, etr: 531.5646123886108
948/1000 done, time: 9.602904081344604, etr: 518.5568203926086
949/1000 done, time: 9.539682149887085, etr: 505.6031539440155
950/1000 done, time: 9.600151062011719, etr: 499.2078552246094
951/1000 done, time: 9.634467840194702, etr: 491.3578598499298
952/1000 done, time: 9.679427146911621, etr: 483.97135734558105
953/1000 done, time: 9.587405920028687, etr: 469.78289008140564
954/1000 done, time: 9.77828598022461, etr: 469.35772705078125
955/1000 done, time: 9.63797378540039, etr: 452.98476791381836
956/1000 done, time: 9.639437437057495, etr: 443.4141221046448
957/1000 done, time: 9.62236213684082, etr: 433.0062961578369
958/1000 done, time: 9.607038736343384, etr: 422.7097043991089
959/1000 done, time: 9.60742998123169, etr: 413.11948919296265
960/1000 done, time: 9.714959859848022, etr: 408.02831411361694
961/1000 done, time: 9.77470326423645, etr: 400.76283383369446
962/1000 done, time: 9.579931020736694, etr: 383.1972408294678
963/1000 done, time: 9.681029081344604, etr: 377.5601341724396
964/1000 done, time: 9.615846633911133, etr: 365.40217208862305
965/1000 done, time: 9.70758056640625, etr: 359.18048095703125
966/1000 done, time: 9.704280614852905, etr: 349.3541021347046
967/1000 done, time: 9.739389419555664, etr: 340.87862968444824
968/1000 done, time: 9.680806875228882, etr: 329.147433757782
969/1000 done, time: 9.615394592285156, etr: 317.30802154541016
970/1000 done, time: 9.617804765701294, etr: 307.7697525024414
971/1000 done, time: 9.640330791473389, etr: 298.85025453567505
972/1000 done, time: 9.71630072593689, etr: 291.4890217781067
973/1000 done, time: 9.82967495918274, etr: 285.06057381629944
974/1000 done, time: 9.78593111038208, etr: 274.00607109069824
975/1000 done, time: 9.694641351699829, etr: 261.7553164958954
976/1000 done, time: 9.807529211044312, etr: 254.9957594871521
977/1000 done, time: 10.00597858428955, etr: 250.14946460723877
978/1000 done, time: 9.955923318862915, etr: 238.94215965270996
979/1000 done, time: 9.810608148574829, etr: 225.64398741722107
980/1000 done, time: 9.67562747001648, etr: 212.86380434036255
981/1000 done, time: 9.651935815811157, etr: 202.6906521320343
982/1000 done, time: 9.716161727905273, etr: 194.32323455810547
983/1000 done, time: 9.659711599349976, etr: 183.53452038764954
984/1000 done, time: 9.733815431594849, etr: 175.20867776870728
985/1000 done, time: 9.60593843460083, etr: 163.3009533882141
986/1000 done, time: 9.8384268283844, etr: 157.4148292541504
987/1000 done, time: 9.915493965148926, etr: 148.7324094772339
988/1000 done, time: 9.809206485748291, etr: 137.32889080047607
989/1000 done, time: 9.703805446624756, etr: 126.14947080612183
990/1000 done, time: 9.81252908706665, etr: 117.7503490447998
991/1000 done, time: 9.792145729064941, etr: 107.71360301971436
992/1000 done, time: 9.934953451156616, etr: 99.34953451156616
993/1000 done, time: 9.729723453521729, etr: 87.56751108169556
994/1000 done, time: 9.653576850891113, etr: 77.2286148071289
995/1000 done, time: 9.691772699356079, etr: 67.84240889549255
996/1000 done, time: 9.840571403503418, etr: 59.04342842102051
997/1000 done, time: 9.727069854736328, etr: 48.63534927368164
998/1000 done, time: 9.68600845336914, etr: 38.74403381347656
999/1000 done, time: 9.81812596321106, etr: 29.45437788963318
1000/1000 done, time: 9.725183725357056, etr: 19.45036745071411
line graphs generated
Args in experiment:
Namespace(activation='gelu', attn='prob', batch_size=32, c_out=870, checkpoints='./checkpoints/', cols=None, d_ff=2048, d_layers=1, d_model=512, data='sim_graph', data_path='lg_n30_t1000.csv', dec_in=3570, des='lg_n30_t1000_test', detail_freq='d', device_ids=[0, 1, 2, 3], devices='0,1,2,3', distil=True, do_predict=False, dropout=0.05, e_layers=2, embed='timeF', enc_in=3570, factor=5, features='M', freq='d', gpu=0, inverse=False, itr=2, label_len=48, learning_rate=0.0001, loss='mse', lradj='type1', m_true_len=870, mix=True, model='informer', n_heads=8, num_workers=0, output_attention=False, padding=0, patience=3, pred_len=24, root_path='./data/', s_layers=[3, 2, 1], seq_len=96, target='none', train_epochs=6, use_amp=False, use_gpu=True, use_multi_gpu=True)
Use GPU: cuda:0
>>>>>>>start training : informer_sim_graph_ftM_sl96_ll48_pl24_dm512_nh8_el2_dl1_df2048_atprob_fc5_ebtimeF_dtTrue_mxTrue_lg_n30_t1000_test_0>>>>>>>>>>>>>>>>>>>>>>>>>>
features M
train 581
features M
val 77
features M
test 177
Epoch: 1 cost time: 11.37810468673706
Epoch: 1, Steps: 18 | Train Loss: 0.4970765 Vali Loss: 0.3703542 Test Loss: 0.3701514
Validation loss decreased (inf --> 0.370354).  Saving model ...
Updating learning rate to 0.0001
Epoch: 2 cost time: 5.234854459762573
Epoch: 2, Steps: 18 | Train Loss: 0.3339433 Vali Loss: 0.2796914 Test Loss: 0.2754508
Validation loss decreased (0.370354 --> 0.279691).  Saving model ...
Updating learning rate to 5e-05
Epoch: 3 cost time: 5.159684896469116
Epoch: 3, Steps: 18 | Train Loss: 0.2712594 Vali Loss: 0.2462683 Test Loss: 0.2450662
Validation loss decreased (0.279691 --> 0.246268).  Saving model ...
Updating learning rate to 2.5e-05
Epoch: 4 cost time: 5.093685150146484
Epoch: 4, Steps: 18 | Train Loss: 0.2500617 Vali Loss: 0.2255629 Test Loss: 0.2308167
Validation loss decreased (0.246268 --> 0.225563).  Saving model ...
Updating learning rate to 1.25e-05
Epoch: 5 cost time: 5.217403888702393
Epoch: 5, Steps: 18 | Train Loss: 0.2413904 Vali Loss: 0.2228737 Test Loss: 0.2260107
Validation loss decreased (0.225563 --> 0.222874).  Saving model ...
Updating learning rate to 6.25e-06
Epoch: 6 cost time: 5.0838868618011475
Epoch: 6, Steps: 18 | Train Loss: 0.2373171 Vali Loss: 0.2150282 Test Loss: 0.2171903
Validation loss decreased (0.222874 --> 0.215028).  Saving model ...
Updating learning rate to 3.125e-06
>>>>>>>testing : informer_sim_graph_ftM_sl96_ll48_pl24_dm512_nh8_el2_dl1_df2048_atprob_fc5_ebtimeF_dtTrue_mxTrue_lg_n30_t1000_test_0<<<<<<<<<<<<<<<<<<<<<<<<<<<<<<<<<
features M
test 177
test shape: (5, 32, 24, 870) (5, 32, 24, 870)
test shape: (160, 24, 870) (160, 24, 870)
mse:0.22205425798892975, mae:0.27387237548828125
Use GPU: cuda:0
>>>>>>>start training : informer_sim_graph_ftM_sl96_ll48_pl24_dm512_nh8_el2_dl1_df2048_atprob_fc5_ebtimeF_dtTrue_mxTrue_lg_n30_t1000_test_1>>>>>>>>>>>>>>>>>>>>>>>>>>
features M
train 581
features M
val 77
features M
test 177
Epoch: 1 cost time: 4.86193323135376
Epoch: 1, Steps: 18 | Train Loss: 0.5006443 Vali Loss: 0.3664907 Test Loss: 0.3672360
Validation loss decreased (inf --> 0.366491).  Saving model ...
Updating learning rate to 0.0001
Epoch: 2 cost time: 4.723629474639893
Epoch: 2, Steps: 18 | Train Loss: 0.3304484 Vali Loss: 0.2801953 Test Loss: 0.2776116
Validation loss decreased (0.366491 --> 0.280195).  Saving model ...
Updating learning rate to 5e-05
Epoch: 3 cost time: 4.650960206985474
Epoch: 3, Steps: 18 | Train Loss: 0.2735213 Vali Loss: 0.2437686 Test Loss: 0.2447212
Validation loss decreased (0.280195 --> 0.243769).  Saving model ...
Updating learning rate to 2.5e-05
Epoch: 4 cost time: 4.810052394866943
Epoch: 4, Steps: 18 | Train Loss: 0.2488905 Vali Loss: 0.2295346 Test Loss: 0.2239113
Validation loss decreased (0.243769 --> 0.229535).  Saving model ...
Updating learning rate to 1.25e-05
Epoch: 5 cost time: 4.792667627334595
Epoch: 5, Steps: 18 | Train Loss: 0.2302676 Vali Loss: 0.2129620 Test Loss: 0.2122340
Validation loss decreased (0.229535 --> 0.212962).  Saving model ...
Updating learning rate to 6.25e-06
Epoch: 6 cost time: 4.864280700683594
Epoch: 6, Steps: 18 | Train Loss: 0.2223260 Vali Loss: 0.2059600 Test Loss: 0.2029638
Validation loss decreased (0.212962 --> 0.205960).  Saving model ...
Updating learning rate to 3.125e-06
>>>>>>>testing : informer_sim_graph_ftM_sl96_ll48_pl24_dm512_nh8_el2_dl1_df2048_atprob_fc5_ebtimeF_dtTrue_mxTrue_lg_n30_t1000_test_1<<<<<<<<<<<<<<<<<<<<<<<<<<<<<<<<<
features M
test 177
test shape: (5, 32, 24, 870) (5, 32, 24, 870)
test shape: (160, 24, 870) (160, 24, 870)
mse:0.20397597551345825, mae:0.2657015025615692
