Running training with line graph partitions
Simulated graph file doesn't exist, generating file...
Args in experiment:
Namespace(activation='gelu', attn='prob', batch_size=32, c_out=90, checkpoints='./checkpoints/', cols=None, d_ff=2048, d_layers=1, d_model=512, data='sim_graph', data_path='lg_n10_t1000.csv', dec_in=390, des='lg_n10_t1000_test', detail_freq='d', device_ids=[0, 1, 2, 3], devices='0,1,2,3', distil=True, do_predict=False, dropout=0.05, e_layers=2, embed='timeF', enc_in=390, factor=5, features='M', freq='d', gpu=0, inverse=False, itr=2, label_len=48, learning_rate=0.0001, loss='mse', lradj='type1', m_true_len=90, mix=True, model='informer', n_heads=8, num_workers=0, output_attention=False, padding=0, patience=3, pred_len=24, root_path='./data/', s_layers=[3, 2, 1], seq_len=96, target='none', train_epochs=6, use_amp=False, use_gpu=True, use_multi_gpu=True)
Use GPU: cuda:0
>>>>>>>start training : informer_sim_graph_ftM_sl96_ll48_pl24_dm512_nh8_el2_dl1_df2048_atprob_fc5_ebtimeF_dtTrue_mxTrue_lg_n10_t1000_test_0>>>>>>>>>>>>>>>>>>>>>>>>>>
features M
train 581
features M
val 77
features M
test 177
Epoch: 1 cost time: 6.609964370727539
Epoch: 1, Steps: 18 | Train Loss: 0.4532625 Vali Loss: 0.3359378 Test Loss: 0.3362727
Validation loss decreased (inf --> 0.335938).  Saving model ...
Updating learning rate to 0.0001
Epoch: 2 cost time: 1.6355183124542236
Epoch: 2, Steps: 18 | Train Loss: 0.2947243 Vali Loss: 0.2473656 Test Loss: 0.2456117
Validation loss decreased (0.335938 --> 0.247366).  Saving model ...
Updating learning rate to 5e-05
Epoch: 3 cost time: 1.6417813301086426
Epoch: 3, Steps: 18 | Train Loss: 0.2547856 Vali Loss: 0.2447152 Test Loss: 0.2477152
Validation loss decreased (0.247366 --> 0.244715).  Saving model ...
Updating learning rate to 2.5e-05
Epoch: 4 cost time: 1.6477856636047363
Epoch: 4, Steps: 18 | Train Loss: 0.2599386 Vali Loss: 0.2392160 Test Loss: 0.2481777
Validation loss decreased (0.244715 --> 0.239216).  Saving model ...
Updating learning rate to 1.25e-05
Epoch: 5 cost time: 1.6322081089019775
Epoch: 5, Steps: 18 | Train Loss: 0.2561844 Vali Loss: 0.2415685 Test Loss: 0.2396977
EarlyStopping counter: 1 out of 3
Updating learning rate to 6.25e-06
Epoch: 6 cost time: 1.6930198669433594
Epoch: 6, Steps: 18 | Train Loss: 0.2547503 Vali Loss: 0.2391006 Test Loss: 0.2385129
Validation loss decreased (0.239216 --> 0.239101).  Saving model ...
Updating learning rate to 3.125e-06
>>>>>>>testing : informer_sim_graph_ftM_sl96_ll48_pl24_dm512_nh8_el2_dl1_df2048_atprob_fc5_ebtimeF_dtTrue_mxTrue_lg_n10_t1000_test_0<<<<<<<<<<<<<<<<<<<<<<<<<<<<<<<<<
features M
test 177
test shape: (5, 32, 24, 90) (5, 32, 24, 90)
test shape: (160, 24, 90) (160, 24, 90)
mse:0.24051527678966522, mae:0.2793157994747162
Use GPU: cuda:0
>>>>>>>start training : informer_sim_graph_ftM_sl96_ll48_pl24_dm512_nh8_el2_dl1_df2048_atprob_fc5_ebtimeF_dtTrue_mxTrue_lg_n10_t1000_test_1>>>>>>>>>>>>>>>>>>>>>>>>>>
features M
train 581
features M
val 77
features M
test 177
Epoch: 1 cost time: 1.665557622909546
Epoch: 1, Steps: 18 | Train Loss: 0.4593367 Vali Loss: 0.3338534 Test Loss: 0.3362584
Validation loss decreased (inf --> 0.333853).  Saving model ...
Updating learning rate to 0.0001
Epoch: 2 cost time: 1.6420598030090332
Epoch: 2, Steps: 18 | Train Loss: 0.3068445 Vali Loss: 0.2597882 Test Loss: 0.2628228
Validation loss decreased (0.333853 --> 0.259788).  Saving model ...
Updating learning rate to 5e-05
Epoch: 3 cost time: 1.705435037612915
Epoch: 3, Steps: 18 | Train Loss: 0.2584052 Vali Loss: 0.2286534 Test Loss: 0.2279351
Validation loss decreased (0.259788 --> 0.228653).  Saving model ...
Updating learning rate to 2.5e-05
Epoch: 4 cost time: 1.660905122756958
Epoch: 4, Steps: 18 | Train Loss: 0.2372639 Vali Loss: 0.2149502 Test Loss: 0.2153250
Validation loss decreased (0.228653 --> 0.214950).  Saving model ...
Updating learning rate to 1.25e-05
Epoch: 5 cost time: 1.6808826923370361
Epoch: 5, Steps: 18 | Train Loss: 0.2247813 Vali Loss: 0.2078108 Test Loss: 0.2086463
Validation loss decreased (0.214950 --> 0.207811).  Saving model ...
Updating learning rate to 6.25e-06
Epoch: 6 cost time: 1.651136875152588
Epoch: 6, Steps: 18 | Train Loss: 0.2188107 Vali Loss: 0.2062275 Test Loss: 0.2061453
Validation loss decreased (0.207811 --> 0.206228).  Saving model ...
Updating learning rate to 3.125e-06
>>>>>>>testing : informer_sim_graph_ftM_sl96_ll48_pl24_dm512_nh8_el2_dl1_df2048_atprob_fc5_ebtimeF_dtTrue_mxTrue_lg_n10_t1000_test_1<<<<<<<<<<<<<<<<<<<<<<<<<<<<<<<<<
features M
test 177
test shape: (5, 32, 24, 90) (5, 32, 24, 90)
test shape: (160, 24, 90) (160, 24, 90)
mse:0.20761021971702576, mae:0.2583906948566437
