WARNING: you may need to modify /home/isaacwp/.config/docker/daemon.json to
pull images; see
https://github.com/docker/for-linux/issues/1172#issuecomment-771929216 
Preparing custom data... 
Args: Type=custom, Datapath=./data/tomato_transfer.csv, LineGraphPartitioning=false, NumNodes=238
Running custom data without line graph partitioning
Prepared file exists for custom data
Args in experiment:
Namespace(activation='gelu', attn='prob', batch_size=1, c_out=56644, checkpoints='./checkpoints/', cols=None, d_ff=2048, d_layers=1, d_model=512, data='custom', data_path='tomato_transfer_prepared.csv', dec_in=56644, des='tomato_transfer', detail_freq='d', device_ids=[0, 1, 2, 3], devices='0,1,2,3', distil=True, do_predict=False, dropout=0.05, e_layers=2, embed='timeF', enc_in=56644, factor=5, features='M', freq='d', gpu=0, inverse=False, itr=2, label_len=3, learning_rate=0.0001, loss='mse', lradj='type1', m_true_len=56644, mix=True, model='informer', n_heads=8, num_workers=0, output_attention=False, padding=0, patience=3, pred_len=6, root_path='./data/', s_layers=[3, 2, 1], seq_len=6, target='none', train_epochs=6, use_amp=False, use_gpu=True, use_multi_gpu=True)
Use GPU: cuda:0
>>>>>>>start training : informer_custom_ftM_sl6_ll3_pl6_dm512_nh8_el2_dl1_df2048_atprob_fc5_ebtimeF_dtTrue_mxTrue_tomato_transfer_0>>>>>>>>>>>>>>>>>>>>>>>>>>
features M
train 689
features M
val 95
features M
test 195
	iters: 100, epoch: 1 | loss: nan
	speed: 0.1070s/iter; left time: 431.7465s
	iters: 200, epoch: 1 | loss: nan
	speed: 0.1057s/iter; left time: 416.0464s
	iters: 300, epoch: 1 | loss: nan
	speed: 0.1057s/iter; left time: 405.4358s
	iters: 400, epoch: 1 | loss: nan
	speed: 0.1061s/iter; left time: 396.3559s
	iters: 500, epoch: 1 | loss: nan
	speed: 0.1058s/iter; left time: 384.4788s
	iters: 600, epoch: 1 | loss: nan
	speed: 0.1058s/iter; left time: 373.9093s
Epoch: 1 cost time: 73.03700947761536
Epoch: 1, Steps: 689 | Train Loss: nan Vali Loss: nan Test Loss: nan
Validation loss decreased (inf --> nan).  Saving model ...
Updating learning rate to 0.0001
	iters: 100, epoch: 2 | loss: nan
	speed: 0.4237s/iter; left time: 1417.7653s
	iters: 200, epoch: 2 | loss: nan
	speed: 0.1076s/iter; left time: 349.2818s
	iters: 300, epoch: 2 | loss: nan
	speed: 0.1078s/iter; left time: 339.1021s
	iters: 400, epoch: 2 | loss: nan
	speed: 0.1072s/iter; left time: 326.5456s
	iters: 500, epoch: 2 | loss: nan
	speed: 0.1067s/iter; left time: 314.2010s
	iters: 600, epoch: 2 | loss: nan
	speed: 0.1068s/iter; left time: 303.8471s
Epoch: 2 cost time: 73.90181183815002
Epoch: 2, Steps: 689 | Train Loss: nan Vali Loss: nan Test Loss: nan
Validation loss decreased (nan --> nan).  Saving model ...
Updating learning rate to 5e-05
	iters: 100, epoch: 3 | loss: nan
	speed: 0.4309s/iter; left time: 1144.9260s
	iters: 200, epoch: 3 | loss: nan
	speed: 0.1073s/iter; left time: 274.3721s
	iters: 300, epoch: 3 | loss: nan
	speed: 0.1077s/iter; left time: 264.6186s
	iters: 400, epoch: 3 | loss: nan
	speed: 0.1077s/iter; left time: 253.8894s
	iters: 500, epoch: 3 | loss: nan
	speed: 0.1075s/iter; left time: 242.5808s
	iters: 600, epoch: 3 | loss: nan
	speed: 0.1073s/iter; left time: 231.4899s
Epoch: 3 cost time: 74.0926456451416
Epoch: 3, Steps: 689 | Train Loss: nan Vali Loss: nan Test Loss: nan
Validation loss decreased (nan --> nan).  Saving model ...
Updating learning rate to 2.5e-05
	iters: 100, epoch: 4 | loss: nan
	speed: 0.4300s/iter; left time: 846.3353s
	iters: 200, epoch: 4 | loss: nan
	speed: 0.1075s/iter; left time: 200.7790s
	iters: 300, epoch: 4 | loss: nan
	speed: 0.1073s/iter; left time: 189.7610s
	iters: 400, epoch: 4 | loss: nan
	speed: 0.1073s/iter; left time: 178.9717s
	iters: 500, epoch: 4 | loss: nan
	speed: 0.1073s/iter; left time: 168.1894s
	iters: 600, epoch: 4 | loss: nan
	speed: 0.1070s/iter; left time: 157.1308s
Epoch: 4 cost time: 73.89295840263367
Epoch: 4, Steps: 689 | Train Loss: nan Vali Loss: nan Test Loss: nan
Validation loss decreased (nan --> nan).  Saving model ...
Updating learning rate to 1.25e-05
	iters: 100, epoch: 5 | loss: nan
	speed: 0.4220s/iter; left time: 539.7934s
	iters: 200, epoch: 5 | loss: nan
	speed: 0.1071s/iter; left time: 126.3269s
	iters: 300, epoch: 5 | loss: nan
	speed: 0.1074s/iter; left time: 115.9074s
	iters: 400, epoch: 5 | loss: nan
	speed: 0.1066s/iter; left time: 104.3778s
	iters: 500, epoch: 5 | loss: nan
	speed: 0.1066s/iter; left time: 93.7154s
	iters: 600, epoch: 5 | loss: nan
	speed: 0.1066s/iter; left time: 83.0444s
Epoch: 5 cost time: 73.58288908004761
Epoch: 5, Steps: 689 | Train Loss: nan Vali Loss: nan Test Loss: nan
Validation loss decreased (nan --> nan).  Saving model ...
Updating learning rate to 6.25e-06
	iters: 100, epoch: 6 | loss: nan
	speed: 0.4204s/iter; left time: 248.0105s
	iters: 200, epoch: 6 | loss: nan
	speed: 0.1073s/iter; left time: 52.5811s
	iters: 300, epoch: 6 | loss: nan
	speed: 0.1073s/iter; left time: 41.8646s
	iters: 400, epoch: 6 | loss: nan
	speed: 0.1070s/iter; left time: 31.0326s
	iters: 500, epoch: 6 | loss: nan
	speed: 0.1066s/iter; left time: 20.2624s
	iters: 600, epoch: 6 | loss: nan
	speed: 0.1067s/iter; left time: 9.5999s
Epoch: 6 cost time: 73.75204372406006
Epoch: 6, Steps: 689 | Train Loss: nan Vali Loss: nan Test Loss: nan
Validation loss decreased (nan --> nan).  Saving model ...
Updating learning rate to 3.125e-06
>>>>>>>testing : informer_custom_ftM_sl6_ll3_pl6_dm512_nh8_el2_dl1_df2048_atprob_fc5_ebtimeF_dtTrue_mxTrue_tomato_transfer_0<<<<<<<<<<<<<<<<<<<<<<<<<<<<<<<<<
features M
test 195
test shape: (195, 1, 6, 56644) (195, 1, 6, 56644)
test shape: (195, 6, 56644) (195, 6, 56644)
mse:nan, mae:nan
Use GPU: cuda:0
>>>>>>>start training : informer_custom_ftM_sl6_ll3_pl6_dm512_nh8_el2_dl1_df2048_atprob_fc5_ebtimeF_dtTrue_mxTrue_tomato_transfer_1>>>>>>>>>>>>>>>>>>>>>>>>>>
features M
train 689
features M
val 95
features M
test 195
	iters: 100, epoch: 1 | loss: nan
	speed: 0.1071s/iter; left time: 432.1962s
	iters: 200, epoch: 1 | loss: nan
	speed: 0.1066s/iter; left time: 419.5503s
	iters: 300, epoch: 1 | loss: nan
	speed: 0.1069s/iter; left time: 409.9553s
	iters: 400, epoch: 1 | loss: nan
	speed: 0.1073s/iter; left time: 400.7515s
	iters: 500, epoch: 1 | loss: nan
	speed: 0.1075s/iter; left time: 390.5811s
	iters: 600, epoch: 1 | loss: nan
	speed: 0.1072s/iter; left time: 379.1254s
Epoch: 1 cost time: 73.77334499359131
Epoch: 1, Steps: 689 | Train Loss: nan Vali Loss: nan Test Loss: nan
Validation loss decreased (inf --> nan).  Saving model ...
Updating learning rate to 0.0001
	iters: 100, epoch: 2 | loss: nan
	speed: 0.4183s/iter; left time: 1399.6070s
	iters: 200, epoch: 2 | loss: nan
	speed: 0.1067s/iter; left time: 346.2788s
	iters: 300, epoch: 2 | loss: nan
	speed: 0.1066s/iter; left time: 335.4738s
	iters: 400, epoch: 2 | loss: nan
	speed: 0.1066s/iter; left time: 324.7974s
	iters: 500, epoch: 2 | loss: nan
	speed: 0.1068s/iter; left time: 314.5597s
	iters: 600, epoch: 2 | loss: nan
	speed: 0.1074s/iter; left time: 305.7779s
Epoch: 2 cost time: 73.64021563529968
Epoch: 2, Steps: 689 | Train Loss: nan Vali Loss: nan Test Loss: nan
Validation loss decreased (nan --> nan).  Saving model ...
Updating learning rate to 5e-05
	iters: 100, epoch: 3 | loss: nan
	speed: 0.4276s/iter; left time: 1136.2338s
	iters: 200, epoch: 3 | loss: nan
	speed: 0.1075s/iter; left time: 274.9262s
	iters: 300, epoch: 3 | loss: nan
	speed: 0.1075s/iter; left time: 264.0494s
	iters: 400, epoch: 3 | loss: nan
	speed: 0.1067s/iter; left time: 251.5988s
	iters: 500, epoch: 3 | loss: nan
	speed: 0.1066s/iter; left time: 240.6556s
	iters: 600, epoch: 3 | loss: nan
	speed: 0.1067s/iter; left time: 230.1379s
Epoch: 3 cost time: 73.73023509979248
Epoch: 3, Steps: 689 | Train Loss: nan Vali Loss: nan Test Loss: nan
Validation loss decreased (nan --> nan).  Saving model ...
Updating learning rate to 2.5e-05
	iters: 100, epoch: 4 | loss: nan
	speed: 0.4226s/iter; left time: 831.6216s
	iters: 200, epoch: 4 | loss: nan
	speed: 0.1074s/iter; left time: 200.5417s
	iters: 300, epoch: 4 | loss: nan
	speed: 0.1073s/iter; left time: 189.7304s
	iters: 400, epoch: 4 | loss: nan
	speed: 0.1073s/iter; left time: 179.0280s
	iters: 500, epoch: 4 | loss: nan
	speed: 0.1074s/iter; left time: 168.3916s
	iters: 600, epoch: 4 | loss: nan
	speed: 0.1067s/iter; left time: 156.6078s
Epoch: 4 cost time: 73.82151579856873
Epoch: 4, Steps: 689 | Train Loss: nan Vali Loss: nan Test Loss: nan
Validation loss decreased (nan --> nan).  Saving model ...
Updating learning rate to 1.25e-05
	iters: 100, epoch: 5 | loss: nan
	speed: 0.4304s/iter; left time: 550.5434s
	iters: 200, epoch: 5 | loss: nan
	speed: 0.1067s/iter; left time: 125.8196s
	iters: 300, epoch: 5 | loss: nan
	speed: 0.1067s/iter; left time: 115.0880s
	iters: 400, epoch: 5 | loss: nan
	speed: 0.1066s/iter; left time: 104.3609s
	iters: 500, epoch: 5 | loss: nan
	speed: 0.1067s/iter; left time: 93.8119s
	iters: 600, epoch: 5 | loss: nan
	speed: 0.1067s/iter; left time: 83.0831s
Epoch: 5 cost time: 73.5731873512268
Epoch: 5, Steps: 689 | Train Loss: nan Vali Loss: nan Test Loss: nan
Validation loss decreased (nan --> nan).  Saving model ...
Updating learning rate to 6.25e-06
	iters: 100, epoch: 6 | loss: nan
	speed: 0.4228s/iter; left time: 249.4685s
	iters: 200, epoch: 6 | loss: nan
	speed: 0.1066s/iter; left time: 52.2296s
	iters: 300, epoch: 6 | loss: nan
	speed: 0.1071s/iter; left time: 41.7637s
slurmstepd: error: *** JOB 62011361 ON m9g-2-9 CANCELLED AT 2024-01-10T17:31:22 ***
