Running training with line graph partitions
Simulated graph file doesn't exist, generating file...
Generating primal graphs
Graphs generated, time: 0.020598649978637695
Generating networkx graphs...
Graphs generated, time: 2.1692066192626953
Generating line graphs...
1/1000 done, time: 8.926485538482666, etr: 8935.412024021149
2/1000 done, time: 9.10349154472351, etr: 9103.49154472351
3/1000 done, time: 9.043997049331665, etr: 9034.953052282333
4/1000 done, time: 8.925583362579346, etr: 8907.732195854187
5/1000 done, time: 9.077878952026367, etr: 9050.645315170288
6/1000 done, time: 9.000755310058594, etr: 8964.75228881836
7/1000 done, time: 9.03436017036438, etr: 8989.188369512558
8/1000 done, time: 9.119514465332031, etr: 9064.797378540039
9/1000 done, time: 9.011329889297485, etr: 8948.250580072403
10/1000 done, time: 9.020282983779907, etr: 8948.120719909668
11/1000 done, time: 9.237776041030884, etr: 9154.636056661606
12/1000 done, time: 9.084084510803223, etr: 8993.24366569519
13/1000 done, time: 9.227916955947876, etr: 9126.40986943245
14/1000 done, time: 9.151801109313965, etr: 9041.979496002197
15/1000 done, time: 9.25058388710022, etr: 9130.326296567917
16/1000 done, time: 9.212729215621948, etr: 9083.751006603241
17/1000 done, time: 9.244489669799805, etr: 9105.822324752808
18/1000 done, time: 9.262020826339722, etr: 9113.828493118286
19/1000 done, time: 9.358496189117432, etr: 9199.401753902435
20/1000 done, time: 9.214869499206543, etr: 9049.001848220825
21/1000 done, time: 9.229756593704224, etr: 9054.391218423843
22/1000 done, time: 9.3299880027771, etr: 9143.388242721558
23/1000 done, time: 9.395177364349365, etr: 9197.878639698029
24/1000 done, time: 9.364067792892456, etr: 9158.058301448822
25/1000 done, time: 9.465521335601807, etr: 9247.814344882965
26/1000 done, time: 9.322092771530151, etr: 9098.362545013428
27/1000 done, time: 9.443665027618408, etr: 9207.573401927948
28/1000 done, time: 9.363789319992065, etr: 9120.330797672272
29/1000 done, time: 9.384706258773804, etr: 9131.319189786911
30/1000 done, time: 9.407612800598145, etr: 9144.199642181396
31/1000 done, time: 9.352795362472534, etr: 9081.56429696083
32/1000 done, time: 9.604995965957642, etr: 9316.846086978912
33/1000 done, time: 9.315881967544556, etr: 9027.089626550674
34/1000 done, time: 9.325912952423096, etr: 9027.483737945557
35/1000 done, time: 9.528451919555664, etr: 9214.013006210327
36/1000 done, time: 9.420657634735107, etr: 9100.355275154114
37/1000 done, time: 9.537586688995361, etr: 9203.771154880524
38/1000 done, time: 9.53306794166565, etr: 9189.877495765686
39/1000 done, time: 9.466453313827515, etr: 9116.194541215897
40/1000 done, time: 9.381967067718506, etr: 9025.452319145203
41/1000 done, time: 9.446516513824463, etr: 9078.102369785309
42/1000 done, time: 9.407400608062744, etr: 9031.104583740234
43/1000 done, time: 9.399614095687866, etr: 9014.229917764664
44/1000 done, time: 9.359915494918823, etr: 8966.799044132233
45/1000 done, time: 9.423174142837524, etr: 9017.97765469551
46/1000 done, time: 9.50998830795288, etr: 9091.548822402954
47/1000 done, time: 9.452434539794922, etr: 9027.07498550415
48/1000 done, time: 9.554929494857788, etr: 9115.40273809433
49/1000 done, time: 9.41644835472107, etr: 8973.875282049179
50/1000 done, time: 9.379148483276367, etr: 8928.949356079102
51/1000 done, time: 9.399724960327148, etr: 8939.138437271118
52/1000 done, time: 9.39417552947998, etr: 8924.466753005981
53/1000 done, time: 9.53438115119934, etr: 9048.127712488174
54/1000 done, time: 9.340229034423828, etr: 8854.537124633789
55/1000 done, time: 9.415040254592896, etr: 8916.043121099472
56/1000 done, time: 9.547117471694946, etr: 9031.57312822342
57/1000 done, time: 9.396677494049072, etr: 8879.860231876373
58/1000 done, time: 9.487815380096436, etr: 8956.497718811035
59/1000 done, time: 9.87166690826416, etr: 9308.981894493103
60/1000 done, time: 9.614810705184937, etr: 9057.15168428421
61/1000 done, time: 9.411874055862427, etr: 8856.573486566544
62/1000 done, time: 9.456509113311768, etr: 8889.118566513062
63/1000 done, time: 9.502312660217285, etr: 8922.67158794403
64/1000 done, time: 9.455394983291626, etr: 8869.160494327545
65/1000 done, time: 9.432036876678467, etr: 8837.818553447723
66/1000 done, time: 9.489215850830078, etr: 8881.906036376953
67/1000 done, time: 9.478210926055908, etr: 8862.127215862274
68/1000 done, time: 9.36345624923706, etr: 8745.468136787415
69/1000 done, time: 9.41707444190979, etr: 8786.130454301834
70/1000 done, time: 9.380951881408691, etr: 8743.0471534729
71/1000 done, time: 9.486985206604004, etr: 8832.383227348328
72/1000 done, time: 9.366847038269043, etr: 8711.16774559021
73/1000 done, time: 9.360743045806885, etr: 8696.130289554596
74/1000 done, time: 9.424126386642456, etr: 8745.5892868042
75/1000 done, time: 9.354905843734741, etr: 8671.997717142105
76/1000 done, time: 9.364229440689087, etr: 8671.276462078094
77/1000 done, time: 9.618156671524048, etr: 8896.794921159744
78/1000 done, time: 9.539397954940796, etr: 8814.403710365295
79/1000 done, time: 9.614049196243286, etr: 8873.767408132553
80/1000 done, time: 9.467073440551758, etr: 8728.64171218872
81/1000 done, time: 9.4082670211792, etr: 8665.013926506042
82/1000 done, time: 9.42190670967102, etr: 8668.154172897339
83/1000 done, time: 9.503347635269165, etr: 8733.576476812363
84/1000 done, time: 9.42361044883728, etr: 8650.874392032623
85/1000 done, time: 9.446763753890991, etr: 8662.682362318039
86/1000 done, time: 9.411895036697388, etr: 8621.295853614807
87/1000 done, time: 9.393185377120972, etr: 8594.764620065689
88/1000 done, time: 9.43397068977356, etr: 8622.649210453033
89/1000 done, time: 9.36164402961731, etr: 8547.180999040604
90/1000 done, time: 9.441076755523682, etr: 8610.262001037598
91/1000 done, time: 9.668586015701294, etr: 8808.081860303879
92/1000 done, time: 9.57133674621582, etr: 8709.916439056396
93/1000 done, time: 9.538265705108643, etr: 8670.283525943756
94/1000 done, time: 9.3195161819458, etr: 8462.120693206787
95/1000 done, time: 9.397162914276123, etr: 8523.226763248444
96/1000 done, time: 9.461019515991211, etr: 8571.683681488037
97/1000 done, time: 9.49517297744751, etr: 8593.131544589996
98/1000 done, time: 9.532070636749268, etr: 8616.991855621338
99/1000 done, time: 9.440485715866089, etr: 8524.758601427078
100/1000 done, time: 9.565916299819946, etr: 8628.456502437592
101/1000 done, time: 9.633700609207153, etr: 8679.964248895645
102/1000 done, time: 9.44980525970459, etr: 8504.82473373413
103/1000 done, time: 9.519978761672974, etr: 8558.460906744003
104/1000 done, time: 9.577314615249634, etr: 8600.428524494171
105/1000 done, time: 9.430735349655151, etr: 8459.36960864067
106/1000 done, time: 9.46813702583313, etr: 8483.450775146484
107/1000 done, time: 9.481169700622559, etr: 8485.64688205719
108/1000 done, time: 9.449524879455566, etr: 8447.875242233276
109/1000 done, time: 9.738768100738525, etr: 8696.719913959503
110/1000 done, time: 9.376298427581787, etr: 8363.658197402954
111/1000 done, time: 9.372111320495605, etr: 8350.551186561584
112/1000 done, time: 9.512179613113403, etr: 8465.839855670929
113/1000 done, time: 9.47069239616394, etr: 8419.445540189743
114/1000 done, time: 9.641558408737183, etr: 8561.703866958618
115/1000 done, time: 9.593939065933228, etr: 8509.823951482773
116/1000 done, time: 9.42257285118103, etr: 8348.399546146393
117/1000 done, time: 9.460412979125977, etr: 8372.46548652649
118/1000 done, time: 9.478009700775146, etr: 8378.56057548523
119/1000 done, time: 9.376240730285645, etr: 8279.220564842224
120/1000 done, time: 9.549606800079346, etr: 8422.753197669983
121/1000 done, time: 9.413205623626709, etr: 8293.03415441513
122/1000 done, time: 9.391788721084595, etr: 8264.774074554443
123/1000 done, time: 9.398972272872925, etr: 8261.6966278553
124/1000 done, time: 9.40326452255249, etr: 8256.066250801086
125/1000 done, time: 9.40427017211914, etr: 8247.544940948486
126/1000 done, time: 9.474523305892944, etr: 8299.68241596222
127/1000 done, time: 9.510026216506958, etr: 8321.272939443588
128/1000 done, time: 9.406651258468628, etr: 8221.41319990158
129/1000 done, time: 9.413918018341064, etr: 8218.35043001175
130/1000 done, time: 9.463347434997559, etr: 8252.038963317871
131/1000 done, time: 9.403297424316406, etr: 8190.27205657959
132/1000 done, time: 9.439643383026123, etr: 8212.489743232727
133/1000 done, time: 9.699051141738892, etr: 8428.475442171097
134/1000 done, time: 9.435055494308472, etr: 8189.628169059753
135/1000 done, time: 9.504648685455322, etr: 8240.530410289764
136/1000 done, time: 9.63077449798584, etr: 8340.250715255737
137/1000 done, time: 9.53081727027893, etr: 8244.156938791275
138/1000 done, time: 9.610437393188477, etr: 8303.417907714844
139/1000 done, time: 9.666287422180176, etr: 8342.006045341492
140/1000 done, time: 9.42170262336731, etr: 8121.507661342621
141/1000 done, time: 9.464444160461426, etr: 8148.886422157288
142/1000 done, time: 9.386168003082275, etr: 8072.104482650757
143/1000 done, time: 9.508103847503662, etr: 8167.461205005646
144/1000 done, time: 9.53637409210205, etr: 8182.20897102356
145/1000 done, time: 9.489547967910767, etr: 8132.542608499527
146/1000 done, time: 9.504717826843262, etr: 8136.038459777832
147/1000 done, time: 9.3873770236969, etr: 8026.207355260849
148/1000 done, time: 9.418646574020386, etr: 8043.524174213409
149/1000 done, time: 9.560436964035034, etr: 8155.052730321884
150/1000 done, time: 9.421841859817505, etr: 8027.409264564514
151/1000 done, time: 9.614481687545776, etr: 8181.923916101456
152/1000 done, time: 9.350072622299194, etr: 7947.561728954315
153/1000 done, time: 9.373410701751709, etr: 7958.025685787201
154/1000 done, time: 9.621826171875, etr: 8159.30859375
155/1000 done, time: 9.58182430267334, etr: 8115.805184364319
156/1000 done, time: 9.383300304412842, etr: 7938.272057533264
157/1000 done, time: 9.466437578201294, etr: 7999.139753580093
158/1000 done, time: 9.510103940963745, etr: 8026.527726173401
159/1000 done, time: 9.900484085083008, etr: 8346.108083724976
160/1000 done, time: 9.59710168838501, etr: 8080.759621620178
161/1000 done, time: 9.390142440795898, etr: 7897.109792709351
162/1000 done, time: 9.658621311187744, etr: 8113.241901397705
163/1000 done, time: 9.377566814422607, etr: 7867.778557300568
164/1000 done, time: 9.512686967849731, etr: 7971.631679058075
165/1000 done, time: 9.553291320800781, etr: 7996.104835510254
166/1000 done, time: 9.383556604385376, etr: 7844.653321266174
167/1000 done, time: 9.44969630241394, etr: 7890.49641251564
168/1000 done, time: 9.431270599365234, etr: 7865.6796798706055
169/1000 done, time: 9.462756395339966, etr: 7882.4760773181915
170/1000 done, time: 9.41024374961853, etr: 7829.322799682617
171/1000 done, time: 9.410466432571411, etr: 7820.097605466843
172/1000 done, time: 9.488187313079834, etr: 7875.195469856262
173/1000 done, time: 9.4587984085083, etr: 7841.343880653381
174/1000 done, time: 9.411856889724731, etr: 7793.017504692078
175/1000 done, time: 9.486148834228516, etr: 7845.045085906982
176/1000 done, time: 9.415885210037231, etr: 7777.521183490753
177/1000 done, time: 9.404159307479858, etr: 7758.431428670883
178/1000 done, time: 9.439181327819824, etr: 7777.885414123535
179/1000 done, time: 9.506756782531738, etr: 7824.060832023621
180/1000 done, time: 9.414299011230469, etr: 7738.553787231445
181/1000 done, time: 9.48242974281311, etr: 7785.074818849564
182/1000 done, time: 9.610221147537231, etr: 7880.38134098053
183/1000 done, time: 9.463029623031616, etr: 7750.221261262894
184/1000 done, time: 9.416178703308105, etr: 7702.43417930603
185/1000 done, time: 9.424054622650146, etr: 7699.45262670517
186/1000 done, time: 9.599137306213379, etr: 7832.896041870117
187/1000 done, time: 9.438204288482666, etr: 7692.136495113373
188/1000 done, time: 9.48031497001648, etr: 7716.976385593414
189/1000 done, time: 9.47035026550293, etr: 7699.394765853882
190/1000 done, time: 9.415752649307251, etr: 7645.591151237488
191/1000 done, time: 9.578842401504517, etr: 7768.441187620163
192/1000 done, time: 9.30942416191101, etr: 7540.633571147919
193/1000 done, time: 9.517330169677734, etr: 7699.520107269287
194/1000 done, time: 9.496497392654419, etr: 7673.1698932647705
195/1000 done, time: 9.4198477268219, etr: 7601.817115545273
196/1000 done, time: 9.606543064117432, etr: 7742.87370967865
197/1000 done, time: 9.400522947311401, etr: 7567.420972585678
198/1000 done, time: 9.420541286468506, etr: 7574.115194320679
199/1000 done, time: 9.464900732040405, etr: 7600.315287828445
200/1000 done, time: 9.258174419403076, etr: 7425.055884361267
201/1000 done, time: 9.289360046386719, etr: 7440.777397155762
202/1000 done, time: 9.452003717422485, etr: 7561.602973937988
203/1000 done, time: 9.272756814956665, etr: 7408.932695150375
204/1000 done, time: 9.417537927627563, etr: 7515.195266246796
205/1000 done, time: 9.301102876663208, etr: 7412.978992700577
206/1000 done, time: 9.319579124450684, etr: 7418.384983062744
207/1000 done, time: 9.29657530784607, etr: 7390.777369737625
208/1000 done, time: 9.328355312347412, etr: 7406.714118003845
209/1000 done, time: 9.576845645904541, etr: 7594.438597202301
210/1000 done, time: 9.595165967941284, etr: 7599.371446609497
211/1000 done, time: 9.332207202911377, etr: 7381.775897502899
212/1000 done, time: 9.461419105529785, etr: 7474.52109336853
213/1000 done, time: 9.441396474838257, etr: 7449.261818647385
214/1000 done, time: 9.5145423412323, etr: 7497.459364891052
215/1000 done, time: 9.525271654129028, etr: 7496.388791799545
216/1000 done, time: 9.392850399017334, etr: 7382.7804136276245
217/1000 done, time: 9.37760877609253, etr: 7361.4228892326355
218/1000 done, time: 9.594451189041138, etr: 7522.049732208252
219/1000 done, time: 9.363030195236206, etr: 7331.252642869949
220/1000 done, time: 9.481652975082397, etr: 7414.652626514435
221/1000 done, time: 9.603761911392212, etr: 7500.5380527973175
222/1000 done, time: 9.394248485565186, etr: 7327.513818740845
223/1000 done, time: 9.53111481666565, etr: 7424.738442182541
224/1000 done, time: 9.43370509147644, etr: 7339.422561168671
225/1000 done, time: 9.497021436691284, etr: 7379.185656309128
226/1000 done, time: 9.519583225250244, etr: 7387.196582794189
227/1000 done, time: 9.521466970443726, etr: 7379.136902093887
228/1000 done, time: 9.576915264129639, etr: 7412.53241443634
229/1000 done, time: 9.480820178985596, etr: 7328.6739983558655
230/1000 done, time: 9.491247177124023, etr: 7327.242820739746
231/1000 done, time: 9.582715034484863, etr: 7388.27329158783
232/1000 done, time: 9.42142915725708, etr: 7254.500451087952
233/1000 done, time: 9.44575047492981, etr: 7263.782115221024
234/1000 done, time: 9.819468975067139, etr: 7541.3521728515625
235/1000 done, time: 9.528251886367798, etr: 7308.169196844101
236/1000 done, time: 9.656615972518921, etr: 7396.967834949493
237/1000 done, time: 9.54299283027649, etr: 7300.389515161514
238/1000 done, time: 9.547669172286987, etr: 7294.419247627258
239/1000 done, time: 9.763431787490845, etr: 7449.4984538555145
240/1000 done, time: 9.617216348648071, etr: 7328.31885766983
241/1000 done, time: 9.432273149490356, etr: 7177.959866762161
242/1000 done, time: 9.378940105438232, etr: 7127.994480133057
243/1000 done, time: 9.464301109313965, etr: 7183.404541969299
244/1000 done, time: 9.371632814407349, etr: 7103.69767332077
245/1000 done, time: 9.431326150894165, etr: 7139.513896226883
246/1000 done, time: 9.430532217025757, etr: 7129.482356071472
247/1000 done, time: 9.454201936721802, etr: 7137.92246222496
248/1000 done, time: 9.445149183273315, etr: 7121.64248418808
249/1000 done, time: 9.533937215805054, etr: 7179.054723501205
250/1000 done, time: 9.495102167129517, etr: 7140.3168296813965
251/1000 done, time: 9.599131345748901, etr: 7208.947640657425
252/1000 done, time: 9.5615713596344, etr: 7171.1785197258
253/1000 done, time: 9.351074695587158, etr: 7003.9549469947815
254/1000 done, time: 9.556669235229492, etr: 7148.38858795166
255/1000 done, time: 9.499645948410034, etr: 7096.2355234622955
256/1000 done, time: 9.554970026016235, etr: 7128.007639408112
257/1000 done, time: 9.803597450256348, etr: 7303.680100440979
258/1000 done, time: 9.5730299949646, etr: 7122.334316253662
259/1000 done, time: 9.653705835342407, etr: 7172.703435659409
260/1000 done, time: 9.468026399612427, etr: 7025.275588512421
261/1000 done, time: 9.378422975540161, etr: 6949.411424875259
262/1000 done, time: 9.486110210418701, etr: 7019.721555709839
263/1000 done, time: 9.575869083404541, etr: 7076.567252635956
264/1000 done, time: 9.492367506027222, etr: 7005.36721944809
265/1000 done, time: 9.595994234085083, etr: 7072.247750520706
266/1000 done, time: 9.405416250228882, etr: 6922.386360168457
267/1000 done, time: 9.527120351791382, etr: 7002.433458566666
268/1000 done, time: 9.5165376663208, etr: 6985.138647079468
269/1000 done, time: 9.605628728866577, etr: 7040.925858259201
270/1000 done, time: 9.477196216583252, etr: 6937.30763053894
271/1000 done, time: 9.424285411834717, etr: 6889.152636051178
272/1000 done, time: 9.576664686203003, etr: 6990.965220928192
273/1000 done, time: 9.57217288017273, etr: 6978.11402964592
274/1000 done, time: 9.62385892868042, etr: 7006.169300079346
275/1000 done, time: 9.500308275222778, etr: 6906.72411608696
276/1000 done, time: 9.609449625015259, etr: 6976.460427761078
277/1000 done, time: 9.487645387649536, etr: 6878.542906045914
278/1000 done, time: 9.47681736946106, etr: 6861.215775489807
279/1000 done, time: 9.456221342086792, etr: 6836.848030328751
280/1000 done, time: 9.41027545928955, etr: 6794.218881607056
281/1000 done, time: 9.67236042022705, etr: 6973.771862983704
282/1000 done, time: 9.434163808822632, etr: 6792.597942352295
283/1000 done, time: 9.546308755874634, etr: 6863.795995473862
284/1000 done, time: 9.445266485214233, etr: 6781.70133638382
285/1000 done, time: 9.37061333656311, etr: 6718.72976231575
286/1000 done, time: 9.65123701095581, etr: 6910.28569984436
287/1000 done, time: 9.558363914489746, etr: 6834.2301988601685
288/1000 done, time: 9.562493324279785, etr: 6827.620233535767
289/1000 done, time: 9.555152416229248, etr: 6812.823672771454
290/1000 done, time: 9.382829189300537, etr: 6680.574382781982
291/1000 done, time: 9.429373502731323, etr: 6704.284560441971
292/1000 done, time: 9.381758213043213, etr: 6661.048331260681
293/1000 done, time: 9.452707052230835, etr: 6701.969300031662
294/1000 done, time: 9.485883712768555, etr: 6716.005668640137
295/1000 done, time: 9.448804140090942, etr: 6680.304527044296
296/1000 done, time: 9.596006631851196, etr: 6774.780682086945
297/1000 done, time: 9.69210958480835, etr: 6832.9372572898865
298/1000 done, time: 9.547671794891357, etr: 6721.560943603516
299/1000 done, time: 9.483784437179565, etr: 6667.1004593372345
300/1000 done, time: 9.456455945968628, etr: 6638.432074069977
301/1000 done, time: 9.445982694625854, etr: 6621.633868932724
302/1000 done, time: 9.407395839691162, etr: 6585.1770877838135
303/1000 done, time: 9.40797233581543, etr: 6576.172662734985
304/1000 done, time: 9.403727293014526, etr: 6563.801650524139
305/1000 done, time: 9.482288122177124, etr: 6609.154821157455
306/1000 done, time: 9.466149806976318, etr: 6588.440265655518
307/1000 done, time: 9.50185775756836, etr: 6603.79114151001
308/1000 done, time: 9.418939590454102, etr: 6536.7440757751465
309/1000 done, time: 9.675228357315063, etr: 6704.933251619339
310/1000 done, time: 9.49700117111206, etr: 6571.924810409546
311/1000 done, time: 9.436706304550171, etr: 6520.764056444168
312/1000 done, time: 9.573196649551392, etr: 6605.50568819046
313/1000 done, time: 9.504266262054443, etr: 6548.4394545555115
314/1000 done, time: 9.544476747512817, etr: 6566.600002288818
315/1000 done, time: 9.610468864440918, etr: 6602.392109870911
316/1000 done, time: 9.471617937088013, etr: 6497.529904842377
317/1000 done, time: 9.54243278503418, etr: 6536.566457748413
318/1000 done, time: 9.833596229553223, etr: 6726.179821014404
319/1000 done, time: 9.630119800567627, etr: 6577.371823787689
320/1000 done, time: 9.5106360912323, etr: 6486.2538142204285
321/1000 done, time: 9.527215003967285, etr: 6488.033417701721
322/1000 done, time: 9.430335760116577, etr: 6412.6283168792725
323/1000 done, time: 9.538314819335938, etr: 6476.515762329102
324/1000 done, time: 9.480067491531372, etr: 6427.48575925827
325/1000 done, time: 9.45278811454773, etr: 6399.537553548813
326/1000 done, time: 9.494866609573364, etr: 6418.529828071594
327/1000 done, time: 9.421021223068237, etr: 6359.18932557106
328/1000 done, time: 9.521056413650513, etr: 6417.192022800446
329/1000 done, time: 9.548049211502075, etr: 6425.837119340897
330/1000 done, time: 9.427490711212158, etr: 6335.27375793457
331/1000 done, time: 9.483285188674927, etr: 6363.284361600876
332/1000 done, time: 9.476526260375977, etr: 6349.272594451904
333/1000 done, time: 9.963385343551636, etr: 6665.504794836044
334/1000 done, time: 9.806958198547363, etr: 6551.048076629639
335/1000 done, time: 9.78391408920288, etr: 6525.8706974983215
336/1000 done, time: 9.808048009872437, etr: 6532.159974575043
337/1000 done, time: 9.678337335586548, etr: 6436.094328165054
338/1000 done, time: 9.683470964431763, etr: 6429.82472038269
339/1000 done, time: 9.787787437438965, etr: 6489.303071022034
340/1000 done, time: 9.653339862823486, etr: 6390.510989189148
341/1000 done, time: 9.691634178161621, etr: 6406.1701917648315
342/1000 done, time: 9.732851505279541, etr: 6423.681993484497
343/1000 done, time: 9.624239921569824, etr: 6342.374108314514
344/1000 done, time: 9.952939510345459, etr: 6549.034197807312
345/1000 done, time: 9.775669574737549, etr: 6422.61491060257
346/1000 done, time: 9.77149224281311, etr: 6410.0989112854
347/1000 done, time: 9.849790096282959, etr: 6451.612513065338
348/1000 done, time: 9.618186950683594, etr: 6290.29426574707
349/1000 done, time: 9.58951187133789, etr: 6261.951251983643
350/1000 done, time: 9.70845341682434, etr: 6329.91162776947
351/1000 done, time: 9.624788045883179, etr: 6265.737017869949
352/1000 done, time: 9.735417366027832, etr: 6328.021287918091
353/1000 done, time: 9.700029611587524, etr: 6295.319217920303
354/1000 done, time: 9.884231328964233, etr: 6404.981901168823
355/1000 done, time: 9.661118984222412, etr: 6250.743982791901
356/1000 done, time: 9.846742391586304, etr: 6360.995584964752
357/1000 done, time: 9.583112001419067, etr: 6181.1072409152985
358/1000 done, time: 9.6417818069458, etr: 6209.307483673096
359/1000 done, time: 9.885583877563477, etr: 6356.430433273315
360/1000 done, time: 9.676111698150635, etr: 6212.0637102127075
361/1000 done, time: 9.687981843948364, etr: 6209.9963619709015
362/1000 done, time: 9.542492389678955, etr: 6107.195129394531
363/1000 done, time: 9.759300708770752, etr: 6236.1931529045105
364/1000 done, time: 9.626695394515991, etr: 6141.831661701202
365/1000 done, time: 9.822532176971436, etr: 6256.952996730804
366/1000 done, time: 9.828117370605469, etr: 6250.682647705078
367/1000 done, time: 9.738884449005127, etr: 6184.191625118256
368/1000 done, time: 9.588027000427246, etr: 6078.809118270874
369/1000 done, time: 9.70114541053772, etr: 6140.825044870377
370/1000 done, time: 9.76576542854309, etr: 6171.963750839233
371/1000 done, time: 9.913559913635254, etr: 6255.456305503845
372/1000 done, time: 9.686617612838745, etr: 6102.569096088409
373/1000 done, time: 9.78409457206726, etr: 6154.195485830307
374/1000 done, time: 9.721054315567017, etr: 6104.822110176086
375/1000 done, time: 10.026288986206055, etr: 6286.483194351196
376/1000 done, time: 9.76523470878601, etr: 6113.036927700043
377/1000 done, time: 9.863014936447144, etr: 6164.384335279465
378/1000 done, time: 9.850903272628784, etr: 6146.963642120361
379/1000 done, time: 9.433847665786743, etr: 5877.287095785141
380/1000 done, time: 9.501161336898804, etr: 5909.722351551056
381/1000 done, time: 9.449865818023682, etr: 5868.366672992706
382/1000 done, time: 9.379576683044434, etr: 5815.337543487549
383/1000 done, time: 9.479478120803833, etr: 5867.796956777573
384/1000 done, time: 9.502844095230103, etr: 5872.757650852203
385/1000 done, time: 9.564799070358276, etr: 5901.4810264110565
386/1000 done, time: 9.505560398101807, etr: 5855.425205230713
387/1000 done, time: 9.554054021835327, etr: 5875.743223428726
388/1000 done, time: 9.563289642333984, etr: 5871.859840393066
389/1000 done, time: 9.480437517166138, etr: 5811.508198022842
390/1000 done, time: 9.556046724319458, etr: 5848.300595283508
391/1000 done, time: 9.527209997177124, etr: 5821.125308275223
392/1000 done, time: 9.377216339111328, etr: 5720.10196685791
393/1000 done, time: 9.699270486831665, etr: 5906.855726480484
394/1000 done, time: 9.41037392616272, etr: 5721.507347106934
395/1000 done, time: 9.423417806625366, etr: 5720.014608621597
396/1000 done, time: 9.443122386932373, etr: 5722.532166481018
397/1000 done, time: 9.453113794326782, etr: 5719.133845567703
398/1000 done, time: 9.378342628479004, etr: 5664.518947601318
399/1000 done, time: 9.50256896018982, etr: 5730.049082994461
400/1000 done, time: 9.52807903289795, etr: 5735.903577804565
401/1000 done, time: 9.539317607879639, etr: 5733.129882335663
402/1000 done, time: 9.365046977996826, etr: 5619.028186798096
403/1000 done, time: 9.415167570114136, etr: 5639.685374498367
404/1000 done, time: 9.417357921600342, etr: 5631.580037117004
405/1000 done, time: 9.312937259674072, etr: 5559.823544025421
406/1000 done, time: 9.57741379737854, etr: 5708.13862323761
407/1000 done, time: 9.57075548171997, etr: 5694.599511623383
408/1000 done, time: 9.462889671325684, etr: 5620.956464767456
409/1000 done, time: 9.962738513946533, etr: 5907.903938770294
410/1000 done, time: 9.609920740127563, etr: 5689.073078155518
411/1000 done, time: 9.447192668914795, etr: 5583.290867328644
412/1000 done, time: 9.676495790481567, etr: 5709.132516384125
413/1000 done, time: 9.56555962562561, etr: 5634.1146194934845
414/1000 done, time: 9.483004570007324, etr: 5576.006687164307
415/1000 done, time: 9.476386308670044, etr: 5562.638763189316
416/1000 done, time: 9.380725860595703, etr: 5497.105354309082
417/1000 done, time: 9.485742092132568, etr: 5549.1591238975525
418/1000 done, time: 9.433341264724731, etr: 5509.071298599243
419/1000 done, time: 9.661107063293457, etr: 5632.425417900085
420/1000 done, time: 9.520148754119873, etr: 5540.726574897766
421/1000 done, time: 9.524348735809326, etr: 5533.6466155052185
422/1000 done, time: 9.500542163848877, etr: 5510.314455032349
423/1000 done, time: 9.465557098388672, etr: 5480.557559967041
424/1000 done, time: 9.521031379699707, etr: 5503.156137466431
425/1000 done, time: 9.714050054550171, etr: 5605.006881475449
426/1000 done, time: 9.467101573944092, etr: 5453.050506591797
427/1000 done, time: 9.475944995880127, etr: 5448.668372631073
428/1000 done, time: 9.41275429725647, etr: 5402.920966625214
429/1000 done, time: 9.400136709213257, etr: 5386.278334379196
430/1000 done, time: 9.518949270248413, etr: 5444.838982582092
431/1000 done, time: 9.45241403579712, etr: 5397.328414440155
432/1000 done, time: 9.433535099029541, etr: 5377.115006446838
433/1000 done, time: 9.454714059829712, etr: 5379.732300043106
434/1000 done, time: 9.420106887817383, etr: 5350.620712280273
435/1000 done, time: 9.428982496261597, etr: 5346.233075380325
436/1000 done, time: 9.579517602920532, etr: 5422.006963253021
437/1000 done, time: 9.482769966125488, etr: 5357.765030860901
438/1000 done, time: 9.613398551940918, etr: 5421.956783294678
439/1000 done, time: 9.474058866500854, etr: 5333.895141839981
440/1000 done, time: 9.402512788772583, etr: 5284.212187290192
441/1000 done, time: 9.450956583023071, etr: 5301.986643075943
442/1000 done, time: 9.375715732574463, etr: 5250.400810241699
443/1000 done, time: 9.419895648956299, etr: 5265.721667766571
444/1000 done, time: 9.473588943481445, etr: 5286.2626304626465
445/1000 done, time: 9.459728002548218, etr: 5269.068497419357
446/1000 done, time: 9.773443937301636, etr: 5434.0348291397095
447/1000 done, time: 9.421195268630981, etr: 5228.763374090195
448/1000 done, time: 9.425112009048462, etr: 5221.512053012848
449/1000 done, time: 9.600675106048584, etr: 5309.173333644867
450/1000 done, time: 9.534453630447388, etr: 5263.018404006958
451/1000 done, time: 9.646786451339722, etr: 5315.379334688187
452/1000 done, time: 9.581262111663818, etr: 5269.6941614151
453/1000 done, time: 9.448836326599121, etr: 5187.4111433029175
454/1000 done, time: 9.530137538909912, etr: 5222.515371322632
455/1000 done, time: 9.4141206741333, etr: 5149.5240087509155
456/1000 done, time: 9.419742584228516, etr: 5143.1794509887695
457/1000 done, time: 9.638369798660278, etr: 5252.911540269852
458/1000 done, time: 9.426663160324097, etr: 5128.104759216309
459/1000 done, time: 9.809518575668335, etr: 5326.568586587906
460/1000 done, time: 9.502045392990112, etr: 5150.108603000641
461/1000 done, time: 9.423246622085571, etr: 5097.976422548294
462/1000 done, time: 9.583140134811401, etr: 5174.895672798157
463/1000 done, time: 9.461302280426025, etr: 5099.641929149628
464/1000 done, time: 9.486396551132202, etr: 5103.681344509125
465/1000 done, time: 9.546735525131226, etr: 5126.596976995468
466/1000 done, time: 9.405369281768799, etr: 5041.277935028076
467/1000 done, time: 9.41199803352356, etr: 5035.418947935104
468/1000 done, time: 9.468708753585815, etr: 5056.290474414825
469/1000 done, time: 9.589228391647339, etr: 5111.058732748032
470/1000 done, time: 9.448089122772217, etr: 5026.383413314819
471/1000 done, time: 9.466796875, etr: 5026.869140625
472/1000 done, time: 9.443216800689697, etr: 5004.90490436554
473/1000 done, time: 9.494555473327637, etr: 5022.61984539032
474/1000 done, time: 9.515810251235962, etr: 5024.347812652588
475/1000 done, time: 9.608185529708862, etr: 5063.51377415657
476/1000 done, time: 9.468387126922607, etr: 4980.3716287612915
477/1000 done, time: 9.456080436706543, etr: 4964.442229270935
478/1000 done, time: 9.44266653060913, etr: 4947.957262039185
479/1000 done, time: 9.468519926071167, etr: 4952.03592133522
480/1000 done, time: 9.479066133499146, etr: 4948.072521686554
481/1000 done, time: 9.509960889816284, etr: 4954.689623594284
482/1000 done, time: 9.496668815612793, etr: 4938.267784118652
483/1000 done, time: 9.516683101654053, etr: 4939.158529758453
484/1000 done, time: 9.486513137817383, etr: 4914.013805389404
485/1000 done, time: 9.533261775970459, etr: 4928.696338176727
486/1000 done, time: 9.51583218574524, etr: 4910.1694078445435
487/1000 done, time: 9.552496433258057, etr: 4919.535663127899
488/1000 done, time: 9.609040975570679, etr: 4939.047061443329
489/1000 done, time: 9.43018126487732, etr: 4837.682988882065
490/1000 done, time: 9.449280738830566, etr: 4838.03173828125
491/1000 done, time: 9.608115434646606, etr: 4909.746987104416
492/1000 done, time: 9.480393648147583, etr: 4835.000760555267
493/1000 done, time: 9.39667558670044, etr: 4782.907873630524
494/1000 done, time: 9.50248384475708, etr: 4827.261793136597
495/1000 done, time: 9.626399755477905, etr: 4880.584676027298
496/1000 done, time: 9.553710222244263, etr: 4834.177372455597
497/1000 done, time: 9.422016620635986, etr: 4758.118393421173
498/1000 done, time: 9.463138103485107, etr: 4769.421604156494
499/1000 done, time: 9.6075599193573, etr: 4832.602639436722
500/1000 done, time: 9.38722276687622, etr: 4712.385828971863
501/1000 done, time: 9.528552055358887, etr: 4773.804579734802
502/1000 done, time: 9.4279305934906, etr: 4713.9652967453
503/1000 done, time: 9.383194923400879, etr: 4682.214266777039
504/1000 done, time: 9.501506805419922, etr: 4731.750389099121
505/1000 done, time: 9.40507197380066, etr: 4674.320770978928
506/1000 done, time: 9.37105941772461, etr: 4648.045471191406
507/1000 done, time: 9.486079216003418, etr: 4695.609211921692
508/1000 done, time: 9.475905179977417, etr: 4681.097158908844
509/1000 done, time: 9.809515953063965, etr: 4836.091364860535
510/1000 done, time: 9.424302339553833, etr: 4636.756751060486
511/1000 done, time: 9.409459829330444, etr: 4620.044776201248
512/1000 done, time: 9.47827935218811, etr: 4644.356882572174
513/1000 done, time: 9.382086277008057, etr: 4587.84018945694
514/1000 done, time: 9.422451734542847, etr: 4598.156446456909
515/1000 done, time: 9.455242156982422, etr: 4604.702930450439
516/1000 done, time: 9.436910629272461, etr: 4586.338565826416
517/1000 done, time: 9.570657730102539, etr: 4641.768999099731
518/1000 done, time: 9.51205062866211, etr: 4603.832504272461
519/1000 done, time: 9.493764877319336, etr: 4585.488435745239
520/1000 done, time: 9.528801202774048, etr: 4592.882179737091
521/1000 done, time: 9.465636730194092, etr: 4552.971267223358
522/1000 done, time: 9.442145586013794, etr: 4532.229881286621
523/1000 done, time: 9.657121896743774, etr: 4625.761388540268
524/1000 done, time: 9.587924242019653, etr: 4583.027787685394
525/1000 done, time: 9.52379560470581, etr: 4542.850503444672
526/1000 done, time: 9.444090366363525, etr: 4495.387014389038
527/1000 done, time: 9.437335014343262, etr: 4482.734131813049
528/1000 done, time: 9.59110975265503, etr: 4546.186022758484
529/1000 done, time: 9.498766660690308, etr: 4492.9166305065155
530/1000 done, time: 9.496338844299316, etr: 4482.271934509277
531/1000 done, time: 9.557421207427979, etr: 4501.545388698578
532/1000 done, time: 9.512877702713013, etr: 4471.052520275116
533/1000 done, time: 9.560892343521118, etr: 4484.058509111404
534/1000 done, time: 9.460673093795776, etr: 4427.595007896423
535/1000 done, time: 9.471238613128662, etr: 4423.068432331085
536/1000 done, time: 9.452004671096802, etr: 4404.63417673111
537/1000 done, time: 9.410398244857788, etr: 4375.8351838588715
538/1000 done, time: 9.48284649848938, etr: 4400.040775299072
539/1000 done, time: 9.52345609664917, etr: 4409.360172748566
540/1000 done, time: 9.403786659240723, etr: 4344.549436569214
541/1000 done, time: 9.471589088439941, etr: 4366.402569770813
542/1000 done, time: 9.353079319000244, etr: 4302.416486740112
543/1000 done, time: 9.415523290634155, etr: 4321.725190401077
544/1000 done, time: 9.475741624832153, etr: 4339.889664173126
545/1000 done, time: 9.403873682022095, etr: 4297.570272684097
546/1000 done, time: 9.51977276802063, etr: 4341.016382217407
547/1000 done, time: 9.569727897644043, etr: 4354.22619342804
548/1000 done, time: 9.581178665161133, etr: 4349.855113983154
549/1000 done, time: 9.659306764602661, etr: 4375.6659643650055
550/1000 done, time: 9.3656005859375, etr: 4233.25146484375
551/1000 done, time: 9.366437196731567, etr: 4224.263175725937
552/1000 done, time: 9.431380271911621, etr: 4244.1211223602295
553/1000 done, time: 9.40463376045227, etr: 4222.6805584430695
554/1000 done, time: 9.42091965675354, etr: 4220.572006225586
555/1000 done, time: 9.323043584823608, etr: 4167.400482416153
556/1000 done, time: 9.396742105484009, etr: 4190.946979045868
557/1000 done, time: 9.500990152359009, etr: 4227.940617799759
558/1000 done, time: 9.420746088027954, etr: 4182.811263084412
559/1000 done, time: 9.68468427658081, etr: 4290.315134525299
560/1000 done, time: 9.49954605102539, etr: 4198.799354553223
561/1000 done, time: 9.472609758377075, etr: 4177.42090344429
562/1000 done, time: 9.502676963806152, etr: 4181.177864074707
563/1000 done, time: 9.378682136535645, etr: 4117.241457939148
564/1000 done, time: 9.37950611114502, etr: 4108.223676681519
565/1000 done, time: 9.376935720443726, etr: 4097.720909833908
566/1000 done, time: 9.453094482421875, etr: 4121.5491943359375
567/1000 done, time: 9.428731679916382, etr: 4101.498280763626
568/1000 done, time: 9.515172958374023, etr: 4129.585063934326
569/1000 done, time: 9.455672025680542, etr: 4094.3059871196747
570/1000 done, time: 9.5560941696167, etr: 4128.232681274414
571/1000 done, time: 9.600764274597168, etr: 4137.929402351379
572/1000 done, time: 9.41528582572937, etr: 4048.572905063629
573/1000 done, time: 9.4825119972229, etr: 4067.9976468086243
574/1000 done, time: 9.40704607963562, etr: 4026.2157220840454
575/1000 done, time: 9.402509450912476, etr: 4014.871535539627
576/1000 done, time: 9.554445743560791, etr: 4070.193886756897
577/1000 done, time: 9.34330677986145, etr: 3970.9053814411163
578/1000 done, time: 9.43066143989563, etr: 3998.600450515747
579/1000 done, time: 9.506574153900146, etr: 4021.280867099762
580/1000 done, time: 9.477521896362305, etr: 3999.5142402648926
581/1000 done, time: 9.531355381011963, etr: 4012.7006154060364
582/1000 done, time: 9.43052077293396, etr: 3960.818724632263
583/1000 done, time: 9.498190879821777, etr: 3979.7419786453247
584/1000 done, time: 9.551570892333984, etr: 3992.5566329956055
585/1000 done, time: 9.562625646591187, etr: 3987.614894628525
586/1000 done, time: 9.53487229347229, etr: 3966.5068740844727
587/1000 done, time: 9.527648210525513, etr: 3953.9740073680878
588/1000 done, time: 9.43471360206604, etr: 3905.9714312553406
589/1000 done, time: 9.43806767463684, etr: 3897.9219496250153
590/1000 done, time: 9.438790321350098, etr: 3888.7816123962402
591/1000 done, time: 9.488598585128784, etr: 3899.8140184879303
592/1000 done, time: 9.490072250366211, etr: 3890.9296226501465
593/1000 done, time: 9.429272651672363, etr: 3856.5725145339966
594/1000 done, time: 9.527453899383545, etr: 3887.2011909484863
595/1000 done, time: 9.525498390197754, etr: 3876.877844810486
596/1000 done, time: 9.578508138656616, etr: 3888.874304294586
597/1000 done, time: 9.611106634140015, etr: 3892.498186826706
598/1000 done, time: 9.470396280288696, etr: 3826.0400972366333
599/1000 done, time: 9.572636127471924, etr: 3857.7723593711853
600/1000 done, time: 9.467646837234497, etr: 3805.994028568268
601/1000 done, time: 9.504693746566772, etr: 3811.3821923732758
602/1000 done, time: 9.588269233703613, etr: 3835.3076934814453
603/1000 done, time: 9.538731575012207, etr: 3805.9538984298706
604/1000 done, time: 9.499982118606567, etr: 3780.992883205414
605/1000 done, time: 9.604620933532715, etr: 3813.034510612488
606/1000 done, time: 9.754021644592285, etr: 3862.592571258545
607/1000 done, time: 9.705749988555908, etr: 3833.7712454795837
608/1000 done, time: 9.54455041885376, etr: 3760.5528650283813
609/1000 done, time: 10.012770175933838, etr: 3935.0186791419983
610/1000 done, time: 9.524468421936035, etr: 3733.591621398926
611/1000 done, time: 9.413824319839478, etr: 3680.8053090572357
612/1000 done, time: 9.524155616760254, etr: 3714.420690536499
613/1000 done, time: 9.385668992996216, etr: 3651.025238275528
614/1000 done, time: 9.43952989578247, etr: 3662.5375995635986
615/1000 done, time: 9.432240009307861, etr: 3650.2768836021423
616/1000 done, time: 9.34931206703186, etr: 3608.834457874298
617/1000 done, time: 9.405186891555786, etr: 3620.9969532489777
618/1000 done, time: 9.53047513961792, etr: 3659.7024536132812
619/1000 done, time: 9.51888132095337, etr: 3645.7315459251404
620/1000 done, time: 9.51444387435913, etr: 3634.517560005188
621/1000 done, time: 9.91567087173462, etr: 3777.87060213089
622/1000 done, time: 9.514143466949463, etr: 3615.374517440796
623/1000 done, time: 9.64790391921997, etr: 3656.555585384369
624/1000 done, time: 9.750059127807617, etr: 3685.5223503112793
625/1000 done, time: 9.557141780853271, etr: 3603.0424513816833
626/1000 done, time: 9.595292091369629, etr: 3607.8298263549805
627/1000 done, time: 9.518140316009521, etr: 3569.3026185035706
628/1000 done, time: 9.513039112091064, etr: 3557.876627922058
629/1000 done, time: 9.481516361236572, etr: 3536.6056027412415
630/1000 done, time: 9.467903137207031, etr: 3522.0599670410156
631/1000 done, time: 9.473022699356079, etr: 3514.4914214611053
632/1000 done, time: 9.464390993118286, etr: 3501.824667453766
633/1000 done, time: 9.500718355178833, etr: 3505.7650730609894
634/1000 done, time: 9.440776586532593, etr: 3474.205783843994
635/1000 done, time: 9.406434535980225, etr: 3452.1614747047424
636/1000 done, time: 9.441923141479492, etr: 3455.743869781494
637/1000 done, time: 9.381916046142578, etr: 3424.399356842041
638/1000 done, time: 9.395242691040039, etr: 3419.868339538574
639/1000 done, time: 9.54668378829956, etr: 3465.4462151527405
640/1000 done, time: 9.431769371032715, etr: 3414.300512313843
641/1000 done, time: 9.375450611114502, etr: 3384.537670612335
642/1000 done, time: 9.57999062538147, etr: 3448.796625137329
643/1000 done, time: 9.491225719451904, etr: 3407.3500332832336
644/1000 done, time: 9.410605192184448, etr: 3368.9966588020325
645/1000 done, time: 9.398951530456543, etr: 3355.425696372986
646/1000 done, time: 9.490867853164673, etr: 3378.7489557266235
647/1000 done, time: 9.482205867767334, etr: 3366.1830830574036
648/1000 done, time: 9.40434193611145, etr: 3329.1370453834534
649/1000 done, time: 9.41826319694519, etr: 3324.646908521652
650/1000 done, time: 9.374332904815674, etr: 3299.765182495117
651/1000 done, time: 9.365604400634766, etr: 3287.3271446228027
652/1000 done, time: 9.372106313705444, etr: 3280.2372097969055
653/1000 done, time: 9.419804096221924, etr: 3287.5116295814514
654/1000 done, time: 9.49602460861206, etr: 3304.616563796997
655/1000 done, time: 9.520596981048584, etr: 3303.6471524238586
656/1000 done, time: 9.432727813720703, etr: 3263.7238235473633
657/1000 done, time: 9.439945220947266, etr: 3256.7811012268066
658/1000 done, time: 9.563315391540527, etr: 3289.7804946899414
659/1000 done, time: 9.982036352157593, etr: 3423.8384687900543
660/1000 done, time: 9.566269159317017, etr: 3271.6640524864197
661/1000 done, time: 9.545178890228271, etr: 3254.9060015678406
662/1000 done, time: 9.534205913543701, etr: 3241.6300106048584
663/1000 done, time: 9.58176589012146, etr: 3248.218636751175
664/1000 done, time: 9.44029951095581, etr: 3190.821234703064
665/1000 done, time: 9.692049264907837, etr: 3266.220602273941
666/1000 done, time: 9.455180168151855, etr: 3176.9405364990234
667/1000 done, time: 9.411722183227539, etr: 3152.9269313812256
668/1000 done, time: 9.449735641479492, etr: 3156.2117042541504
669/1000 done, time: 9.410487174987793, etr: 3133.692229270935
670/1000 done, time: 9.435609817504883, etr: 3132.622459411621
671/1000 done, time: 9.510128736495972, etr: 3147.8526117801666
672/1000 done, time: 9.448301553726196, etr: 3117.939512729645
673/1000 done, time: 9.440138816833496, etr: 3105.80567073822
674/1000 done, time: 9.408431768417358, etr: 3085.9656200408936
675/1000 done, time: 9.393433809280396, etr: 3071.6528556346893
676/1000 done, time: 9.549115180969238, etr: 3113.0115489959717
677/1000 done, time: 9.368574857711792, etr: 3044.7868287563324
678/1000 done, time: 9.580362558364868, etr: 3104.0374689102173
679/1000 done, time: 9.577566623687744, etr: 3093.5540194511414
680/1000 done, time: 9.514139652252197, etr: 3063.5529680252075
681/1000 done, time: 9.625551700592041, etr: 3089.802095890045
682/1000 done, time: 9.52115249633789, etr: 3046.768798828125
683/1000 done, time: 9.511425733566284, etr: 3034.1448090076447
684/1000 done, time: 9.572456121444702, etr: 3044.0410466194153
685/1000 done, time: 9.607599258422852, etr: 3045.608964920044
686/1000 done, time: 9.36237096786499, etr: 2958.509225845337
687/1000 done, time: 9.480843305587769, etr: 2986.465641260147
688/1000 done, time: 9.398514032363892, etr: 2951.133406162262
689/1000 done, time: 9.358766794204712, etr: 2929.294006586075
690/1000 done, time: 9.391114950180054, etr: 2930.0278644561768
691/1000 done, time: 9.507183313369751, etr: 2956.7340104579926
692/1000 done, time: 9.45172929763794, etr: 2930.0360822677612
693/1000 done, time: 9.414474487304688, etr: 2909.0726165771484
694/1000 done, time: 9.456107378005981, etr: 2912.4810724258423
695/1000 done, time: 9.483926057815552, etr: 2911.5652997493744
696/1000 done, time: 9.701074123382568, etr: 2968.528681755066
697/1000 done, time: 9.592111825942993, etr: 2925.594106912613
698/1000 done, time: 9.493637561798096, etr: 2886.065818786621
699/1000 done, time: 9.51192045211792, etr: 2882.1118969917297
700/1000 done, time: 9.449280500411987, etr: 2853.68271112442
701/1000 done, time: 9.371755838394165, etr: 2820.8985073566437
702/1000 done, time: 9.430709838867188, etr: 2829.2129516601562
703/1000 done, time: 9.469959735870361, etr: 2831.517961025238
704/1000 done, time: 9.494115114212036, etr: 2829.2463040351868
705/1000 done, time: 9.534080028533936, etr: 2831.621768474579
706/1000 done, time: 9.504514932632446, etr: 2813.336420059204
707/1000 done, time: 9.492106199264526, etr: 2800.1713287830353
708/1000 done, time: 9.53008246421814, etr: 2801.844244480133
709/1000 done, time: 9.72042441368103, etr: 2848.084353208542
710/1000 done, time: 9.468616724014282, etr: 2764.8360834121704
711/1000 done, time: 9.359591960906982, etr: 2723.641260623932
712/1000 done, time: 9.458071947097778, etr: 2742.8408646583557
713/1000 done, time: 9.466974258422852, etr: 2735.955560684204
714/1000 done, time: 9.406221628189087, etr: 2708.991828918457
715/1000 done, time: 9.409407138824463, etr: 2700.499848842621
716/1000 done, time: 9.40610146522522, etr: 2690.145019054413
717/1000 done, time: 9.375022649765015, etr: 2671.881455183029
718/1000 done, time: 9.507713556289673, etr: 2700.190649986267
719/1000 done, time: 9.379228591918945, etr: 2654.3216915130615
720/1000 done, time: 9.424286603927612, etr: 2657.6488223075867
721/1000 done, time: 9.579747676849365, etr: 2691.9090971946716
722/1000 done, time: 9.79122543334961, etr: 2741.5431213378906
723/1000 done, time: 9.578247308731079, etr: 2672.330999135971
724/1000 done, time: 9.478429317474365, etr: 2635.0033502578735
725/1000 done, time: 9.374439001083374, etr: 2596.7196033000946
726/1000 done, time: 9.458085298538208, etr: 2610.4315423965454
727/1000 done, time: 9.48060941696167, etr: 2607.1675896644592
728/1000 done, time: 9.474730968475342, etr: 2596.0762853622437
729/1000 done, time: 9.528244733810425, etr: 2601.210812330246
730/1000 done, time: 9.51384162902832, etr: 2587.764923095703
731/1000 done, time: 9.521850347518921, etr: 2580.4214441776276
732/1000 done, time: 9.457498788833618, etr: 2553.524672985077
733/1000 done, time: 9.380364179611206, etr: 2523.3179643154144
734/1000 done, time: 9.536583423614502, etr: 2555.8043575286865
735/1000 done, time: 9.55438494682312, etr: 2551.020780801773
736/1000 done, time: 9.39073920249939, etr: 2497.9366278648376
737/1000 done, time: 9.46251130104065, etr: 2507.565494775772
738/1000 done, time: 9.500160455703735, etr: 2508.042360305786
739/1000 done, time: 9.571092128753662, etr: 2517.197229862213
740/1000 done, time: 9.469643831253052, etr: 2481.0466837882996
741/1000 done, time: 9.451549053192139, etr: 2466.854302883148
742/1000 done, time: 9.447967529296875, etr: 2456.4715576171875
743/1000 done, time: 9.432833671569824, etr: 2443.1039209365845
744/1000 done, time: 9.437174558639526, etr: 2434.791036128998
745/1000 done, time: 9.438859701156616, etr: 2425.7869431972504
746/1000 done, time: 9.472532272338867, etr: 2424.96826171875
747/1000 done, time: 9.457438945770264, etr: 2411.6469311714172
748/1000 done, time: 9.491127252578735, etr: 2410.746322154999
749/1000 done, time: 9.459477663040161, etr: 2393.2478487491608
750/1000 done, time: 9.570545434951782, etr: 2411.777449607849
751/1000 done, time: 9.421334743499756, etr: 2364.7550206184387
752/1000 done, time: 9.396042108535767, etr: 2349.0105271339417
753/1000 done, time: 9.459028959274292, etr: 2355.2982108592987
754/1000 done, time: 9.48787784576416, etr: 2352.9937057495117
755/1000 done, time: 9.535167694091797, etr: 2355.186420440674
756/1000 done, time: 9.48938250541687, etr: 2334.38809633255
757/1000 done, time: 9.436726808547974, etr: 2311.9980680942535
758/1000 done, time: 9.476209878921509, etr: 2312.195210456848
759/1000 done, time: 9.726773738861084, etr: 2363.6060185432434
760/1000 done, time: 9.615368127822876, etr: 2326.919086933136
761/1000 done, time: 9.41200304031372, etr: 2268.2927327156067
762/1000 done, time: 9.4241623878479, etr: 2261.798973083496
763/1000 done, time: 9.411643505096436, etr: 2249.382797718048
764/1000 done, time: 9.362584829330444, etr: 2228.2951893806458
765/1000 done, time: 9.471374750137329, etr: 2244.715815782547
766/1000 done, time: 9.45685863494873, etr: 2231.8186378479004
767/1000 done, time: 9.525453805923462, etr: 2238.4816443920135
768/1000 done, time: 9.442513465881348, etr: 2209.5481510162354
769/1000 done, time: 9.463101625442505, etr: 2204.9026787281036
770/1000 done, time: 9.456547975540161, etr: 2193.9191303253174
771/1000 done, time: 9.637723922729492, etr: 2226.3142261505127
772/1000 done, time: 9.436028957366943, etr: 2170.286660194397
773/1000 done, time: 9.500541687011719, etr: 2175.6240463256836
774/1000 done, time: 9.549415111541748, etr: 2177.2666454315186
775/1000 done, time: 9.479773044586182, etr: 2151.9084811210632
776/1000 done, time: 9.426291465759277, etr: 2130.3418712615967
777/1000 done, time: 9.457851648330688, etr: 2128.016620874405
778/1000 done, time: 9.456926107406616, etr: 2118.351448059082
779/1000 done, time: 9.66231393814087, etr: 2154.696008205414
780/1000 done, time: 9.57174563407898, etr: 2124.9275307655334
781/1000 done, time: 9.43816351890564, etr: 2085.8341376781464
782/1000 done, time: 9.672826051712036, etr: 2128.021731376648
783/1000 done, time: 9.430737733840942, etr: 2065.3315637111664
784/1000 done, time: 9.460715770721436, etr: 2062.436038017273
785/1000 done, time: 9.634917497634888, etr: 2090.7770969867706
786/1000 done, time: 9.528125286102295, etr: 2058.0750617980957
787/1000 done, time: 9.355574369430542, etr: 2011.4484894275665
788/1000 done, time: 9.484243631362915, etr: 2029.6281371116638
789/1000 done, time: 9.37726354598999, etr: 1997.357135295868
790/1000 done, time: 9.546231031417847, etr: 2023.8009786605835
791/1000 done, time: 9.486149549484253, etr: 2001.5775549411774
792/1000 done, time: 9.750028371810913, etr: 2047.5059580802917
793/1000 done, time: 9.427284717559814, etr: 1970.3025059700012
794/1000 done, time: 9.44403624534607, etr: 1964.3595390319824
795/1000 done, time: 9.455097198486328, etr: 1957.20512008667
796/1000 done, time: 9.584439754486084, etr: 1974.3945894241333
797/1000 done, time: 9.482510805130005, etr: 1943.914715051651
798/1000 done, time: 9.679563045501709, etr: 1974.6308612823486
799/1000 done, time: 9.52396559715271, etr: 1933.3650162220001
800/1000 done, time: 9.550178527832031, etr: 1929.1360626220703
801/1000 done, time: 9.42792010307312, etr: 1895.0119407176971
802/1000 done, time: 9.366981744766235, etr: 1873.396348953247
803/1000 done, time: 9.51905632019043, etr: 1894.2922077178955
804/1000 done, time: 9.480712652206421, etr: 1877.1811051368713
805/1000 done, time: 9.457926034927368, etr: 1863.2114288806915
806/1000 done, time: 9.537436723709106, etr: 1869.3375978469849
807/1000 done, time: 9.42152214050293, etr: 1837.1968173980713
808/1000 done, time: 9.47645616531372, etr: 1838.4324960708618
809/1000 done, time: 9.677807092666626, etr: 1867.8167688846588
810/1000 done, time: 9.511401653289795, etr: 1826.1891174316406
811/1000 done, time: 9.495504379272461, etr: 1813.64133644104
812/1000 done, time: 9.334051132202148, etr: 1773.4697151184082
813/1000 done, time: 9.632994890213013, etr: 1820.6360342502594
814/1000 done, time: 9.555955648422241, etr: 1796.5196619033813
815/1000 done, time: 9.610722303390503, etr: 1797.205070734024
816/1000 done, time: 9.585507154464722, etr: 1782.9043307304382
817/1000 done, time: 9.760061979293823, etr: 1805.6114661693573
818/1000 done, time: 9.546188354492188, etr: 1756.4986572265625
819/1000 done, time: 9.761529684066772, etr: 1786.3599321842194
820/1000 done, time: 9.497957944869995, etr: 1728.628345966339
821/1000 done, time: 9.506241083145142, etr: 1720.6296360492706
822/1000 done, time: 9.504547595977783, etr: 1710.818567276001
823/1000 done, time: 9.53183913230896, etr: 1706.1992046833038
824/1000 done, time: 9.523898363113403, etr: 1695.2539086341858
825/1000 done, time: 9.383248567581177, etr: 1660.8349964618683
826/1000 done, time: 9.382606506347656, etr: 1651.3387451171875
827/1000 done, time: 9.333893299102783, etr: 1633.431327342987
828/1000 done, time: 9.392152786254883, etr: 1634.2345848083496
829/1000 done, time: 9.539872646331787, etr: 1650.3979678153992
830/1000 done, time: 9.471635818481445, etr: 1629.1213607788086
831/1000 done, time: 9.405780553817749, etr: 1608.388474702835
832/1000 done, time: 9.58741283416748, etr: 1629.8601818084717
833/1000 done, time: 9.520837545394897, etr: 1609.0215451717377
834/1000 done, time: 9.483324766159058, etr: 1593.1985607147217
835/1000 done, time: 9.691969394683838, etr: 1618.558888912201
836/1000 done, time: 9.656874418258667, etr: 1603.0411534309387
837/1000 done, time: 9.539125442504883, etr: 1573.9556980133057
838/1000 done, time: 9.365830659866333, etr: 1535.9962282180786
839/1000 done, time: 9.374659299850464, etr: 1528.0694658756256
840/1000 done, time: 9.462965250015259, etr: 1533.000370502472
841/1000 done, time: 9.394437074661255, etr: 1512.504369020462
842/1000 done, time: 9.4677152633667, etr: 1514.8344421386719
843/1000 done, time: 9.338483810424805, etr: 1484.818925857544
844/1000 done, time: 9.419856071472168, etr: 1488.3372592926025
845/1000 done, time: 9.473036289215088, etr: 1487.2666974067688
846/1000 done, time: 9.449129819869995, etr: 1474.0642518997192
847/1000 done, time: 9.390103340148926, etr: 1455.4660177230835
848/1000 done, time: 9.523682117462158, etr: 1466.6470460891724
849/1000 done, time: 9.479135513305664, etr: 1450.3077335357666
850/1000 done, time: 9.421172142028809, etr: 1432.018165588379
851/1000 done, time: 9.482091426849365, etr: 1431.7958054542542
852/1000 done, time: 9.441593885421753, etr: 1416.239082813263
853/1000 done, time: 9.369415760040283, etr: 1396.0429482460022
854/1000 done, time: 9.450962781906128, etr: 1398.742491722107
855/1000 done, time: 9.47617793083191, etr: 1392.9981558322906
856/1000 done, time: 9.459137439727783, etr: 1381.0340662002563
857/1000 done, time: 9.359483480453491, etr: 1357.1251046657562
858/1000 done, time: 9.462394952774048, etr: 1362.584873199463
859/1000 done, time: 9.663126945495605, etr: 1381.8271532058716
860/1000 done, time: 9.384829759597778, etr: 1332.6458258628845
861/1000 done, time: 9.554940700531006, etr: 1347.2466387748718
862/1000 done, time: 9.34593415260315, etr: 1308.430781364441
863/1000 done, time: 9.400005578994751, etr: 1306.6007754802704
864/1000 done, time: 9.503280639648438, etr: 1311.4527282714844
865/1000 done, time: 9.391072511672974, etr: 1286.5769340991974
866/1000 done, time: 9.318864345550537, etr: 1267.365550994873
867/1000 done, time: 9.413341760635376, etr: 1270.8011376857758
868/1000 done, time: 9.292232275009155, etr: 1245.1591248512268
869/1000 done, time: 9.510981321334839, etr: 1264.9605157375336
870/1000 done, time: 9.435467004776001, etr: 1245.4816446304321
871/1000 done, time: 9.366926670074463, etr: 1227.0673937797546
872/1000 done, time: 9.416391849517822, etr: 1224.130940437317
873/1000 done, time: 9.431835412979126, etr: 1216.7067682743073
874/1000 done, time: 9.565889835357666, etr: 1224.4338989257812
875/1000 done, time: 9.533695697784424, etr: 1210.7793536186218
876/1000 done, time: 9.405995607376099, etr: 1185.1554465293884
877/1000 done, time: 9.622366189956665, etr: 1202.7957737445831
878/1000 done, time: 9.361824989318848, etr: 1160.866298675537
879/1000 done, time: 9.571080207824707, etr: 1177.242865562439
880/1000 done, time: 9.569823265075684, etr: 1167.5184383392334
881/1000 done, time: 9.427300453186035, etr: 1140.7033548355103
882/1000 done, time: 9.505878210067749, etr: 1140.7053852081299
883/1000 done, time: 9.409836053848267, etr: 1119.7704904079437
884/1000 done, time: 9.357735395431519, etr: 1104.2127766609192
885/1000 done, time: 9.422643184661865, etr: 1102.4492526054382
886/1000 done, time: 9.462555408477783, etr: 1097.6564273834229
887/1000 done, time: 9.452810525894165, etr: 1087.073210477829
888/1000 done, time: 9.461578369140625, etr: 1078.6199340820312
889/1000 done, time: 9.342416286468506, etr: 1055.6930403709412
890/1000 done, time: 9.51239013671875, etr: 1065.3876953125
891/1000 done, time: 9.420686960220337, etr: 1045.6962525844574
892/1000 done, time: 9.389310359954834, etr: 1032.8241395950317
893/1000 done, time: 9.425798654556274, etr: 1027.412053346634
894/1000 done, time: 9.354700803756714, etr: 1010.3076868057251
895/1000 done, time: 9.365535020828247, etr: 1002.1122472286224
896/1000 done, time: 9.428141593933105, etr: 999.3830089569092
897/1000 done, time: 9.414702653884888, etr: 988.5437786579132
898/1000 done, time: 9.467426776885986, etr: 984.6123847961426
899/1000 done, time: 9.372148752212524, etr: 965.33132147789
900/1000 done, time: 9.436720132827759, etr: 962.5454535484314
901/1000 done, time: 9.43396520614624, etr: 952.8304858207703
902/1000 done, time: 9.45090651512146, etr: 945.090651512146
903/1000 done, time: 9.392811059951782, etr: 929.8882949352264
904/1000 done, time: 9.438676118850708, etr: 924.9902596473694
905/1000 done, time: 9.42613172531128, etr: 914.3347773551941
906/1000 done, time: 9.417186498641968, etr: 904.0499038696289
907/1000 done, time: 9.364027500152588, etr: 889.5826125144958
908/1000 done, time: 9.40848708152771, etr: 884.3977856636047
909/1000 done, time: 9.844175577163696, etr: 915.5083286762238
910/1000 done, time: 9.457952499389648, etr: 870.1316299438477
911/1000 done, time: 9.515912532806396, etr: 865.9480404853821
912/1000 done, time: 9.707133531570435, etr: 873.6420178413391
913/1000 done, time: 9.510883569717407, etr: 846.4686377048492
914/1000 done, time: 9.71665334701538, etr: 855.0654945373535
915/1000 done, time: 9.40311574935913, etr: 818.0710701942444
916/1000 done, time: 9.3090341091156, etr: 800.5769333839417
917/1000 done, time: 9.578065633773804, etr: 814.1355788707733
918/1000 done, time: 9.429855823516846, etr: 792.107889175415
919/1000 done, time: 9.464819192886353, etr: 785.5799930095673
920/1000 done, time: 9.382920265197754, etr: 769.3994617462158
921/1000 done, time: 9.386023044586182, etr: 760.2678666114807
922/1000 done, time: 9.524073123931885, etr: 761.9258499145508
923/1000 done, time: 9.433727025985718, etr: 745.2644350528717
924/1000 done, time: 9.458776950836182, etr: 737.7846021652222
925/1000 done, time: 9.607033014297485, etr: 739.7415421009064
926/1000 done, time: 9.375686883926392, etr: 712.5522031784058
927/1000 done, time: 9.44435715675354, etr: 708.3267867565155
928/1000 done, time: 9.40507984161377, etr: 695.975908279419
929/1000 done, time: 9.50220012664795, etr: 693.6606092453003
930/1000 done, time: 9.60779619216919, etr: 691.7613258361816
931/1000 done, time: 9.436911344528198, etr: 670.0207054615021
932/1000 done, time: 9.374745845794678, etr: 656.2322092056274
933/1000 done, time: 9.466308116912842, etr: 653.1752600669861
934/1000 done, time: 9.39171051979065, etr: 638.6363153457642
935/1000 done, time: 9.533716201782227, etr: 638.7589855194092
936/1000 done, time: 9.387832164764404, etr: 619.5969228744507
937/1000 done, time: 9.489935159683228, etr: 616.8457853794098
938/1000 done, time: 9.585234880447388, etr: 613.4550323486328
939/1000 done, time: 9.434547185897827, etr: 594.3764727115631
940/1000 done, time: 9.386383533477783, etr: 581.9557790756226
941/1000 done, time: 9.558050155639648, etr: 583.0410594940186
942/1000 done, time: 9.452044010162354, etr: 567.1226406097412
943/1000 done, time: 9.44980239868164, etr: 557.5383415222168
944/1000 done, time: 9.43524432182312, etr: 547.244170665741
945/1000 done, time: 9.43730878829956, etr: 537.926600933075
946/1000 done, time: 9.542413473129272, etr: 534.3751544952393
947/1000 done, time: 9.45560073852539, etr: 520.0580406188965
948/1000 done, time: 9.561516046524048, etr: 516.3218665122986
949/1000 done, time: 9.650640964508057, etr: 511.483971118927
950/1000 done, time: 9.605185747146606, etr: 499.46965885162354
951/1000 done, time: 9.477540254592896, etr: 483.35455298423767
952/1000 done, time: 9.57466197013855, etr: 478.7330985069275
953/1000 done, time: 9.502511501312256, etr: 465.62306356430054
954/1000 done, time: 9.460939645767212, etr: 454.1251029968262
955/1000 done, time: 9.343108415603638, etr: 439.126095533371
956/1000 done, time: 9.408146381378174, etr: 432.774733543396
957/1000 done, time: 9.338361501693726, etr: 420.22626757621765
958/1000 done, time: 9.399912118911743, etr: 413.5961332321167
959/1000 done, time: 9.773706197738647, etr: 420.26936650276184
960/1000 done, time: 9.435298204421997, etr: 396.2825245857239
961/1000 done, time: 9.434639692306519, etr: 386.82022738456726
962/1000 done, time: 9.52295970916748, etr: 380.9183883666992
963/1000 done, time: 9.468127012252808, etr: 369.2569534778595
964/1000 done, time: 9.526828050613403, etr: 362.0194659233093
965/1000 done, time: 9.426684856414795, etr: 348.7873396873474
966/1000 done, time: 9.350963592529297, etr: 336.6346893310547
967/1000 done, time: 9.628052234649658, etr: 336.98182821273804
968/1000 done, time: 9.510959386825562, etr: 323.3726191520691
969/1000 done, time: 9.56082797050476, etr: 315.5073230266571
970/1000 done, time: 9.49504804611206, etr: 303.84153747558594
971/1000 done, time: 9.343904972076416, etr: 289.6610541343689
972/1000 done, time: 9.437180519104004, etr: 283.1154155731201
973/1000 done, time: 9.528517246246338, etr: 276.3270001411438
974/1000 done, time: 9.458146095275879, etr: 264.8280906677246
975/1000 done, time: 9.567208766937256, etr: 258.3146367073059
976/1000 done, time: 9.530325651168823, etr: 247.7884669303894
977/1000 done, time: 9.54557991027832, etr: 238.639497756958
978/1000 done, time: 9.439558982849121, etr: 226.5494155883789
979/1000 done, time: 9.446512222290039, etr: 217.2697811126709
980/1000 done, time: 9.421035289764404, etr: 207.2627763748169
981/1000 done, time: 9.380226850509644, etr: 196.98476386070251
982/1000 done, time: 9.48375129699707, etr: 189.6750259399414
983/1000 done, time: 9.608241319656372, etr: 182.55658507347107
984/1000 done, time: 9.450042247772217, etr: 170.1007604598999
985/1000 done, time: 9.473965883255005, etr: 161.05742001533508
986/1000 done, time: 9.590091705322266, etr: 153.44146728515625
987/1000 done, time: 9.407599449157715, etr: 141.11399173736572
988/1000 done, time: 9.58155107498169, etr: 134.14171504974365
989/1000 done, time: 9.505214214324951, etr: 123.56778478622437
990/1000 done, time: 10.174743175506592, etr: 122.0969181060791
991/1000 done, time: 9.727532148361206, etr: 107.00285363197327
992/1000 done, time: 9.352797031402588, etr: 93.52797031402588
993/1000 done, time: 9.467310905456543, etr: 85.20579814910889
994/1000 done, time: 9.433878898620605, etr: 75.47103118896484
995/1000 done, time: 9.384246826171875, etr: 65.68972778320312
996/1000 done, time: 9.391924619674683, etr: 56.351547718048096
997/1000 done, time: 9.353236198425293, etr: 46.766180992126465
998/1000 done, time: 9.415565729141235, etr: 37.66226291656494
999/1000 done, time: 9.376049995422363, etr: 28.12814998626709
1000/1000 done, time: 9.38790249824524, etr: 18.77580499649048
line graphs generated
Args in experiment:
Namespace(activation='gelu', attn='prob', batch_size=32, c_out=870, checkpoints='./checkpoints/', cols=None, d_ff=2048, d_layers=1, d_model=512, data='sim_graph', data_path='lg_n30_t1000.csv', dec_in=3570, des='lg_n30_t1000_test', detail_freq='d', device_ids=[0, 1, 2, 3], devices='0,1,2,3', distil=True, do_predict=False, dropout=0.05, e_layers=2, embed='timeF', enc_in=3570, factor=5, features='M', freq='d', gpu=0, inverse=False, itr=2, label_len=48, learning_rate=0.0001, loss='mse', lradj='type1', m_true_len=870, mix=True, model='informer', n_heads=8, num_workers=0, output_attention=False, padding=0, patience=3, pred_len=24, root_path='./data/', s_layers=[3, 2, 1], seq_len=96, target='none', train_epochs=6, use_amp=False, use_gpu=True, use_multi_gpu=True)
Use GPU: cuda:0
>>>>>>>start training : informer_sim_graph_ftM_sl96_ll48_pl24_dm512_nh8_el2_dl1_df2048_atprob_fc5_ebtimeF_dtTrue_mxTrue_lg_n30_t1000_test_0>>>>>>>>>>>>>>>>>>>>>>>>>>
features M
train 581
features M
val 77
features M
test 177
Epoch: 1 cost time: 11.874931335449219
Epoch: 1, Steps: 18 | Train Loss: 0.4970873 Vali Loss: 0.3668608 Test Loss: 0.3681003
Validation loss decreased (inf --> 0.366861).  Saving model ...
Updating learning rate to 0.0001
Epoch: 2 cost time: 5.471514463424683
Epoch: 2, Steps: 18 | Train Loss: 0.3334420 Vali Loss: 0.2748656 Test Loss: 0.2748357
Validation loss decreased (0.366861 --> 0.274866).  Saving model ...
Updating learning rate to 5e-05
Epoch: 3 cost time: 5.44030237197876
Epoch: 3, Steps: 18 | Train Loss: 0.2744307 Vali Loss: 0.2507841 Test Loss: 0.2546491
Validation loss decreased (0.274866 --> 0.250784).  Saving model ...
Updating learning rate to 2.5e-05
Epoch: 4 cost time: 5.44568657875061
Epoch: 4, Steps: 18 | Train Loss: 0.2569850 Vali Loss: 0.2360981 Test Loss: 0.2368804
Validation loss decreased (0.250784 --> 0.236098).  Saving model ...
Updating learning rate to 1.25e-05
Epoch: 5 cost time: 5.516596555709839
Epoch: 5, Steps: 18 | Train Loss: 0.2454301 Vali Loss: 0.2257862 Test Loss: 0.2253527
Validation loss decreased (0.236098 --> 0.225786).  Saving model ...
Updating learning rate to 6.25e-06
Epoch: 6 cost time: 5.452303409576416
Epoch: 6, Steps: 18 | Train Loss: 0.2352918 Vali Loss: 0.2161340 Test Loss: 0.2182120
Validation loss decreased (0.225786 --> 0.216134).  Saving model ...
Updating learning rate to 3.125e-06
>>>>>>>testing : informer_sim_graph_ftM_sl96_ll48_pl24_dm512_nh8_el2_dl1_df2048_atprob_fc5_ebtimeF_dtTrue_mxTrue_lg_n30_t1000_test_0<<<<<<<<<<<<<<<<<<<<<<<<<<<<<<<<<
features M
test 177
test shape: (5, 32, 24, 870) (5, 32, 24, 870)
test shape: (160, 24, 870) (160, 24, 870)
mse:0.21724246442317963, mae:0.27655693888664246
Use GPU: cuda:0
>>>>>>>start training : informer_sim_graph_ftM_sl96_ll48_pl24_dm512_nh8_el2_dl1_df2048_atprob_fc5_ebtimeF_dtTrue_mxTrue_lg_n30_t1000_test_1>>>>>>>>>>>>>>>>>>>>>>>>>>
features M
train 581
features M
val 77
features M
test 177
Epoch: 1 cost time: 4.994557857513428
Epoch: 1, Steps: 18 | Train Loss: 0.4977055 Vali Loss: 0.3695571 Test Loss: 0.3695044
Validation loss decreased (inf --> 0.369557).  Saving model ...
Updating learning rate to 0.0001
Epoch: 2 cost time: 4.878007888793945
Epoch: 2, Steps: 18 | Train Loss: 0.3301148 Vali Loss: 0.2749382 Test Loss: 0.2730739
Validation loss decreased (0.369557 --> 0.274938).  Saving model ...
Updating learning rate to 5e-05
Epoch: 3 cost time: 4.829135894775391
Epoch: 3, Steps: 18 | Train Loss: 0.2704760 Vali Loss: 0.2445039 Test Loss: 0.2448267
Validation loss decreased (0.274938 --> 0.244504).  Saving model ...
Updating learning rate to 2.5e-05
Epoch: 4 cost time: 4.89128851890564
Epoch: 4, Steps: 18 | Train Loss: 0.2518128 Vali Loss: 0.2371001 Test Loss: 0.2349238
Validation loss decreased (0.244504 --> 0.237100).  Saving model ...
Updating learning rate to 1.25e-05
Epoch: 5 cost time: 4.829482316970825
Epoch: 5, Steps: 18 | Train Loss: 0.2417156 Vali Loss: 0.2261725 Test Loss: 0.2242288
Validation loss decreased (0.237100 --> 0.226173).  Saving model ...
Updating learning rate to 6.25e-06
Epoch: 6 cost time: 4.823155641555786
Epoch: 6, Steps: 18 | Train Loss: 0.2339322 Vali Loss: 0.2189158 Test Loss: 0.2192452
Validation loss decreased (0.226173 --> 0.218916).  Saving model ...
Updating learning rate to 3.125e-06
>>>>>>>testing : informer_sim_graph_ftM_sl96_ll48_pl24_dm512_nh8_el2_dl1_df2048_atprob_fc5_ebtimeF_dtTrue_mxTrue_lg_n30_t1000_test_1<<<<<<<<<<<<<<<<<<<<<<<<<<<<<<<<<
features M
test 177
test shape: (5, 32, 24, 870) (5, 32, 24, 870)
test shape: (160, 24, 870) (160, 24, 870)
mse:0.21837164461612701, mae:0.2712949812412262
