WARNING: you may need to modify /home/isaacwp/.config/docker/daemon.json to
pull images; see
https://github.com/docker/for-linux/issues/1172#issuecomment-771929216 
Args: Type=simulation, NumNodes=100 TimeSteps=1000, LineGraphPartitioning=true, Alpha=.4, Permute=true
Running training with line graph partitions
Simulated, permuted, line graph file exists, skipping file generation...
Args in experiment:
Namespace(activation='gelu', attn='prob', batch_size=32, c_out=10000, checkpoints='./checkpoints/', cols=None, d_ff=2048, d_layers=1, d_model=512, data='sim_graph', data_path='lg_p_n100_t1000.csv', dec_in=40000, des='lg_p_n100_t1000_test', detail_freq='d', device_ids=[0, 1, 2, 3], devices='0,1,2,3', distil=True, do_predict=False, dropout=0.05, e_layers=2, embed='timeF', enc_in=40000, factor=5, features='M', freq='d', gpu=0, inverse=False, itr=2, label_len=48, learning_rate=0.0001, loss='mse', lradj='type1', m_true_len=10000, mix=True, model='informer', n_heads=8, num_workers=0, output_attention=False, padding=0, patience=3, pred_len=24, root_path='./data/', s_layers=[3, 2, 1], seq_len=96, target='none', train_epochs=6, use_amp=False, use_gpu=True, use_multi_gpu=True)
Use GPU: cuda:0
>>>>>>>start training : informer_sim_graph_ftM_sl96_ll48_pl24_dm512_nh8_el2_dl1_df2048_atprob_fc5_ebtimeF_dtTrue_mxTrue_lg_p_n100_t1000_test_0>>>>>>>>>>>>>>>>>>>>>>>>>>
features M
train 581
features M
val 77
features M
test 177
Epoch: 1 cost time: 77.59971904754639
Epoch: 1, Steps: 18 | Train Loss: 0.5664234 Vali Loss: 0.4674677 Test Loss: 0.4155396
Validation loss decreased (inf --> 0.467468).  Saving model ...
Updating learning rate to 0.0001
Epoch: 2 cost time: 71.298992395401
Epoch: 2, Steps: 18 | Train Loss: 0.3988803 Vali Loss: 0.3743180 Test Loss: 0.3591249
Validation loss decreased (0.467468 --> 0.374318).  Saving model ...
Updating learning rate to 5e-05
Epoch: 3 cost time: 71.22558116912842
Epoch: 3, Steps: 18 | Train Loss: 0.3438606 Vali Loss: 0.3411963 Test Loss: 0.3108831
Validation loss decreased (0.374318 --> 0.341196).  Saving model ...
Updating learning rate to 2.5e-05
Epoch: 4 cost time: 71.3202440738678
Epoch: 4, Steps: 18 | Train Loss: 0.2961676 Vali Loss: 0.3237031 Test Loss: 0.2819054
Validation loss decreased (0.341196 --> 0.323703).  Saving model ...
Updating learning rate to 1.25e-05
Epoch: 5 cost time: 71.36212348937988
Epoch: 5, Steps: 18 | Train Loss: 0.2747626 Vali Loss: 0.3066339 Test Loss: 0.2706082
Validation loss decreased (0.323703 --> 0.306634).  Saving model ...
Updating learning rate to 6.25e-06
Epoch: 6 cost time: 71.44637036323547
Epoch: 6, Steps: 18 | Train Loss: 0.2654679 Vali Loss: 0.3157477 Test Loss: 0.2689037
EarlyStopping counter: 1 out of 3
Updating learning rate to 3.125e-06
>>>>>>>testing : informer_sim_graph_ftM_sl96_ll48_pl24_dm512_nh8_el2_dl1_df2048_atprob_fc5_ebtimeF_dtTrue_mxTrue_lg_p_n100_t1000_test_0<<<<<<<<<<<<<<<<<<<<<<<<<<<<<<<<<
features M
test 177
test shape: (5, 32, 24, 10000) (5, 32, 24, 10000)
test shape: (160, 24, 10000) (160, 24, 10000)
mse:0.26976680755615234, mae:0.3080196678638458
Use GPU: cuda:0
>>>>>>>start training : informer_sim_graph_ftM_sl96_ll48_pl24_dm512_nh8_el2_dl1_df2048_atprob_fc5_ebtimeF_dtTrue_mxTrue_lg_p_n100_t1000_test_1>>>>>>>>>>>>>>>>>>>>>>>>>>
features M
train 581
features M
val 77
features M
test 177
Epoch: 1 cost time: 69.48762726783752
Epoch: 1, Steps: 18 | Train Loss: 0.5498520 Vali Loss: 0.5414530 Test Loss: 0.4112140
Validation loss decreased (inf --> 0.541453).  Saving model ...
Updating learning rate to 0.0001
Epoch: 2 cost time: 68.9646110534668
Epoch: 2, Steps: 18 | Train Loss: 0.4023248 Vali Loss: 0.4302208 Test Loss: 0.3735577
Validation loss decreased (0.541453 --> 0.430221).  Saving model ...
Updating learning rate to 5e-05
Epoch: 3 cost time: 70.15110373497009
Epoch: 3, Steps: 18 | Train Loss: 0.3631356 Vali Loss: 0.4349212 Test Loss: 0.3412137
EarlyStopping counter: 1 out of 3
Updating learning rate to 2.5e-05
Epoch: 4 cost time: 69.3443648815155
Epoch: 4, Steps: 18 | Train Loss: 0.3264767 Vali Loss: 0.4315817 Test Loss: 0.3208176
EarlyStopping counter: 2 out of 3
Updating learning rate to 1.25e-05
Epoch: 5 cost time: 70.19367456436157
Epoch: 5, Steps: 18 | Train Loss: 0.3091807 Vali Loss: 0.4220254 Test Loss: 0.3106741
Validation loss decreased (0.430221 --> 0.422025).  Saving model ...
Updating learning rate to 6.25e-06
Epoch: 6 cost time: 69.7183985710144
Epoch: 6, Steps: 18 | Train Loss: 0.2999303 Vali Loss: 0.4202170 Test Loss: 0.3077292
Validation loss decreased (0.422025 --> 0.420217).  Saving model ...
Updating learning rate to 3.125e-06
>>>>>>>testing : informer_sim_graph_ftM_sl96_ll48_pl24_dm512_nh8_el2_dl1_df2048_atprob_fc5_ebtimeF_dtTrue_mxTrue_lg_p_n100_t1000_test_1<<<<<<<<<<<<<<<<<<<<<<<<<<<<<<<<<
features M
test 177
test shape: (5, 32, 24, 10000) (5, 32, 24, 10000)
test shape: (160, 24, 10000) (160, 24, 10000)
mse:0.3073844611644745, mae:0.33959922194480896
