usage: main_informer.py [-h] --model MODEL --data DATA [--root_path ROOT_PATH]
                        [--data_path DATA_PATH] [--features FEATURES]
                        [--target TARGET] [--freq FREQ]
                        [--checkpoints CHECKPOINTS] [--seq_len SEQ_LEN]
                        [--label_len LABEL_LEN] [--pred_len PRED_LEN]
                        [--enc_in ENC_IN] [--dec_in DEC_IN] [--c_out C_OUT]
                        [--d_model D_MODEL] [--n_heads N_HEADS]
                        [--e_layers E_LAYERS] [--d_layers D_LAYERS]
                        [--s_layers S_LAYERS] [--d_ff D_FF] [--factor FACTOR]
                        [--padding PADDING] [--distil] [--dropout DROPOUT]
                        [--attn ATTN] [--embed EMBED]
                        [--activation ACTIVATION] [--output_attention]
                        [--do_predict] [--mix] [--cols COLS [COLS ...]]
                        [--num_workers NUM_WORKERS] [--itr ITR]
                        [--train_epochs TRAIN_EPOCHS]
                        [--batch_size BATCH_SIZE] [--patience PATIENCE]
                        [--learning_rate LEARNING_RATE] [--des DES]
                        [--loss LOSS] [--lradj LRADJ] [--use_amp] [--inverse]
                        [--use_gpu USE_GPU] [--gpu GPU] [--use_multi_gpu]
                        [--devices DEVICES]
main_informer.py: error: argument --use_gpu: expected one argument
