Running training with original data
Simulated graph file doesn't exist, generating file...
Generating graph data
Graphs generated, time: 11.889931678771973
Args in experiment:
Namespace(activation='gelu', attn='prob', batch_size=32, c_out=10000, checkpoints='./checkpoints/', cols=None, d_ff=2048, d_layers=1, d_model=512, data='sim_graph', data_path='g_n100_t1000.csv', dec_in=10000, des='g_n100_t1000_test', detail_freq='d', device_ids=[0, 1, 2, 3], devices='0,1,2,3', distil=True, do_predict=False, dropout=0.05, e_layers=2, embed='timeF', enc_in=10000, factor=5, features='M', freq='d', gpu=0, inverse=False, itr=2, label_len=48, learning_rate=0.0001, loss='mse', lradj='type1', m_true_len=10000, mix=True, model='informer', n_heads=8, num_workers=0, output_attention=False, padding=0, patience=3, pred_len=24, root_path='./data/', s_layers=[3, 2, 1], seq_len=96, target='none', train_epochs=6, use_amp=False, use_gpu=True, use_multi_gpu=True)
Use GPU: cuda:0
>>>>>>>start training : informer_sim_graph_ftM_sl96_ll48_pl24_dm512_nh8_el2_dl1_df2048_atprob_fc5_ebtimeF_dtTrue_mxTrue_g_n100_t1000_test_0>>>>>>>>>>>>>>>>>>>>>>>>>>
features M
train 581
features M
val 77
features M
test 177
Epoch: 1 cost time: 23.793657302856445
Epoch: 1, Steps: 18 | Train Loss: 0.5547504 Vali Loss: 0.4189446 Test Loss: 0.4193839
Validation loss decreased (inf --> 0.418945).  Saving model ...
Updating learning rate to 0.0001
Epoch: 2 cost time: 17.802286863327026
Epoch: 2, Steps: 18 | Train Loss: 0.4069656 Vali Loss: 0.3753761 Test Loss: 0.3754837
Validation loss decreased (0.418945 --> 0.375376).  Saving model ...
Updating learning rate to 5e-05
Epoch: 3 cost time: 17.79291796684265
Epoch: 3, Steps: 18 | Train Loss: 0.3634181 Vali Loss: 0.3244650 Test Loss: 0.3261042
Validation loss decreased (0.375376 --> 0.324465).  Saving model ...
Updating learning rate to 2.5e-05
Epoch: 4 cost time: 17.833076238632202
Epoch: 4, Steps: 18 | Train Loss: 0.3191729 Vali Loss: 0.2918100 Test Loss: 0.2918037
Validation loss decreased (0.324465 --> 0.291810).  Saving model ...
Updating learning rate to 1.25e-05
Epoch: 5 cost time: 17.78044557571411
Epoch: 5, Steps: 18 | Train Loss: 0.2925170 Vali Loss: 0.2698361 Test Loss: 0.2733476
Validation loss decreased (0.291810 --> 0.269836).  Saving model ...
Updating learning rate to 6.25e-06
Epoch: 6 cost time: 17.096586227416992
Epoch: 6, Steps: 18 | Train Loss: 0.2785966 Vali Loss: 0.2648564 Test Loss: 0.2627593
Validation loss decreased (0.269836 --> 0.264856).  Saving model ...
Updating learning rate to 3.125e-06
>>>>>>>testing : informer_sim_graph_ftM_sl96_ll48_pl24_dm512_nh8_el2_dl1_df2048_atprob_fc5_ebtimeF_dtTrue_mxTrue_g_n100_t1000_test_0<<<<<<<<<<<<<<<<<<<<<<<<<<<<<<<<<
features M
test 177
test shape: (5, 32, 24, 10000) (5, 32, 24, 10000)
test shape: (160, 24, 10000) (160, 24, 10000)
mse:0.2624701261520386, mae:0.31454432010650635
Use GPU: cuda:0
>>>>>>>start training : informer_sim_graph_ftM_sl96_ll48_pl24_dm512_nh8_el2_dl1_df2048_atprob_fc5_ebtimeF_dtTrue_mxTrue_g_n100_t1000_test_1>>>>>>>>>>>>>>>>>>>>>>>>>>
features M
train 581
features M
val 77
features M
test 177
Epoch: 1 cost time: 16.78370213508606
Epoch: 1, Steps: 18 | Train Loss: 0.5634618 Vali Loss: 0.4184676 Test Loss: 0.4180650
Validation loss decreased (inf --> 0.418468).  Saving model ...
Updating learning rate to 0.0001
Epoch: 2 cost time: 16.71021032333374
Epoch: 2, Steps: 18 | Train Loss: 0.3997254 Vali Loss: 0.3605198 Test Loss: 0.3602068
Validation loss decreased (0.418468 --> 0.360520).  Saving model ...
Updating learning rate to 5e-05
Epoch: 3 cost time: 16.773435354232788
Epoch: 3, Steps: 18 | Train Loss: 0.3412765 Vali Loss: 0.2993412 Test Loss: 0.2994446
Validation loss decreased (0.360520 --> 0.299341).  Saving model ...
Updating learning rate to 2.5e-05
Epoch: 4 cost time: 16.738813400268555
Epoch: 4, Steps: 18 | Train Loss: 0.2946410 Vali Loss: 0.2644979 Test Loss: 0.2680946
Validation loss decreased (0.299341 --> 0.264498).  Saving model ...
Updating learning rate to 1.25e-05
Epoch: 5 cost time: 16.811826944351196
Epoch: 5, Steps: 18 | Train Loss: 0.2702472 Vali Loss: 0.2570092 Test Loss: 0.2512074
Validation loss decreased (0.264498 --> 0.257009).  Saving model ...
Updating learning rate to 6.25e-06
Epoch: 6 cost time: 17.54855251312256
Epoch: 6, Steps: 18 | Train Loss: 0.2601818 Vali Loss: 0.2424653 Test Loss: 0.2448489
Validation loss decreased (0.257009 --> 0.242465).  Saving model ...
Updating learning rate to 3.125e-06
>>>>>>>testing : informer_sim_graph_ftM_sl96_ll48_pl24_dm512_nh8_el2_dl1_df2048_atprob_fc5_ebtimeF_dtTrue_mxTrue_g_n100_t1000_test_1<<<<<<<<<<<<<<<<<<<<<<<<<<<<<<<<<
features M
test 177
test shape: (5, 32, 24, 10000) (5, 32, 24, 10000)
test shape: (160, 24, 10000) (160, 24, 10000)
mse:0.24270890653133392, mae:0.29584643244743347
