Running training with line graph partitions
Simulated graph file doesn't exist, generating file...
Generating graph data
Graphs generated, time: 250.28500485420227
Args in experiment:
Namespace(activation='gelu', attn='prob', batch_size=32, c_out=10000, checkpoints='./checkpoints/', cols=None, d_ff=2048, d_layers=1, d_model=512, data='sim_graph', data_path='lg_n100_t1000.csv', dec_in=40000, des='lg_n100_t1000_test', detail_freq='d', device_ids=[0, 1, 2, 3], devices='0,1,2,3', distil=True, do_predict=False, dropout=0.05, e_layers=2, embed='timeF', enc_in=40000, factor=5, features='M', freq='d', gpu=0, inverse=False, itr=2, label_len=48, learning_rate=0.0001, loss='mse', lradj='type1', m_true_len=10000, mix=True, model='informer', n_heads=8, num_workers=0, output_attention=False, padding=0, patience=3, pred_len=24, root_path='./data/', s_layers=[3, 2, 1], seq_len=96, target='none', train_epochs=6, use_amp=False, use_gpu=True, use_multi_gpu=True)
Use GPU: cuda:0
>>>>>>>start training : informer_sim_graph_ftM_sl96_ll48_pl24_dm512_nh8_el2_dl1_df2048_atprob_fc5_ebtimeF_dtTrue_mxTrue_lg_n100_t1000_test_0>>>>>>>>>>>>>>>>>>>>>>>>>>
features M
train 581
features M
val 77
features M
test 177
Epoch: 1 cost time: 79.46631193161011
Epoch: 1, Steps: 18 | Train Loss: 0.5698494 Vali Loss: 0.3895486 Test Loss: 0.3894953
Validation loss decreased (inf --> 0.389549).  Saving model ...
Updating learning rate to 0.0001
Epoch: 2 cost time: 72.41856646537781
Epoch: 2, Steps: 18 | Train Loss: 0.3364093 Vali Loss: 0.2890701 Test Loss: 0.2830948
Validation loss decreased (0.389549 --> 0.289070).  Saving model ...
Updating learning rate to 5e-05
Epoch: 3 cost time: 70.63788628578186
Epoch: 3, Steps: 18 | Train Loss: 0.2816338 Vali Loss: 0.2555214 Test Loss: 0.2545226
Validation loss decreased (0.289070 --> 0.255521).  Saving model ...
Updating learning rate to 2.5e-05
Epoch: 4 cost time: 70.4846978187561
Epoch: 4, Steps: 18 | Train Loss: 0.2618613 Vali Loss: 0.2440926 Test Loss: 0.2438683
Validation loss decreased (0.255521 --> 0.244093).  Saving model ...
Updating learning rate to 1.25e-05
Epoch: 5 cost time: 71.03824400901794
Epoch: 5, Steps: 18 | Train Loss: 0.2533479 Vali Loss: 0.2325231 Test Loss: 0.2341731
Validation loss decreased (0.244093 --> 0.232523).  Saving model ...
Updating learning rate to 6.25e-06
Epoch: 6 cost time: 70.92381596565247
Epoch: 6, Steps: 18 | Train Loss: 0.2456815 Vali Loss: 0.2277137 Test Loss: 0.2296448
Validation loss decreased (0.232523 --> 0.227714).  Saving model ...
Updating learning rate to 3.125e-06
>>>>>>>testing : informer_sim_graph_ftM_sl96_ll48_pl24_dm512_nh8_el2_dl1_df2048_atprob_fc5_ebtimeF_dtTrue_mxTrue_lg_n100_t1000_test_0<<<<<<<<<<<<<<<<<<<<<<<<<<<<<<<<<
features M
test 177
test shape: (5, 32, 24, 10000) (5, 32, 24, 10000)
test shape: (160, 24, 10000) (160, 24, 10000)
mse:0.22942161560058594, mae:0.2750999629497528
Use GPU: cuda:0
>>>>>>>start training : informer_sim_graph_ftM_sl96_ll48_pl24_dm512_nh8_el2_dl1_df2048_atprob_fc5_ebtimeF_dtTrue_mxTrue_lg_n100_t1000_test_1>>>>>>>>>>>>>>>>>>>>>>>>>>
features M
train 581
features M
val 77
features M
test 177
Epoch: 1 cost time: 69.4519202709198
Epoch: 1, Steps: 18 | Train Loss: 0.5681536 Vali Loss: 0.3905714 Test Loss: 0.3913249
Validation loss decreased (inf --> 0.390571).  Saving model ...
Updating learning rate to 0.0001
Epoch: 2 cost time: 70.24317860603333
Epoch: 2, Steps: 18 | Train Loss: 0.3420302 Vali Loss: 0.2829379 Test Loss: 0.2811018
Validation loss decreased (0.390571 --> 0.282938).  Saving model ...
Updating learning rate to 5e-05
Epoch: 3 cost time: 69.29682111740112
Epoch: 3, Steps: 18 | Train Loss: 0.2713060 Vali Loss: 0.2432649 Test Loss: 0.2417330
Validation loss decreased (0.282938 --> 0.243265).  Saving model ...
Updating learning rate to 2.5e-05
Epoch: 4 cost time: 70.8770854473114
Epoch: 4, Steps: 18 | Train Loss: 0.2470621 Vali Loss: 0.2214360 Test Loss: 0.2207125
Validation loss decreased (0.243265 --> 0.221436).  Saving model ...
Updating learning rate to 1.25e-05
Epoch: 5 cost time: 69.42429542541504
Epoch: 5, Steps: 18 | Train Loss: 0.2342939 Vali Loss: 0.2096584 Test Loss: 0.2086973
Validation loss decreased (0.221436 --> 0.209658).  Saving model ...
Updating learning rate to 6.25e-06
Epoch: 6 cost time: 68.93884634971619
Epoch: 6, Steps: 18 | Train Loss: 0.2233573 Vali Loss: 0.2045998 Test Loss: 0.2012006
Validation loss decreased (0.209658 --> 0.204600).  Saving model ...
Updating learning rate to 3.125e-06
>>>>>>>testing : informer_sim_graph_ftM_sl96_ll48_pl24_dm512_nh8_el2_dl1_df2048_atprob_fc5_ebtimeF_dtTrue_mxTrue_lg_n100_t1000_test_1<<<<<<<<<<<<<<<<<<<<<<<<<<<<<<<<<
features M
test 177
test shape: (5, 32, 24, 10000) (5, 32, 24, 10000)
test shape: (160, 24, 10000) (160, 24, 10000)
mse:0.20301534235477448, mae:0.26418349146842957
