WARNING: you may need to modify /home/isaacwp/.config/docker/daemon.json to
pull images; see
https://github.com/docker/for-linux/issues/1172#issuecomment-771929216 
Preparing custom data... 
Args: Type=custom, Datapath=./data/tomato.csv, LineGraphPartitioning=false, NumNodes=238
Running custom data without line graph partitioning
Generating prepared file for custom data
2520410.636
0.0
Args in experiment:
Namespace(activation='gelu', attn='prob', batch_size=1, c_out=56644, checkpoints='./checkpoints/', cols=None, d_ff=2048, d_layers=1, d_model=512, data='custom', data_path='tomato_prepared.csv', dec_in=56644, des='tomato', detail_freq='d', device_ids=[0, 1, 2, 3], devices='0,1,2,3', distil=True, do_predict=False, dropout=0.05, e_layers=2, embed='timeF', enc_in=56644, factor=5, features='M', freq='d', gpu=0, inverse=False, itr=2, label_len=2, learning_rate=0.0001, loss='mse', lradj='type1', m_true_len=56644, mix=True, model='informer', n_heads=8, num_workers=0, output_attention=False, padding=0, patience=3, pred_len=1, root_path='./data/', s_layers=[3, 2, 1], seq_len=6, target='none', train_epochs=6, use_amp=False, use_gpu=True, use_multi_gpu=True)
Use GPU: cuda:0
>>>>>>>start training : informer_custom_ftM_sl6_ll2_pl1_dm512_nh8_el2_dl1_df2048_atprob_fc5_ebtimeF_dtTrue_mxTrue_tomato_0>>>>>>>>>>>>>>>>>>>>>>>>>>
features M
train 12
features M
val 3
features M
test 5
Epoch: 1 cost time: 1.5249600410461426
Epoch: 1, Steps: 12 | Train Loss: 0.7574622 Vali Loss: 0.7526281 Test Loss: 0.7739475
Validation loss decreased (inf --> 0.752628).  Saving model ...
Updating learning rate to 0.0001
Epoch: 2 cost time: 1.2637929916381836
Epoch: 2, Steps: 12 | Train Loss: 0.5255978 Vali Loss: 0.5986072 Test Loss: 0.6265576
Validation loss decreased (0.752628 --> 0.598607).  Saving model ...
Updating learning rate to 5e-05
Epoch: 3 cost time: 1.25455904006958
Epoch: 3, Steps: 12 | Train Loss: 0.4365467 Vali Loss: 0.5474754 Test Loss: 0.5793734
Validation loss decreased (0.598607 --> 0.547475).  Saving model ...
Updating learning rate to 2.5e-05
Epoch: 4 cost time: 1.2551581859588623
Epoch: 4, Steps: 12 | Train Loss: 0.4049410 Vali Loss: 0.5243561 Test Loss: 0.5575314
Validation loss decreased (0.547475 --> 0.524356).  Saving model ...
Updating learning rate to 1.25e-05
Epoch: 5 cost time: 1.2549333572387695
Epoch: 5, Steps: 12 | Train Loss: 0.3898682 Vali Loss: 0.5142141 Test Loss: 0.5480401
Validation loss decreased (0.524356 --> 0.514214).  Saving model ...
Updating learning rate to 6.25e-06
Epoch: 6 cost time: 1.255110740661621
Epoch: 6, Steps: 12 | Train Loss: 0.3828548 Vali Loss: 0.5089855 Test Loss: 0.5427745
Validation loss decreased (0.514214 --> 0.508985).  Saving model ...
Updating learning rate to 3.125e-06
>>>>>>>testing : informer_custom_ftM_sl6_ll2_pl1_dm512_nh8_el2_dl1_df2048_atprob_fc5_ebtimeF_dtTrue_mxTrue_tomato_0<<<<<<<<<<<<<<<<<<<<<<<<<<<<<<<<<
features M
test 5
test shape: (5, 1, 1, 56644) (5, 1, 1, 56644)
test shape: (5, 1, 56644) (5, 1, 56644)
mse:0.542774498462677, mae:0.21266740560531616
Use GPU: cuda:0
>>>>>>>start training : informer_custom_ftM_sl6_ll2_pl1_dm512_nh8_el2_dl1_df2048_atprob_fc5_ebtimeF_dtTrue_mxTrue_tomato_1>>>>>>>>>>>>>>>>>>>>>>>>>>
features M
train 12
features M
val 3
features M
test 5
Epoch: 1 cost time: 1.264655590057373
Epoch: 1, Steps: 12 | Train Loss: 0.7693572 Vali Loss: 0.7596092 Test Loss: 0.7826977
Validation loss decreased (inf --> 0.759609).  Saving model ...
Updating learning rate to 0.0001
Epoch: 2 cost time: 1.254941701889038
Epoch: 2, Steps: 12 | Train Loss: 0.5332668 Vali Loss: 0.6035371 Test Loss: 0.6332819
Validation loss decreased (0.759609 --> 0.603537).  Saving model ...
Updating learning rate to 5e-05
Epoch: 3 cost time: 1.2550392150878906
Epoch: 3, Steps: 12 | Train Loss: 0.4433766 Vali Loss: 0.5567827 Test Loss: 0.5891455
Validation loss decreased (0.603537 --> 0.556783).  Saving model ...
Updating learning rate to 2.5e-05
Epoch: 4 cost time: 1.254462718963623
Epoch: 4, Steps: 12 | Train Loss: 0.4112786 Vali Loss: 0.5346075 Test Loss: 0.5687376
Validation loss decreased (0.556783 --> 0.534607).  Saving model ...
Updating learning rate to 1.25e-05
Epoch: 5 cost time: 1.2556791305541992
Epoch: 5, Steps: 12 | Train Loss: 0.3956319 Vali Loss: 0.5245151 Test Loss: 0.5595547
Validation loss decreased (0.534607 --> 0.524515).  Saving model ...
Updating learning rate to 6.25e-06
Epoch: 6 cost time: 1.2577581405639648
Epoch: 6, Steps: 12 | Train Loss: 0.3887945 Vali Loss: 0.5204309 Test Loss: 0.5556307
Validation loss decreased (0.524515 --> 0.520431).  Saving model ...
Updating learning rate to 3.125e-06
>>>>>>>testing : informer_custom_ftM_sl6_ll2_pl1_dm512_nh8_el2_dl1_df2048_atprob_fc5_ebtimeF_dtTrue_mxTrue_tomato_1<<<<<<<<<<<<<<<<<<<<<<<<<<<<<<<<<
features M
test 5
test shape: (5, 1, 1, 56644) (5, 1, 1, 56644)
test shape: (5, 1, 56644) (5, 1, 56644)
mse:0.5556307435035706, mae:0.21880900859832764
