WARNING: you may need to modify /home/isaacwp/.config/docker/daemon.json to
pull images; see
https://github.com/docker/for-linux/issues/1172#issuecomment-771929216 
Preparing custom data... 
Args: Type=custom, Datapath=./data/tomato.csv, LineGraphPartitioning=true, NumNodes=238
Running custom data with line graph partitioning
Generating prepared file for custom data
2520410.636
0.0
Args in experiment:
Namespace(activation='gelu', attn='prob', batch_size=1, c_out=56644, checkpoints='./checkpoints/', cols=None, d_ff=2048, d_layers=1, d_model=512, data='custom', data_path='tomato_lg_prepared.csv', dec_in=226576, des='tomato', detail_freq='d', device_ids=[0, 1, 2, 3], devices='0,1,2,3', distil=True, do_predict=False, dropout=0.05, e_layers=2, embed='timeF', enc_in=226576, factor=5, features='M', freq='d', gpu=0, inverse=False, itr=2, label_len=2, learning_rate=0.0001, loss='mse', lradj='type1', m_true_len=56644, mix=True, model='informer', n_heads=8, num_workers=0, output_attention=False, padding=0, patience=3, pred_len=1, root_path='./data/', s_layers=[3, 2, 1], seq_len=6, target='none', train_epochs=6, use_amp=False, use_gpu=True, use_multi_gpu=True)
Use GPU: cuda:0
>>>>>>>start training : informer_custom_ftM_sl6_ll2_pl1_dm512_nh8_el2_dl1_df2048_atprob_fc5_ebtimeF_dtTrue_mxTrue_tomato_0>>>>>>>>>>>>>>>>>>>>>>>>>>
features M
train 12
features M
val 3
features M
test 5
Epoch: 1 cost time: 4.914072036743164
Epoch: 1, Steps: 12 | Train Loss: 0.7576484 Vali Loss: 0.7533925 Test Loss: 0.7742993
Validation loss decreased (inf --> 0.753393).  Saving model ...
Updating learning rate to 0.0001
Epoch: 2 cost time: 4.6419641971588135
Epoch: 2, Steps: 12 | Train Loss: 0.5204467 Vali Loss: 0.6018296 Test Loss: 0.6260515
Validation loss decreased (0.753393 --> 0.601830).  Saving model ...
Updating learning rate to 5e-05
Epoch: 3 cost time: 4.641080379486084
Epoch: 3, Steps: 12 | Train Loss: 0.4324267 Vali Loss: 0.5573005 Test Loss: 0.5827423
Validation loss decreased (0.601830 --> 0.557301).  Saving model ...
Updating learning rate to 2.5e-05
Epoch: 4 cost time: 4.660512924194336
Epoch: 4, Steps: 12 | Train Loss: 0.4000723 Vali Loss: 0.5390261 Test Loss: 0.5650774
Validation loss decreased (0.557301 --> 0.539026).  Saving model ...
Updating learning rate to 1.25e-05
Epoch: 5 cost time: 4.643108606338501
Epoch: 5, Steps: 12 | Train Loss: 0.3850327 Vali Loss: 0.5306084 Test Loss: 0.5570374
Validation loss decreased (0.539026 --> 0.530608).  Saving model ...
Updating learning rate to 6.25e-06
Epoch: 6 cost time: 4.641317844390869
Epoch: 6, Steps: 12 | Train Loss: 0.3789907 Vali Loss: 0.5200483 Test Loss: 0.5465417
Validation loss decreased (0.530608 --> 0.520048).  Saving model ...
Updating learning rate to 3.125e-06
>>>>>>>testing : informer_custom_ftM_sl6_ll2_pl1_dm512_nh8_el2_dl1_df2048_atprob_fc5_ebtimeF_dtTrue_mxTrue_tomato_0<<<<<<<<<<<<<<<<<<<<<<<<<<<<<<<<<
features M
test 5
test shape: (5, 1, 1, 56644) (5, 1, 1, 56644)
test shape: (5, 1, 56644) (5, 1, 56644)
mse:0.5465417504310608, mae:0.21998415887355804
Use GPU: cuda:0
>>>>>>>start training : informer_custom_ftM_sl6_ll2_pl1_dm512_nh8_el2_dl1_df2048_atprob_fc5_ebtimeF_dtTrue_mxTrue_tomato_1>>>>>>>>>>>>>>>>>>>>>>>>>>
features M
train 12
features M
val 3
features M
test 5
Epoch: 1 cost time: 4.64952540397644
Epoch: 1, Steps: 12 | Train Loss: 0.7611510 Vali Loss: 0.7477342 Test Loss: 0.7676109
Validation loss decreased (inf --> 0.747734).  Saving model ...
Updating learning rate to 0.0001
Epoch: 2 cost time: 4.666562080383301
Epoch: 2, Steps: 12 | Train Loss: 0.5235611 Vali Loss: 0.6005048 Test Loss: 0.6241900
Validation loss decreased (0.747734 --> 0.600505).  Saving model ...
Updating learning rate to 5e-05
Epoch: 3 cost time: 4.640630006790161
Epoch: 3, Steps: 12 | Train Loss: 0.4361872 Vali Loss: 0.5541489 Test Loss: 0.5796047
Validation loss decreased (0.600505 --> 0.554149).  Saving model ...
Updating learning rate to 2.5e-05
Epoch: 4 cost time: 4.645533561706543
Epoch: 4, Steps: 12 | Train Loss: 0.4045139 Vali Loss: 0.5332317 Test Loss: 0.5605819
Validation loss decreased (0.554149 --> 0.533232).  Saving model ...
Updating learning rate to 1.25e-05
Epoch: 5 cost time: 4.643168687820435
Epoch: 5, Steps: 12 | Train Loss: 0.3895850 Vali Loss: 0.5254477 Test Loss: 0.5543830
Validation loss decreased (0.533232 --> 0.525448).  Saving model ...
Updating learning rate to 6.25e-06
Epoch: 6 cost time: 4.651671409606934
Epoch: 6, Steps: 12 | Train Loss: 0.3826081 Vali Loss: 0.5223035 Test Loss: 0.5516468
Validation loss decreased (0.525448 --> 0.522304).  Saving model ...
Updating learning rate to 3.125e-06
>>>>>>>testing : informer_custom_ftM_sl6_ll2_pl1_dm512_nh8_el2_dl1_df2048_atprob_fc5_ebtimeF_dtTrue_mxTrue_tomato_1<<<<<<<<<<<<<<<<<<<<<<<<<<<<<<<<<
features M
test 5
test shape: (5, 1, 1, 56644) (5, 1, 1, 56644)
test shape: (5, 1, 56644) (5, 1, 56644)
mse:0.5516467690467834, mae:0.2292790561914444
